
lein test jepsen.system.elasticsearch-test
INFO  jepsen.os.debian - :n5 setting up debian
INFO  jepsen.os.debian - :n1 setting up debian
INFO  jepsen.os.debian - :n3 setting up debian
INFO  jepsen.os.debian - :n2 setting up debian
INFO  jepsen.os.debian - :n4 setting up debian
INFO  jepsen.os.debian - :n2 debian set up
INFO  jepsen.os.debian - :n3 debian set up
INFO  jepsen.os.debian - :n5 debian set up
INFO  jepsen.os.debian - :n4 debian set up
INFO  jepsen.os.debian - :n1 debian set up
INFO  jepsen.system.elasticsearch - :n4 elasticsearch nuked
INFO  jepsen.system.elasticsearch - :n5 elasticsearch nuked
INFO  jepsen.system.elasticsearch - :n3 elasticsearch nuked
INFO  jepsen.system.elasticsearch - :n1 elasticsearch nuked
INFO  jepsen.system.elasticsearch - :n2 elasticsearch nuked
INFO  jepsen.system.elasticsearch - :n4 configuring elasticsearch
INFO  jepsen.system.elasticsearch - :n5 configuring elasticsearch
INFO  jepsen.system.elasticsearch - :n3 configuring elasticsearch
INFO  jepsen.system.elasticsearch - :n1 configuring elasticsearch
INFO  jepsen.system.elasticsearch - :n2 configuring elasticsearch
INFO  jepsen.system.elasticsearch - :n5 starting elasticsearch
INFO  jepsen.system.elasticsearch - :n4 starting elasticsearch
INFO  jepsen.system.elasticsearch - :n1 starting elasticsearch
INFO  jepsen.system.elasticsearch - :n2 starting elasticsearch
INFO  jepsen.system.elasticsearch - :n3 starting elasticsearch
INFO  jepsen.system.elasticsearch - :n5 elasticsearch ready
INFO  jepsen.system.elasticsearch - :n3 elasticsearch ready
INFO  jepsen.system.elasticsearch - :n2 elasticsearch ready
INFO  jepsen.system.elasticsearch - :n4 elasticsearch ready
INFO  jepsen.system.elasticsearch - :n1 elasticsearch ready
INFO  jepsen.core - Worker 2 starting
INFO  jepsen.core - Worker 4 starting
INFO  jepsen.core - Worker 3 starting
INFO  jepsen.core - Worker 1 starting
INFO  jepsen.core - Worker 0 starting
INFO  jepsen.util - 3	:invoke	:add	0
INFO  jepsen.util - 2	:invoke	:add	1
INFO  jepsen.util - 1	:invoke	:add	2
INFO  jepsen.util - 4	:invoke	:add	3
INFO  jepsen.util - 0	:invoke	:add	4
INFO  jepsen.util - 1	:ok	:add	2
INFO  jepsen.util - 3	:ok	:add	0
INFO  jepsen.util - 2	:ok	:add	1
INFO  jepsen.util - 0	:ok	:add	4
INFO  jepsen.util - 4	:ok	:add	3
INFO  jepsen.util - 3	:invoke	:add	5
INFO  jepsen.util - 1	:invoke	:add	6
INFO  jepsen.util - 1	:ok	:add	6
INFO  jepsen.util - 2	:invoke	:add	7
INFO  jepsen.util - 4	:invoke	:add	8
INFO  jepsen.util - 3	:ok	:add	5
INFO  jepsen.util - 0	:invoke	:add	9
INFO  jepsen.util - 4	:ok	:add	8
INFO  jepsen.util - 2	:ok	:add	7
INFO  jepsen.util - 0	:ok	:add	9
INFO  jepsen.util - 3	:invoke	:add	10
INFO  jepsen.util - 3	:ok	:add	10
INFO  jepsen.util - 1	:invoke	:add	11
INFO  jepsen.util - 1	:ok	:add	11
INFO  jepsen.util - 4	:invoke	:add	12
INFO  jepsen.util - 4	:ok	:add	12
INFO  jepsen.util - 2	:invoke	:add	13
INFO  jepsen.util - 0	:invoke	:add	14
INFO  jepsen.util - 2	:ok	:add	13
INFO  jepsen.util - 0	:ok	:add	14
INFO  jepsen.util - 3	:invoke	:add	15
INFO  jepsen.util - 3	:ok	:add	15
INFO  jepsen.util - 1	:invoke	:add	16
INFO  jepsen.util - 1	:ok	:add	16
INFO  jepsen.util - 4	:invoke	:add	17
INFO  jepsen.util - 0	:invoke	:add	18
INFO  jepsen.util - 4	:ok	:add	17
INFO  jepsen.util - 0	:ok	:add	18
INFO  jepsen.util - 2	:invoke	:add	19
INFO  jepsen.util - 2	:ok	:add	19
INFO  jepsen.util - 3	:invoke	:add	20
INFO  jepsen.util - 1	:invoke	:add	21
INFO  jepsen.util - 3	:ok	:add	20
INFO  jepsen.util - 1	:ok	:add	21
INFO  jepsen.util - 0	:invoke	:add	22
INFO  jepsen.util - 0	:ok	:add	22
INFO  jepsen.util - 2	:invoke	:add	23
INFO  jepsen.util - 4	:invoke	:add	24
INFO  jepsen.util - 2	:ok	:add	23
INFO  jepsen.util - 4	:ok	:add	24
INFO  jepsen.util - 3	:invoke	:add	25
INFO  jepsen.util - 1	:invoke	:add	26
INFO  jepsen.util - 1	:ok	:add	26
INFO  jepsen.util - 3	:ok	:add	25
INFO  jepsen.util - 4	:invoke	:add	27
INFO  jepsen.util - 0	:invoke	:add	28
INFO  jepsen.util - 4	:ok	:add	27
INFO  jepsen.util - 0	:ok	:add	28
INFO  jepsen.util - 2	:invoke	:add	29
INFO  jepsen.util - 2	:ok	:add	29
INFO  jepsen.util - 1	:invoke	:add	30
INFO  jepsen.util - 3	:invoke	:add	31
INFO  jepsen.util - 1	:ok	:add	30
INFO  jepsen.util - 3	:ok	:add	31
INFO  jepsen.util - 4	:invoke	:add	32
INFO  jepsen.util - 0	:invoke	:add	33
INFO  jepsen.util - 0	:ok	:add	33
INFO  jepsen.util - 4	:ok	:add	32
INFO  jepsen.util - 2	:invoke	:add	34
INFO  jepsen.util - 2	:ok	:add	34
INFO  jepsen.util - 1	:invoke	:add	35
INFO  jepsen.util - 1	:ok	:add	35
INFO  jepsen.util - 3	:invoke	:add	36
INFO  jepsen.util - 3	:ok	:add	36
INFO  jepsen.util - 0	:invoke	:add	37
INFO  jepsen.util - 4	:invoke	:add	38
INFO  jepsen.util - 0	:ok	:add	37
INFO  jepsen.util - 4	:ok	:add	38
INFO  jepsen.util - 2	:invoke	:add	39
INFO  jepsen.util - 2	:ok	:add	39
INFO  jepsen.util - 1	:invoke	:add	40
INFO  jepsen.util - 1	:ok	:add	40
INFO  jepsen.util - 3	:invoke	:add	41
INFO  jepsen.util - 3	:ok	:add	41
INFO  jepsen.util - 0	:invoke	:add	42
INFO  jepsen.util - 0	:ok	:add	42
INFO  jepsen.util - 4	:invoke	:add	43
INFO  jepsen.util - 4	:ok	:add	43
INFO  jepsen.util - 2	:invoke	:add	44
INFO  jepsen.util - 2	:ok	:add	44
INFO  jepsen.util - 1	:invoke	:add	45
INFO  jepsen.util - 1	:ok	:add	45
INFO  jepsen.util - 3	:invoke	:add	46
INFO  jepsen.util - 4	:invoke	:add	47
INFO  jepsen.util - 0	:invoke	:add	48
INFO  jepsen.util - 3	:ok	:add	46
INFO  jepsen.util - 4	:ok	:add	47
INFO  jepsen.util - 0	:ok	:add	48
INFO  jepsen.util - 2	:invoke	:add	49
INFO  jepsen.util - 2	:ok	:add	49
INFO  jepsen.util - 1	:invoke	:add	50
INFO  jepsen.util - 1	:ok	:add	50
INFO  jepsen.util - 3	:invoke	:add	51
INFO  jepsen.util - 3	:ok	:add	51
INFO  jepsen.util - 0	:invoke	:add	52
INFO  jepsen.util - 0	:ok	:add	52
INFO  jepsen.util - 2	:invoke	:add	53
INFO  jepsen.util - 4	:invoke	:add	54
INFO  jepsen.util - 2	:ok	:add	53
INFO  jepsen.util - 4	:ok	:add	54
INFO  jepsen.util - 1	:invoke	:add	55
INFO  jepsen.util - 1	:ok	:add	55
INFO  jepsen.util - 0	:invoke	:add	56
INFO  jepsen.util - 3	:invoke	:add	57
INFO  jepsen.util - 0	:ok	:add	56
INFO  jepsen.util - 2	:invoke	:add	58
INFO  jepsen.util - 3	:ok	:add	57
INFO  jepsen.util - 4	:invoke	:add	59
INFO  jepsen.util - 2	:ok	:add	58
INFO  jepsen.util - 4	:ok	:add	59
INFO  jepsen.util - 1	:invoke	:add	60
INFO  jepsen.util - 1	:ok	:add	60
INFO  jepsen.util - 0	:invoke	:add	61
INFO  jepsen.util - 0	:ok	:add	61
INFO  jepsen.util - 3	:invoke	:add	62
INFO  jepsen.util - 3	:ok	:add	62
INFO  jepsen.util - 2	:invoke	:add	63
INFO  jepsen.util - 4	:invoke	:add	64
INFO  jepsen.util - 2	:ok	:add	63
INFO  jepsen.util - 4	:ok	:add	64
INFO  jepsen.util - 1	:invoke	:add	65
INFO  jepsen.util - 1	:ok	:add	65
INFO  jepsen.util - 0	:invoke	:add	66
INFO  jepsen.util - 0	:ok	:add	66
INFO  jepsen.util - 3	:invoke	:add	67
INFO  jepsen.util - 4	:invoke	:add	68
INFO  jepsen.util - 2	:invoke	:add	69
INFO  jepsen.util - 3	:ok	:add	67
INFO  jepsen.util - 4	:ok	:add	68
INFO  jepsen.util - 2	:ok	:add	69
INFO  jepsen.util - 1	:invoke	:add	70
INFO  jepsen.util - 1	:ok	:add	70
INFO  jepsen.util - 0	:invoke	:add	71
INFO  jepsen.util - 2	:invoke	:add	72
INFO  jepsen.util - 3	:invoke	:add	73
INFO  jepsen.util - 0	:ok	:add	71
INFO  jepsen.util - 4	:invoke	:add	74
INFO  jepsen.util - 3	:ok	:add	73
INFO  jepsen.util - 2	:ok	:add	72
INFO  jepsen.util - 4	:ok	:add	74
INFO  jepsen.util - 1	:invoke	:add	75
INFO  jepsen.util - 1	:ok	:add	75
INFO  jepsen.util - 3	:invoke	:add	76
INFO  jepsen.util - 0	:invoke	:add	77
INFO  jepsen.util - 3	:ok	:add	76
INFO  jepsen.util - 0	:ok	:add	77
INFO  jepsen.util - 4	:invoke	:add	78
INFO  jepsen.util - 2	:invoke	:add	79
INFO  jepsen.util - 4	:ok	:add	78
INFO  jepsen.util - 2	:ok	:add	79
INFO  jepsen.util - 1	:invoke	:add	80
INFO  jepsen.util - 3	:invoke	:add	81
INFO  jepsen.util - 1	:ok	:add	80
INFO  jepsen.util - 3	:ok	:add	81
INFO  jepsen.util - 0	:invoke	:add	82
INFO  jepsen.util - 2	:invoke	:add	83
INFO  jepsen.util - 4	:invoke	:add	84
INFO  jepsen.util - 4	:ok	:add	84
INFO  jepsen.util - 0	:ok	:add	82
INFO  jepsen.util - 2	:ok	:add	83
INFO  jepsen.util - 1	:invoke	:add	85
INFO  jepsen.util - 3	:invoke	:add	86
INFO  jepsen.util - 1	:ok	:add	85
INFO  jepsen.util - 3	:ok	:add	86
INFO  jepsen.util - 0	:invoke	:add	87
INFO  jepsen.util - 0	:ok	:add	87
INFO  jepsen.util - 2	:invoke	:add	88
INFO  jepsen.util - 4	:invoke	:add	89
INFO  jepsen.util - 2	:ok	:add	88
INFO  jepsen.util - 4	:ok	:add	89
INFO  jepsen.util - 3	:invoke	:add	90
INFO  jepsen.util - 3	:ok	:add	90
INFO  jepsen.util - 1	:invoke	:add	91
INFO  jepsen.util - 1	:ok	:add	91
INFO  jepsen.util - 0	:invoke	:add	92
INFO  jepsen.util - 0	:ok	:add	92
INFO  jepsen.util - 2	:invoke	:add	93
INFO  jepsen.util - 2	:ok	:add	93
INFO  jepsen.util - 4	:invoke	:add	94
INFO  jepsen.util - 4	:ok	:add	94
INFO  jepsen.util - 3	:invoke	:add	95
INFO  jepsen.util - 3	:ok	:add	95
INFO  jepsen.util - 0	:invoke	:add	96
INFO  jepsen.util - 1	:invoke	:add	97
INFO  jepsen.util - 0	:ok	:add	96
INFO  jepsen.util - 1	:ok	:add	97
INFO  jepsen.util - 2	:invoke	:add	98
INFO  jepsen.util - 2	:ok	:add	98
INFO  jepsen.util - 4	:invoke	:add	99
INFO  jepsen.util - 4	:ok	:add	99
INFO  jepsen.util - 3	:invoke	:add	100
INFO  jepsen.util - 3	:ok	:add	100
INFO  jepsen.util - 0	:invoke	:add	101
INFO  jepsen.util - 0	:ok	:add	101
INFO  jepsen.util - 1	:invoke	:add	102
INFO  jepsen.util - 2	:invoke	:add	103
INFO  jepsen.util - 1	:ok	:add	102
INFO  jepsen.util - 2	:ok	:add	103
INFO  jepsen.util - 4	:invoke	:add	104
INFO  jepsen.util - 4	:ok	:add	104
INFO  jepsen.util - 3	:invoke	:add	105
INFO  jepsen.util - 3	:ok	:add	105
INFO  jepsen.util - 0	:invoke	:add	106
INFO  jepsen.util - 0	:ok	:add	106
INFO  jepsen.util - 1	:invoke	:add	107
INFO  jepsen.util - 1	:ok	:add	107
INFO  jepsen.util - 2	:invoke	:add	108
INFO  jepsen.util - 2	:ok	:add	108
INFO  jepsen.util - 4	:invoke	:add	109
INFO  jepsen.util - 4	:ok	:add	109
INFO  jepsen.util - 3	:invoke	:add	110
INFO  jepsen.util - 3	:ok	:add	110
INFO  jepsen.util - 0	:invoke	:add	111
INFO  jepsen.util - 0	:ok	:add	111
INFO  jepsen.util - 1	:invoke	:add	112
INFO  jepsen.util - 1	:ok	:add	112
INFO  jepsen.util - 2	:invoke	:add	113
INFO  jepsen.util - 2	:ok	:add	113
INFO  jepsen.util - 4	:invoke	:add	114
INFO  jepsen.util - 4	:ok	:add	114
INFO  jepsen.util - 3	:invoke	:add	115
INFO  jepsen.util - 3	:ok	:add	115
INFO  jepsen.util - 0	:invoke	:add	116
INFO  jepsen.util - 0	:ok	:add	116
INFO  jepsen.util - 1	:invoke	:add	117
INFO  jepsen.util - 1	:ok	:add	117
INFO  jepsen.util - 2	:invoke	:add	118
INFO  jepsen.util - 2	:ok	:add	118
INFO  jepsen.util - 4	:invoke	:add	119
INFO  jepsen.util - 4	:ok	:add	119
INFO  jepsen.util - 3	:invoke	:add	120
INFO  jepsen.util - 3	:ok	:add	120
INFO  jepsen.util - 0	:invoke	:add	121
INFO  jepsen.util - 0	:ok	:add	121
INFO  jepsen.util - 1	:invoke	:add	122
INFO  jepsen.util - 1	:ok	:add	122
INFO  jepsen.util - 2	:invoke	:add	123
INFO  jepsen.util - 2	:ok	:add	123
INFO  jepsen.util - 4	:invoke	:add	124
INFO  jepsen.util - 4	:ok	:add	124
INFO  jepsen.util - :nemesis	:info	:start	nil
INFO  jepsen.util - 3	:invoke	:add	125
INFO  jepsen.util - 3	:ok	:add	125
INFO  jepsen.util - 0	:invoke	:add	126
INFO  jepsen.util - 1	:invoke	:add	127
INFO  jepsen.util - 2	:invoke	:add	128
INFO  jepsen.util - 4	:invoke	:add	129
INFO  jepsen.util - :nemesis	:info	:start	"Cut off {:n3 #{:n4 :n2 :n5 :n1}, :n1 #{:n3}, :n5 #{:n3}, :n2 #{:n3}, :n4 #{:n3}}"
INFO  jepsen.util - 3	:invoke	:add	130
INFO  jepsen.util - 0	:info	:add	:timed-out
INFO  jepsen.util - 1	:info	:add	:timed-out
INFO  jepsen.util - 2	:info	:add	:timed-out
INFO  jepsen.util - 4	:info	:add	:timed-out
INFO  jepsen.util - 3	:info	:add	:timed-out
INFO  jepsen.util - 5	:invoke	:add	131
INFO  jepsen.util - 6	:invoke	:add	132
INFO  jepsen.util - 7	:invoke	:add	133
INFO  jepsen.util - 9	:invoke	:add	134
INFO  jepsen.util - 8	:invoke	:add	135
INFO  jepsen.util - 5	:info	:add	:timed-out
INFO  jepsen.util - 6	:info	:add	:timed-out
INFO  jepsen.util - 7	:info	:add	:timed-out
INFO  jepsen.util - 9	:info	:add	:timed-out
INFO  jepsen.util - 8	:info	:add	:timed-out
INFO  jepsen.util - 10	:invoke	:add	136
INFO  jepsen.util - 12	:invoke	:add	137
INFO  jepsen.util - 11	:invoke	:add	138
INFO  jepsen.util - 14	:invoke	:add	139
INFO  jepsen.util - 13	:invoke	:add	140
INFO  jepsen.util - 10	:info	:add	:timed-out
INFO  jepsen.util - 12	:info	:add	:timed-out
INFO  jepsen.util - 11	:info	:add	:timed-out
INFO  jepsen.util - 14	:info	:add	:timed-out
INFO  jepsen.util - 13	:info	:add	:timed-out
INFO  jepsen.util - 15	:invoke	:add	141
INFO  jepsen.util - 16	:invoke	:add	142
INFO  jepsen.util - 17	:invoke	:add	143
INFO  jepsen.util - 19	:invoke	:add	144
INFO  jepsen.util - 18	:invoke	:add	145
INFO  jepsen.util - 15	:info	:add	:timed-out
INFO  jepsen.util - 16	:info	:add	:timed-out
INFO  jepsen.util - 17	:info	:add	:timed-out
INFO  jepsen.util - 19	:info	:add	:timed-out
INFO  jepsen.util - 18	:info	:add	:timed-out
INFO  jepsen.util - 20	:invoke	:add	146
INFO  jepsen.util - 21	:invoke	:add	147
INFO  jepsen.util - 22	:invoke	:add	148
INFO  jepsen.util - 24	:invoke	:add	149
INFO  jepsen.util - 23	:invoke	:add	150
INFO  jepsen.util - 20	:info	:add	:timed-out
INFO  jepsen.util - 21	:info	:add	:timed-out
INFO  jepsen.util - 22	:info	:add	:timed-out
INFO  jepsen.util - 24	:info	:add	:timed-out
INFO  jepsen.util - 23	:info	:add	:timed-out
INFO  jepsen.util - 25	:invoke	:add	151
INFO  jepsen.util - 27	:invoke	:add	152
INFO  jepsen.util - 26	:invoke	:add	153
INFO  jepsen.util - 29	:invoke	:add	154
INFO  jepsen.util - 28	:invoke	:add	155
INFO  jepsen.util - 25	:info	:add	:timed-out
INFO  jepsen.util - 27	:info	:add	:timed-out
INFO  jepsen.util - 26	:info	:add	:timed-out
INFO  jepsen.util - 29	:info	:add	:timed-out
INFO  jepsen.util - 28	:info	:add	:timed-out
INFO  jepsen.util - 30	:invoke	:add	156
INFO  jepsen.util - 32	:invoke	:add	157
INFO  jepsen.util - 31	:invoke	:add	158
INFO  jepsen.util - 34	:invoke	:add	159
INFO  jepsen.util - 33	:invoke	:add	160
INFO  jepsen.util - 30	:info	:add	:timed-out
INFO  jepsen.util - 32	:info	:add	:timed-out
INFO  jepsen.util - 31	:info	:add	:timed-out
INFO  jepsen.util - 34	:info	:add	:timed-out
INFO  jepsen.util - 33	:info	:add	:timed-out
INFO  jepsen.util - 35	:invoke	:add	161
INFO  jepsen.util - 37	:invoke	:add	162
INFO  jepsen.util - 36	:invoke	:add	163
INFO  jepsen.util - 39	:invoke	:add	164
INFO  jepsen.util - 38	:invoke	:add	165
INFO  jepsen.util - 35	:info	:add	:timed-out
INFO  jepsen.util - 37	:info	:add	:timed-out
INFO  jepsen.util - 36	:info	:add	:timed-out
INFO  jepsen.util - 39	:info	:add	:timed-out
INFO  jepsen.util - 38	:info	:add	:timed-out
INFO  jepsen.util - 40	:invoke	:add	166
INFO  jepsen.util - 42	:invoke	:add	167
INFO  jepsen.util - 41	:invoke	:add	168
INFO  jepsen.util - 44	:invoke	:add	169
INFO  jepsen.util - 43	:invoke	:add	170
INFO  jepsen.util - 40	:info	:add	:timed-out
INFO  jepsen.util - 42	:info	:add	:timed-out
INFO  jepsen.util - 41	:info	:add	:timed-out
INFO  jepsen.util - 44	:info	:add	:timed-out
INFO  jepsen.util - 43	:info	:add	:timed-out
INFO  jepsen.util - 45	:invoke	:add	171
INFO  jepsen.util - 47	:invoke	:add	172
INFO  jepsen.util - 46	:invoke	:add	173
INFO  jepsen.util - 49	:invoke	:add	174
INFO  jepsen.util - 48	:invoke	:add	175
INFO  jepsen.util - 45	:info	:add	:timed-out
INFO  jepsen.util - 47	:info	:add	:timed-out
INFO  jepsen.util - 46	:info	:add	:timed-out
INFO  jepsen.util - 49	:info	:add	:timed-out
INFO  jepsen.util - 48	:info	:add	:timed-out
INFO  jepsen.util - 50	:invoke	:add	176
INFO  jepsen.util - 52	:invoke	:add	177
INFO  jepsen.util - 51	:invoke	:add	178
INFO  jepsen.util - 54	:invoke	:add	179
INFO  jepsen.util - 53	:invoke	:add	180
INFO  jepsen.util - 50	:info	:add	:timed-out
INFO  jepsen.util - 52	:info	:add	:timed-out
INFO  jepsen.util - 51	:info	:add	:timed-out
INFO  jepsen.util - 54	:info	:add	:timed-out
INFO  jepsen.util - 53	:info	:add	:timed-out
INFO  jepsen.util - 55	:invoke	:add	181
INFO  jepsen.util - 57	:invoke	:add	182
INFO  jepsen.util - 56	:invoke	:add	183
INFO  jepsen.util - 59	:invoke	:add	184
INFO  jepsen.util - 58	:invoke	:add	185
INFO  jepsen.util - 55	:info	:add	:timed-out
INFO  jepsen.util - 57	:info	:add	:timed-out
INFO  jepsen.util - 56	:info	:add	:timed-out
INFO  jepsen.util - 59	:info	:add	:timed-out
INFO  jepsen.util - 58	:info	:add	:timed-out
INFO  jepsen.util - 60	:invoke	:add	186
INFO  jepsen.util - 62	:invoke	:add	187
INFO  jepsen.util - 61	:invoke	:add	188
INFO  jepsen.util - 64	:invoke	:add	189
INFO  jepsen.util - 63	:invoke	:add	190
INFO  jepsen.util - 60	:info	:add	:timed-out
INFO  jepsen.util - 62	:info	:add	:timed-out
INFO  jepsen.util - 61	:info	:add	:timed-out
INFO  jepsen.util - 64	:info	:add	:timed-out
INFO  jepsen.util - 63	:info	:add	:timed-out
INFO  jepsen.util - 65	:invoke	:add	191
INFO  jepsen.util - 67	:invoke	:add	192
INFO  jepsen.util - 66	:invoke	:add	193
INFO  jepsen.util - 69	:invoke	:add	194
INFO  jepsen.util - 68	:invoke	:add	195
INFO  jepsen.util - 65	:info	:add	:timed-out
INFO  jepsen.util - 67	:info	:add	:timed-out
INFO  jepsen.util - 66	:info	:add	:timed-out
INFO  jepsen.util - 69	:info	:add	:timed-out
INFO  jepsen.util - 68	:info	:add	:timed-out
INFO  jepsen.util - 70	:invoke	:add	196
INFO  jepsen.util - 72	:invoke	:add	197
INFO  jepsen.util - 71	:invoke	:add	198
INFO  jepsen.util - 74	:invoke	:add	199
INFO  jepsen.util - 73	:invoke	:add	200
INFO  jepsen.util - 73	:ok	:add	200
INFO  jepsen.util - 70	:info	:add	:timed-out
INFO  jepsen.util - 74	:ok	:add	199
INFO  jepsen.util - 72	:info	:add	:timed-out
INFO  jepsen.util - 71	:ok	:add	198
INFO  jepsen.util - 73	:invoke	:add	201
INFO  jepsen.util - 75	:invoke	:add	202
INFO  jepsen.util - 73	:ok	:add	201
INFO  jepsen.util - 75	:ok	:add	202
INFO  jepsen.util - 74	:invoke	:add	203
INFO  jepsen.util - 71	:invoke	:add	204
INFO  jepsen.util - 71	:ok	:add	204
INFO  jepsen.util - 74	:ok	:add	203
INFO  jepsen.util - 77	:invoke	:add	205
INFO  jepsen.util - 73	:invoke	:add	206
INFO  jepsen.util - 75	:invoke	:add	207
INFO  jepsen.util - 73	:ok	:add	206
INFO  jepsen.util - 75	:ok	:add	207
INFO  jepsen.util - 74	:invoke	:add	208
INFO  jepsen.util - 74	:ok	:add	208
INFO  jepsen.util - 71	:invoke	:add	209
INFO  jepsen.util - 71	:ok	:add	209
INFO  jepsen.util - 75	:invoke	:add	210
INFO  jepsen.util - 75	:ok	:add	210
INFO  jepsen.util - 73	:invoke	:add	211
INFO  jepsen.util - 73	:ok	:add	211
INFO  jepsen.util - 74	:invoke	:add	212
INFO  jepsen.util - 74	:ok	:add	212
INFO  jepsen.util - 71	:invoke	:add	213
INFO  jepsen.util - 71	:ok	:add	213
INFO  jepsen.util - 75	:invoke	:add	214
INFO  jepsen.util - 75	:ok	:add	214
INFO  jepsen.util - 73	:invoke	:add	215
INFO  jepsen.util - 73	:ok	:add	215
INFO  jepsen.util - 74	:invoke	:add	216
INFO  jepsen.util - 74	:ok	:add	216
INFO  jepsen.util - 71	:invoke	:add	217
INFO  jepsen.util - 71	:ok	:add	217
INFO  jepsen.util - 75	:invoke	:add	218
INFO  jepsen.util - 75	:ok	:add	218
INFO  jepsen.util - 73	:invoke	:add	219
INFO  jepsen.util - 73	:ok	:add	219
INFO  jepsen.util - 74	:invoke	:add	220
INFO  jepsen.util - 74	:ok	:add	220
INFO  jepsen.util - 71	:invoke	:add	221
INFO  jepsen.util - 71	:ok	:add	221
INFO  jepsen.util - 77	:info	:add	:timed-out
INFO  jepsen.util - 75	:invoke	:add	222
INFO  jepsen.util - 75	:ok	:add	222
INFO  jepsen.util - 73	:invoke	:add	223
INFO  jepsen.util - 73	:ok	:add	223
INFO  jepsen.util - 74	:invoke	:add	224
INFO  jepsen.util - 74	:ok	:add	224
INFO  jepsen.util - 71	:invoke	:add	225
INFO  jepsen.util - 71	:ok	:add	225
INFO  jepsen.util - 82	:invoke	:add	226
INFO  jepsen.util - 75	:invoke	:add	227
INFO  jepsen.util - 75	:ok	:add	227
INFO  jepsen.util - 73	:invoke	:add	228
INFO  jepsen.util - 73	:ok	:add	228
INFO  jepsen.util - 74	:invoke	:add	229
INFO  jepsen.util - 74	:ok	:add	229
INFO  jepsen.util - 71	:invoke	:add	230
INFO  jepsen.util - 71	:ok	:add	230
INFO  jepsen.util - 75	:invoke	:add	231
INFO  jepsen.util - 75	:ok	:add	231
INFO  jepsen.util - 73	:invoke	:add	232
INFO  jepsen.util - 73	:ok	:add	232
INFO  jepsen.util - 74	:invoke	:add	233
INFO  jepsen.util - 74	:ok	:add	233
INFO  jepsen.util - 71	:invoke	:add	234
INFO  jepsen.util - 71	:ok	:add	234
INFO  jepsen.util - 75	:invoke	:add	235
INFO  jepsen.util - 75	:ok	:add	235
INFO  jepsen.util - 73	:invoke	:add	236
INFO  jepsen.util - 73	:ok	:add	236
INFO  jepsen.util - 74	:invoke	:add	237
INFO  jepsen.util - 74	:ok	:add	237
INFO  jepsen.util - 71	:invoke	:add	238
INFO  jepsen.util - 71	:ok	:add	238
INFO  jepsen.util - 75	:invoke	:add	239
INFO  jepsen.util - 75	:ok	:add	239
INFO  jepsen.util - 74	:invoke	:add	240
INFO  jepsen.util - 74	:ok	:add	240
INFO  jepsen.util - 73	:invoke	:add	241
INFO  jepsen.util - 73	:ok	:add	241
INFO  jepsen.util - 71	:invoke	:add	242
INFO  jepsen.util - 71	:ok	:add	242
INFO  jepsen.util - 75	:invoke	:add	243
INFO  jepsen.util - 75	:ok	:add	243
INFO  jepsen.util - 74	:invoke	:add	244
INFO  jepsen.util - 74	:ok	:add	244
INFO  jepsen.util - 82	:info	:add	:timed-out
INFO  jepsen.util - 73	:invoke	:add	245
INFO  jepsen.util - 71	:invoke	:add	246
INFO  jepsen.util - 73	:ok	:add	245
INFO  jepsen.util - 71	:ok	:add	246
INFO  jepsen.util - 75	:invoke	:add	247
INFO  jepsen.util - 75	:ok	:add	247
INFO  jepsen.util - 74	:invoke	:add	248
INFO  jepsen.util - 74	:ok	:add	248
INFO  jepsen.util - 87	:invoke	:add	249
INFO  jepsen.util - 73	:invoke	:add	250
INFO  jepsen.util - 73	:ok	:add	250
INFO  jepsen.util - 71	:invoke	:add	251
INFO  jepsen.util - 71	:ok	:add	251
INFO  jepsen.util - 75	:invoke	:add	252
INFO  jepsen.util - 75	:ok	:add	252
INFO  jepsen.util - 74	:invoke	:add	253
INFO  jepsen.util - 74	:ok	:add	253
INFO  jepsen.util - 73	:invoke	:add	254
INFO  jepsen.util - 73	:ok	:add	254
INFO  jepsen.util - 71	:invoke	:add	255
INFO  jepsen.util - 71	:ok	:add	255
INFO  jepsen.util - 74	:invoke	:add	256
INFO  jepsen.util - 74	:ok	:add	256
INFO  jepsen.util - 75	:invoke	:add	257
INFO  jepsen.util - 75	:ok	:add	257
INFO  jepsen.util - 73	:invoke	:add	258
INFO  jepsen.util - 73	:ok	:add	258
INFO  jepsen.util - 71	:invoke	:add	259
INFO  jepsen.util - 71	:ok	:add	259
INFO  jepsen.util - 74	:invoke	:add	260
INFO  jepsen.util - 74	:ok	:add	260
INFO  jepsen.util - 75	:invoke	:add	261
INFO  jepsen.util - 75	:ok	:add	261
INFO  jepsen.util - 73	:invoke	:add	262
INFO  jepsen.util - 73	:ok	:add	262
INFO  jepsen.util - 71	:invoke	:add	263
INFO  jepsen.util - 71	:ok	:add	263
INFO  jepsen.util - 74	:invoke	:add	264
INFO  jepsen.util - 74	:ok	:add	264
INFO  jepsen.util - 75	:invoke	:add	265
INFO  jepsen.util - 75	:ok	:add	265
INFO  jepsen.util - 73	:invoke	:add	266
INFO  jepsen.util - 73	:ok	:add	266
INFO  jepsen.util - 71	:invoke	:add	267
INFO  jepsen.util - 71	:ok	:add	267
INFO  jepsen.util - 87	:info	:add	:timed-out
INFO  jepsen.util - 74	:invoke	:add	268
INFO  jepsen.util - 74	:ok	:add	268
INFO  jepsen.util - 75	:invoke	:add	269
INFO  jepsen.util - 75	:ok	:add	269
INFO  jepsen.util - 73	:invoke	:add	270
INFO  jepsen.util - 73	:ok	:add	270
INFO  jepsen.util - 71	:invoke	:add	271
INFO  jepsen.util - 71	:ok	:add	271
INFO  jepsen.util - 92	:invoke	:add	272
INFO  jepsen.util - 74	:invoke	:add	273
INFO  jepsen.util - 74	:ok	:add	273
INFO  jepsen.util - 75	:invoke	:add	274
INFO  jepsen.util - 75	:ok	:add	274
INFO  jepsen.util - 73	:invoke	:add	275
INFO  jepsen.util - 73	:ok	:add	275
INFO  jepsen.util - 71	:invoke	:add	276
INFO  jepsen.util - 71	:ok	:add	276
INFO  jepsen.util - 74	:invoke	:add	277
INFO  jepsen.util - 74	:ok	:add	277
INFO  jepsen.util - 75	:invoke	:add	278
INFO  jepsen.util - 75	:ok	:add	278
INFO  jepsen.util - 73	:invoke	:add	279
INFO  jepsen.util - 73	:ok	:add	279
INFO  jepsen.util - 71	:invoke	:add	280
INFO  jepsen.util - 71	:ok	:add	280
INFO  jepsen.util - 74	:invoke	:add	281
INFO  jepsen.util - 74	:ok	:add	281
INFO  jepsen.util - 73	:invoke	:add	282
INFO  jepsen.util - 73	:ok	:add	282
INFO  jepsen.util - 75	:invoke	:add	283
INFO  jepsen.util - 75	:ok	:add	283
INFO  jepsen.util - 71	:invoke	:add	284
INFO  jepsen.util - 71	:ok	:add	284
INFO  jepsen.util - 74	:invoke	:add	285
INFO  jepsen.util - 74	:ok	:add	285
INFO  jepsen.util - 73	:invoke	:add	286
INFO  jepsen.util - 73	:ok	:add	286
INFO  jepsen.util - 75	:invoke	:add	287
INFO  jepsen.util - 75	:ok	:add	287
INFO  jepsen.util - 71	:invoke	:add	288
INFO  jepsen.util - 71	:ok	:add	288
INFO  jepsen.util - 74	:invoke	:add	289
INFO  jepsen.util - 92	:info	:add	:timed-out
INFO  jepsen.util - 74	:ok	:add	289
INFO  jepsen.util - 73	:invoke	:add	290
INFO  jepsen.util - 73	:ok	:add	290
INFO  jepsen.util - 75	:invoke	:add	291
INFO  jepsen.util - 75	:ok	:add	291
INFO  jepsen.util - 71	:invoke	:add	292
INFO  jepsen.util - 71	:ok	:add	292
INFO  jepsen.util - 97	:invoke	:add	293
INFO  jepsen.util - 73	:invoke	:add	294
INFO  jepsen.util - 74	:invoke	:add	295
INFO  jepsen.util - 73	:ok	:add	294
INFO  jepsen.util - 74	:ok	:add	295
INFO  jepsen.util - 75	:invoke	:add	296
INFO  jepsen.util - 75	:ok	:add	296
INFO  jepsen.util - 71	:invoke	:add	297
INFO  jepsen.util - 71	:ok	:add	297
INFO  jepsen.util - 74	:invoke	:add	298
INFO  jepsen.util - 74	:ok	:add	298
INFO  jepsen.util - 75	:invoke	:add	299
INFO  jepsen.util - 75	:ok	:add	299
INFO  jepsen.util - 73	:invoke	:add	300
INFO  jepsen.util - 73	:ok	:add	300
INFO  jepsen.util - 71	:invoke	:add	301
INFO  jepsen.util - 71	:ok	:add	301
INFO  jepsen.util - 75	:invoke	:add	302
INFO  jepsen.util - 74	:invoke	:add	303
INFO  jepsen.util - 75	:ok	:add	302
INFO  jepsen.util - 74	:ok	:add	303
INFO  jepsen.util - 73	:invoke	:add	304
INFO  jepsen.util - 73	:ok	:add	304
INFO  jepsen.util - 71	:invoke	:add	305
INFO  jepsen.util - 71	:ok	:add	305
INFO  jepsen.util - 75	:invoke	:add	306
INFO  jepsen.util - 74	:invoke	:add	307
INFO  jepsen.util - 75	:ok	:add	306
INFO  jepsen.util - 74	:ok	:add	307
INFO  jepsen.util - 73	:invoke	:add	308
INFO  jepsen.util - 73	:ok	:add	308
INFO  jepsen.util - 71	:invoke	:add	309
INFO  jepsen.util - 71	:ok	:add	309
INFO  jepsen.util - 74	:invoke	:add	310
INFO  jepsen.util - 74	:ok	:add	310
INFO  jepsen.util - 75	:invoke	:add	311
INFO  jepsen.util - 75	:ok	:add	311
INFO  jepsen.util - 73	:invoke	:add	312
INFO  jepsen.util - 73	:ok	:add	312
INFO  jepsen.util - 97	:info	:add	:timed-out
INFO  jepsen.util - 71	:invoke	:add	313
INFO  jepsen.util - 71	:ok	:add	313
INFO  jepsen.util - 75	:invoke	:add	314
INFO  jepsen.util - 75	:ok	:add	314
INFO  jepsen.util - 74	:invoke	:add	315
INFO  jepsen.util - 74	:ok	:add	315
INFO  jepsen.util - 73	:invoke	:add	316
INFO  jepsen.util - 73	:ok	:add	316
INFO  jepsen.util - 102	:invoke	:add	317
INFO  jepsen.util - 71	:invoke	:add	318
INFO  jepsen.util - 71	:ok	:add	318
INFO  jepsen.util - 75	:invoke	:add	319
INFO  jepsen.util - 75	:ok	:add	319
INFO  jepsen.util - 74	:invoke	:add	320
INFO  jepsen.util - 74	:ok	:add	320
INFO  jepsen.util - 73	:invoke	:add	321
INFO  jepsen.util - 73	:ok	:add	321
INFO  jepsen.util - 71	:invoke	:add	322
INFO  jepsen.util - 71	:ok	:add	322
INFO  jepsen.util - 74	:invoke	:add	323
INFO  jepsen.util - 74	:ok	:add	323
INFO  jepsen.util - 75	:invoke	:add	324
INFO  jepsen.util - 75	:ok	:add	324
INFO  jepsen.util - 73	:invoke	:add	325
INFO  jepsen.util - 73	:ok	:add	325
INFO  jepsen.util - 71	:invoke	:add	326
INFO  jepsen.util - 71	:ok	:add	326
INFO  jepsen.util - 75	:invoke	:add	327
INFO  jepsen.util - 75	:ok	:add	327
INFO  jepsen.util - 74	:invoke	:add	328
INFO  jepsen.util - 74	:ok	:add	328
INFO  jepsen.util - 73	:invoke	:add	329
INFO  jepsen.util - 73	:ok	:add	329
INFO  jepsen.util - 71	:invoke	:add	330
INFO  jepsen.util - 71	:ok	:add	330
INFO  jepsen.util - 75	:invoke	:add	331
INFO  jepsen.util - 75	:ok	:add	331
INFO  jepsen.util - 74	:invoke	:add	332
INFO  jepsen.util - 74	:ok	:add	332
INFO  jepsen.util - 73	:invoke	:add	333
INFO  jepsen.util - 73	:ok	:add	333
INFO  jepsen.util - 71	:invoke	:add	334
INFO  jepsen.util - 71	:ok	:add	334
INFO  jepsen.util - 102	:info	:add	:timed-out
INFO  jepsen.util - 74	:invoke	:add	335
INFO  jepsen.util - 75	:invoke	:add	336
INFO  jepsen.util - 74	:ok	:add	335
INFO  jepsen.util - 75	:ok	:add	336
INFO  jepsen.util - 73	:invoke	:add	337
INFO  jepsen.util - 73	:ok	:add	337
INFO  jepsen.util - 71	:invoke	:add	338
INFO  jepsen.util - 71	:ok	:add	338
INFO  jepsen.util - 107	:invoke	:add	339
INFO  jepsen.util - 74	:invoke	:add	340
INFO  jepsen.util - 75	:invoke	:add	341
INFO  jepsen.util - 74	:ok	:add	340
INFO  jepsen.util - 75	:ok	:add	341
INFO  jepsen.util - 73	:invoke	:add	342
INFO  jepsen.util - 73	:ok	:add	342
INFO  jepsen.util - 71	:invoke	:add	343
INFO  jepsen.util - 71	:ok	:add	343
INFO  jepsen.util - 74	:invoke	:add	344
INFO  jepsen.util - 74	:ok	:add	344
INFO  jepsen.util - 75	:invoke	:add	345
INFO  jepsen.util - 75	:ok	:add	345
INFO  jepsen.util - 73	:invoke	:add	346
INFO  jepsen.util - 73	:ok	:add	346
INFO  jepsen.util - 71	:invoke	:add	347
INFO  jepsen.util - 71	:ok	:add	347
INFO  jepsen.util - 74	:invoke	:add	348
INFO  jepsen.util - 74	:ok	:add	348
INFO  jepsen.util - 75	:invoke	:add	349
INFO  jepsen.util - 75	:ok	:add	349
INFO  jepsen.util - 73	:invoke	:add	350
INFO  jepsen.util - 73	:ok	:add	350
INFO  jepsen.util - 71	:invoke	:add	351
INFO  jepsen.util - 71	:ok	:add	351
INFO  jepsen.util - 75	:invoke	:add	352
INFO  jepsen.util - 75	:ok	:add	352
INFO  jepsen.util - 74	:invoke	:add	353
INFO  jepsen.util - 74	:ok	:add	353
INFO  jepsen.util - 73	:invoke	:add	354
INFO  jepsen.util - 71	:invoke	:add	355
INFO  jepsen.util - 73	:ok	:add	354
INFO  jepsen.util - 71	:ok	:add	355
INFO  jepsen.util - 75	:invoke	:add	356
INFO  jepsen.util - 74	:invoke	:add	357
INFO  jepsen.util - 74	:ok	:add	357
INFO  jepsen.util - 75	:ok	:add	356
INFO  jepsen.util - 107	:info	:add	:timed-out
INFO  jepsen.util - 73	:invoke	:add	358
INFO  jepsen.util - 73	:ok	:add	358
INFO  jepsen.util - 71	:invoke	:add	359
INFO  jepsen.util - 71	:ok	:add	359
INFO  jepsen.util - 75	:invoke	:add	360
INFO  jepsen.util - 75	:ok	:add	360
INFO  jepsen.util - 74	:invoke	:add	361
INFO  jepsen.util - 74	:ok	:add	361
INFO  jepsen.util - 112	:invoke	:add	362
INFO  jepsen.util - 73	:invoke	:add	363
INFO  jepsen.util - 73	:ok	:add	363
INFO  jepsen.util - 71	:invoke	:add	364
INFO  jepsen.util - 71	:ok	:add	364
INFO  jepsen.util - 75	:invoke	:add	365
INFO  jepsen.util - 75	:ok	:add	365
INFO  jepsen.util - 74	:invoke	:add	366
INFO  jepsen.util - 74	:ok	:add	366
INFO  jepsen.util - 73	:invoke	:add	367
INFO  jepsen.util - 73	:ok	:add	367
INFO  jepsen.util - 71	:invoke	:add	368
INFO  jepsen.util - 71	:ok	:add	368
INFO  jepsen.util - 75	:invoke	:add	369
INFO  jepsen.util - 75	:ok	:add	369
INFO  jepsen.util - 74	:invoke	:add	370
INFO  jepsen.util - 74	:ok	:add	370
INFO  jepsen.util - 73	:invoke	:add	371
INFO  jepsen.util - 73	:ok	:add	371
INFO  jepsen.util - 71	:invoke	:add	372
INFO  jepsen.util - 71	:ok	:add	372
INFO  jepsen.util - 75	:invoke	:add	373
INFO  jepsen.util - 74	:invoke	:add	374
INFO  jepsen.util - 75	:ok	:add	373
INFO  jepsen.util - 74	:ok	:add	374
INFO  jepsen.util - 73	:invoke	:add	375
INFO  jepsen.util - 73	:ok	:add	375
INFO  jepsen.util - 71	:invoke	:add	376
INFO  jepsen.util - 71	:ok	:add	376
INFO  jepsen.util - 75	:invoke	:add	377
INFO  jepsen.util - 75	:ok	:add	377
INFO  jepsen.util - 74	:invoke	:add	378
INFO  jepsen.util - 74	:ok	:add	378
INFO  jepsen.util - 71	:invoke	:add	379
INFO  jepsen.util - 73	:invoke	:add	380
INFO  jepsen.util - 71	:ok	:add	379
INFO  jepsen.util - 73	:ok	:add	380
INFO  jepsen.util - 112	:info	:add	:timed-out
INFO  jepsen.util - 74	:invoke	:add	381
INFO  jepsen.util - 75	:invoke	:add	382
INFO  jepsen.util - 74	:ok	:add	381
INFO  jepsen.util - 75	:ok	:add	382
INFO  jepsen.util - 71	:invoke	:add	383
INFO  jepsen.util - 71	:ok	:add	383
INFO  jepsen.util - 73	:invoke	:add	384
INFO  jepsen.util - 73	:ok	:add	384
INFO  jepsen.util - 117	:invoke	:add	385
INFO  jepsen.util - 75	:invoke	:add	386
INFO  jepsen.util - 74	:invoke	:add	387
INFO  jepsen.util - 75	:ok	:add	386
INFO  jepsen.util - 74	:ok	:add	387
INFO  jepsen.util - 71	:invoke	:add	388
INFO  jepsen.util - 71	:ok	:add	388
INFO  jepsen.util - 73	:invoke	:add	389
INFO  jepsen.util - 73	:ok	:add	389
INFO  jepsen.util - 75	:invoke	:add	390
INFO  jepsen.util - 75	:ok	:add	390
INFO  jepsen.util - 74	:invoke	:add	391
INFO  jepsen.util - 74	:ok	:add	391
INFO  jepsen.util - 71	:invoke	:add	392
INFO  jepsen.util - 71	:ok	:add	392
INFO  jepsen.util - 73	:invoke	:add	393
INFO  jepsen.util - 73	:ok	:add	393
INFO  jepsen.util - 75	:invoke	:add	394
INFO  jepsen.util - 75	:ok	:add	394
INFO  jepsen.util - 74	:invoke	:add	395
INFO  jepsen.util - 74	:ok	:add	395
INFO  jepsen.util - 71	:invoke	:add	396
INFO  jepsen.util - 71	:ok	:add	396
INFO  jepsen.util - 73	:invoke	:add	397
INFO  jepsen.util - 73	:ok	:add	397
INFO  jepsen.util - 74	:invoke	:add	398
INFO  jepsen.util - 74	:ok	:add	398
INFO  jepsen.util - 75	:invoke	:add	399
INFO  jepsen.util - 75	:ok	:add	399
INFO  jepsen.util - 71	:invoke	:add	400
INFO  jepsen.util - 71	:ok	:add	400
INFO  jepsen.util - 73	:invoke	:add	401
INFO  jepsen.util - 73	:ok	:add	401
INFO  jepsen.util - 75	:invoke	:add	402
INFO  jepsen.util - 74	:invoke	:add	403
INFO  jepsen.util - 75	:ok	:add	402
INFO  jepsen.util - 74	:ok	:add	403
INFO  jepsen.util - 117	:info	:add	:timed-out
INFO  jepsen.util - 71	:invoke	:add	404
INFO  jepsen.util - 71	:ok	:add	404
INFO  jepsen.util - 73	:invoke	:add	405
INFO  jepsen.util - 73	:ok	:add	405
INFO  jepsen.util - 74	:invoke	:add	406
INFO  jepsen.util - 74	:ok	:add	406
INFO  jepsen.util - 75	:invoke	:add	407
INFO  jepsen.util - 75	:ok	:add	407
INFO  jepsen.util - 122	:invoke	:add	408
INFO  jepsen.util - 71	:invoke	:add	409
INFO  jepsen.util - 71	:ok	:add	409
INFO  jepsen.util - 73	:invoke	:add	410
INFO  jepsen.util - 73	:ok	:add	410
INFO  jepsen.util - 75	:invoke	:add	411
INFO  jepsen.util - 75	:ok	:add	411
INFO  jepsen.util - 74	:invoke	:add	412
INFO  jepsen.util - 74	:ok	:add	412
INFO  jepsen.util - 71	:invoke	:add	413
INFO  jepsen.util - 71	:ok	:add	413
INFO  jepsen.util - 73	:invoke	:add	414
INFO  jepsen.util - 73	:ok	:add	414
INFO  jepsen.util - 75	:invoke	:add	415
INFO  jepsen.util - 75	:ok	:add	415
INFO  jepsen.util - 74	:invoke	:add	416
INFO  jepsen.util - 74	:ok	:add	416
INFO  jepsen.util - 71	:invoke	:add	417
INFO  jepsen.util - 71	:ok	:add	417
INFO  jepsen.util - 73	:invoke	:add	418
INFO  jepsen.util - 73	:ok	:add	418
INFO  jepsen.util - 75	:invoke	:add	419
INFO  jepsen.util - 75	:ok	:add	419
INFO  jepsen.util - 74	:invoke	:add	420
INFO  jepsen.util - 74	:ok	:add	420
INFO  jepsen.util - 71	:invoke	:add	421
INFO  jepsen.util - 71	:ok	:add	421
INFO  jepsen.util - 73	:invoke	:add	422
INFO  jepsen.util - 73	:ok	:add	422
INFO  jepsen.util - 75	:invoke	:add	423
INFO  jepsen.util - 75	:ok	:add	423
INFO  jepsen.util - 74	:invoke	:add	424
INFO  jepsen.util - 74	:ok	:add	424
INFO  jepsen.util - 71	:invoke	:add	425
INFO  jepsen.util - 71	:ok	:add	425
INFO  jepsen.util - 73	:invoke	:add	426
INFO  jepsen.util - 73	:ok	:add	426
INFO  jepsen.util - 122	:info	:add	:timed-out
INFO  jepsen.util - 75	:invoke	:add	427
INFO  jepsen.util - 75	:ok	:add	427
INFO  jepsen.util - 74	:invoke	:add	428
INFO  jepsen.util - 74	:ok	:add	428
INFO  jepsen.util - 71	:invoke	:add	429
INFO  jepsen.util - 71	:ok	:add	429
INFO  jepsen.util - 73	:invoke	:add	430
INFO  jepsen.util - 73	:ok	:add	430
INFO  jepsen.util - 127	:invoke	:add	431
INFO  jepsen.util - 75	:invoke	:add	432
INFO  jepsen.util - 75	:ok	:add	432
INFO  jepsen.util - 74	:invoke	:add	433
INFO  jepsen.util - 74	:ok	:add	433
INFO  jepsen.util - 71	:invoke	:add	434
INFO  jepsen.util - 73	:invoke	:add	435
INFO  jepsen.util - 71	:ok	:add	434
INFO  jepsen.util - 73	:ok	:add	435
INFO  jepsen.util - 75	:invoke	:add	436
INFO  jepsen.util - 74	:invoke	:add	437
INFO  jepsen.util - 75	:ok	:add	436
INFO  jepsen.util - 74	:ok	:add	437
INFO  jepsen.util - 73	:invoke	:add	438
INFO  jepsen.util - 71	:invoke	:add	439
INFO  jepsen.util - 73	:ok	:add	438
INFO  jepsen.util - 71	:ok	:add	439
INFO  jepsen.util - 74	:invoke	:add	440
INFO  jepsen.util - 74	:ok	:add	440
INFO  jepsen.util - 75	:invoke	:add	441
INFO  jepsen.util - 75	:ok	:add	441
INFO  jepsen.util - 71	:invoke	:add	442
INFO  jepsen.util - 73	:invoke	:add	443
INFO  jepsen.util - 71	:ok	:add	442
INFO  jepsen.util - 73	:ok	:add	443
INFO  jepsen.util - 74	:invoke	:add	444
INFO  jepsen.util - 74	:ok	:add	444
INFO  jepsen.util - 75	:invoke	:add	445
INFO  jepsen.util - 75	:ok	:add	445
INFO  jepsen.util - 73	:invoke	:add	446
INFO  jepsen.util - 73	:ok	:add	446
INFO  jepsen.util - 71	:invoke	:add	447
INFO  jepsen.util - 71	:ok	:add	447
INFO  jepsen.util - 74	:invoke	:add	448
INFO  jepsen.util - 74	:ok	:add	448
INFO  jepsen.util - 75	:invoke	:add	449
INFO  jepsen.util - 75	:ok	:add	449
INFO  jepsen.util - 127	:info	:add	:timed-out
INFO  jepsen.util - 73	:invoke	:add	450
INFO  jepsen.util - 71	:invoke	:add	451
INFO  jepsen.util - 73	:ok	:add	450
INFO  jepsen.util - 71	:ok	:add	451
INFO  jepsen.util - 74	:invoke	:add	452
INFO  jepsen.util - 74	:ok	:add	452
INFO  jepsen.util - 75	:invoke	:add	453
INFO  jepsen.util - 75	:ok	:add	453
INFO  jepsen.util - 132	:invoke	:add	454
INFO  jepsen.util - 71	:invoke	:add	455
INFO  jepsen.util - 71	:ok	:add	455
INFO  jepsen.util - 73	:invoke	:add	456
INFO  jepsen.util - 73	:ok	:add	456
INFO  jepsen.util - 74	:invoke	:add	457
INFO  jepsen.util - 74	:ok	:add	457
INFO  jepsen.util - 75	:invoke	:add	458
INFO  jepsen.util - 75	:ok	:add	458
INFO  jepsen.util - 71	:invoke	:add	459
INFO  jepsen.util - 71	:ok	:add	459
INFO  jepsen.util - 73	:invoke	:add	460
INFO  jepsen.util - 73	:ok	:add	460
INFO  jepsen.util - 74	:invoke	:add	461
INFO  jepsen.util - 74	:ok	:add	461
INFO  jepsen.util - 75	:invoke	:add	462
INFO  jepsen.util - 75	:ok	:add	462
INFO  jepsen.util - 71	:invoke	:add	463
INFO  jepsen.util - 71	:ok	:add	463
INFO  jepsen.util - 73	:invoke	:add	464
INFO  jepsen.util - 73	:ok	:add	464
INFO  jepsen.util - 74	:invoke	:add	465
INFO  jepsen.util - 74	:ok	:add	465
INFO  jepsen.util - 75	:invoke	:add	466
INFO  jepsen.util - 75	:ok	:add	466
INFO  jepsen.util - 71	:invoke	:add	467
INFO  jepsen.util - 71	:ok	:add	467
INFO  jepsen.util - 73	:invoke	:add	468
INFO  jepsen.util - 73	:ok	:add	468
INFO  jepsen.util - 74	:invoke	:add	469
INFO  jepsen.util - 74	:ok	:add	469
INFO  jepsen.util - 75	:invoke	:add	470
INFO  jepsen.util - 75	:ok	:add	470
INFO  jepsen.util - 71	:invoke	:add	471
INFO  jepsen.util - 71	:ok	:add	471
INFO  jepsen.util - 132	:info	:add	:timed-out
INFO  jepsen.util - 73	:invoke	:add	472
INFO  jepsen.util - 73	:ok	:add	472
INFO  jepsen.util - 74	:invoke	:add	473
INFO  jepsen.util - 74	:ok	:add	473
INFO  jepsen.util - 75	:invoke	:add	474
INFO  jepsen.util - 75	:ok	:add	474
INFO  jepsen.util - 71	:invoke	:add	475
INFO  jepsen.util - 71	:ok	:add	475
INFO  jepsen.util - 137	:invoke	:add	476
INFO  jepsen.util - 73	:invoke	:add	477
INFO  jepsen.util - 73	:ok	:add	477
INFO  jepsen.util - 74	:invoke	:add	478
INFO  jepsen.util - 74	:ok	:add	478
INFO  jepsen.util - 75	:invoke	:add	479
INFO  jepsen.util - 75	:ok	:add	479
INFO  jepsen.util - 71	:invoke	:add	480
INFO  jepsen.util - 71	:ok	:add	480
INFO  jepsen.util - 73	:invoke	:add	481
INFO  jepsen.util - 73	:ok	:add	481
INFO  jepsen.util - 74	:invoke	:add	482
INFO  jepsen.util - 74	:ok	:add	482
INFO  jepsen.util - 75	:invoke	:add	483
INFO  jepsen.util - 75	:ok	:add	483
INFO  jepsen.util - 71	:invoke	:add	484
INFO  jepsen.util - 71	:ok	:add	484
INFO  jepsen.util - 73	:invoke	:add	485
INFO  jepsen.util - 73	:ok	:add	485
INFO  jepsen.util - 74	:invoke	:add	486
INFO  jepsen.util - 74	:ok	:add	486
INFO  jepsen.util - 75	:invoke	:add	487
INFO  jepsen.util - 75	:ok	:add	487
INFO  jepsen.util - 71	:invoke	:add	488
INFO  jepsen.util - 71	:ok	:add	488
INFO  jepsen.util - 73	:invoke	:add	489
INFO  jepsen.util - 73	:ok	:add	489
INFO  jepsen.util - 74	:invoke	:add	490
INFO  jepsen.util - 74	:ok	:add	490
INFO  jepsen.util - 75	:invoke	:add	491
INFO  jepsen.util - 75	:ok	:add	491
INFO  jepsen.util - 71	:invoke	:add	492
INFO  jepsen.util - 71	:ok	:add	492
INFO  jepsen.util - 73	:invoke	:add	493
INFO  jepsen.util - 73	:ok	:add	493
INFO  jepsen.util - 137	:info	:add	:timed-out
INFO  jepsen.util - 74	:invoke	:add	494
INFO  jepsen.util - 74	:ok	:add	494
INFO  jepsen.util - 75	:invoke	:add	495
INFO  jepsen.util - 75	:ok	:add	495
INFO  jepsen.util - 71	:invoke	:add	496
INFO  jepsen.util - 71	:ok	:add	496
INFO  jepsen.util - 73	:invoke	:add	497
INFO  jepsen.util - 73	:ok	:add	497
INFO  jepsen.util - 142	:invoke	:add	498
INFO  jepsen.util - 74	:invoke	:add	499
INFO  jepsen.util - 74	:ok	:add	499
INFO  jepsen.util - 75	:invoke	:add	500
INFO  jepsen.util - 75	:ok	:add	500
INFO  jepsen.util - 71	:invoke	:add	501
INFO  jepsen.util - 71	:ok	:add	501
INFO  jepsen.util - 73	:invoke	:add	502
INFO  jepsen.util - 73	:ok	:add	502
INFO  jepsen.util - 74	:invoke	:add	503
INFO  jepsen.util - 74	:ok	:add	503
INFO  jepsen.util - 75	:invoke	:add	504
INFO  jepsen.util - 75	:ok	:add	504
INFO  jepsen.util - 73	:invoke	:add	505
INFO  jepsen.util - 73	:ok	:add	505
INFO  jepsen.util - 71	:invoke	:add	506
INFO  jepsen.util - 71	:ok	:add	506
INFO  jepsen.util - 74	:invoke	:add	507
INFO  jepsen.util - 74	:ok	:add	507
INFO  jepsen.util - 75	:invoke	:add	508
INFO  jepsen.util - 75	:ok	:add	508
INFO  jepsen.util - 73	:invoke	:add	509
INFO  jepsen.util - 73	:ok	:add	509
INFO  jepsen.util - 71	:invoke	:add	510
INFO  jepsen.util - 71	:ok	:add	510
INFO  jepsen.util - 74	:invoke	:add	511
INFO  jepsen.util - 74	:ok	:add	511
INFO  jepsen.util - 75	:invoke	:add	512
INFO  jepsen.util - 75	:ok	:add	512
INFO  jepsen.util - 73	:invoke	:add	513
INFO  jepsen.util - 73	:ok	:add	513
INFO  jepsen.util - 71	:invoke	:add	514
INFO  jepsen.util - 71	:ok	:add	514
INFO  jepsen.util - 74	:invoke	:add	515
INFO  jepsen.util - 74	:ok	:add	515
INFO  jepsen.util - 75	:invoke	:add	516
INFO  jepsen.util - 75	:ok	:add	516
INFO  jepsen.util - 142	:info	:add	:timed-out
INFO  jepsen.util - 73	:invoke	:add	517
INFO  jepsen.util - 73	:ok	:add	517
INFO  jepsen.util - 71	:invoke	:add	518
INFO  jepsen.util - 71	:ok	:add	518
INFO  jepsen.util - 74	:invoke	:add	519
INFO  jepsen.util - 74	:ok	:add	519
INFO  jepsen.util - 75	:invoke	:add	520
INFO  jepsen.util - 75	:ok	:add	520
INFO  jepsen.util - 147	:invoke	:add	521
INFO  jepsen.util - 73	:invoke	:add	522
INFO  jepsen.util - 73	:ok	:add	522
INFO  jepsen.util - 71	:invoke	:add	523
INFO  jepsen.util - 71	:ok	:add	523
INFO  jepsen.util - 74	:invoke	:add	524
INFO  jepsen.util - 74	:ok	:add	524
INFO  jepsen.util - 75	:invoke	:add	525
INFO  jepsen.util - 75	:ok	:add	525
INFO  jepsen.util - 73	:invoke	:add	526
INFO  jepsen.util - 73	:ok	:add	526
INFO  jepsen.util - 71	:invoke	:add	527
INFO  jepsen.util - 71	:ok	:add	527
INFO  jepsen.util - 75	:invoke	:add	528
INFO  jepsen.util - 74	:invoke	:add	529
INFO  jepsen.util - 74	:ok	:add	529
INFO  jepsen.util - 75	:ok	:add	528
INFO  jepsen.util - 73	:invoke	:add	530
INFO  jepsen.util - 71	:invoke	:add	531
INFO  jepsen.util - 73	:ok	:add	530
INFO  jepsen.util - 71	:ok	:add	531
INFO  jepsen.util - 74	:invoke	:add	532
INFO  jepsen.util - 74	:ok	:add	532
INFO  jepsen.util - 75	:invoke	:add	533
INFO  jepsen.util - 75	:ok	:add	533
INFO  jepsen.util - 73	:invoke	:add	534
INFO  jepsen.util - 73	:ok	:add	534
INFO  jepsen.util - 71	:invoke	:add	535
INFO  jepsen.util - 71	:ok	:add	535
INFO  jepsen.util - 74	:invoke	:add	536
INFO  jepsen.util - 74	:ok	:add	536
INFO  jepsen.util - 75	:invoke	:add	537
INFO  jepsen.util - 75	:ok	:add	537
INFO  jepsen.util - 71	:invoke	:add	538
INFO  jepsen.util - 71	:ok	:add	538
INFO  jepsen.util - 73	:invoke	:add	539
INFO  jepsen.util - 73	:ok	:add	539
INFO  jepsen.util - 147	:info	:add	:timed-out
INFO  jepsen.util - 74	:invoke	:add	540
INFO  jepsen.util - 74	:ok	:add	540
INFO  jepsen.util - 75	:invoke	:add	541
INFO  jepsen.util - 75	:ok	:add	541
INFO  jepsen.util - 73	:invoke	:add	542
INFO  jepsen.util - 73	:ok	:add	542
INFO  jepsen.util - 71	:invoke	:add	543
INFO  jepsen.util - 71	:ok	:add	543
INFO  jepsen.util - 152	:invoke	:add	544
INFO  jepsen.util - 74	:invoke	:add	545
INFO  jepsen.util - 74	:ok	:add	545
INFO  jepsen.util - 75	:invoke	:add	546
INFO  jepsen.util - 75	:ok	:add	546
INFO  jepsen.util - 73	:invoke	:add	547
INFO  jepsen.util - 73	:ok	:add	547
INFO  jepsen.util - 71	:invoke	:add	548
INFO  jepsen.util - 71	:ok	:add	548
INFO  jepsen.util - 74	:invoke	:add	549
INFO  jepsen.util - 74	:ok	:add	549
INFO  jepsen.util - 75	:invoke	:add	550
INFO  jepsen.util - 75	:ok	:add	550
INFO  jepsen.util - 73	:invoke	:add	551
INFO  jepsen.util - 73	:ok	:add	551
INFO  jepsen.util - 71	:invoke	:add	552
INFO  jepsen.util - 71	:ok	:add	552
INFO  jepsen.util - 74	:invoke	:add	553
INFO  jepsen.util - 74	:ok	:add	553
INFO  jepsen.util - 75	:invoke	:add	554
INFO  jepsen.util - 75	:ok	:add	554
INFO  jepsen.util - 73	:invoke	:add	555
INFO  jepsen.util - 73	:ok	:add	555
INFO  jepsen.util - 71	:invoke	:add	556
INFO  jepsen.util - 71	:ok	:add	556
INFO  jepsen.util - 74	:invoke	:add	557
INFO  jepsen.util - 74	:ok	:add	557
INFO  jepsen.util - 75	:invoke	:add	558
INFO  jepsen.util - 75	:ok	:add	558
INFO  jepsen.util - 71	:invoke	:add	559
INFO  jepsen.util - 71	:ok	:add	559
INFO  jepsen.util - 73	:invoke	:add	560
INFO  jepsen.util - 73	:ok	:add	560
INFO  jepsen.util - 152	:info	:add	:timed-out
INFO  jepsen.util - 74	:invoke	:add	561
INFO  jepsen.util - 75	:invoke	:add	562
INFO  jepsen.util - 75	:ok	:add	562
INFO  jepsen.util - 74	:ok	:add	561
INFO  jepsen.util - 73	:invoke	:add	563
INFO  jepsen.util - 73	:ok	:add	563
INFO  jepsen.util - 71	:invoke	:add	564
INFO  jepsen.util - 71	:ok	:add	564
INFO  jepsen.util - 157	:invoke	:add	565
INFO  jepsen.util - 74	:invoke	:add	566
INFO  jepsen.util - 74	:ok	:add	566
INFO  jepsen.util - 75	:invoke	:add	567
INFO  jepsen.util - 75	:ok	:add	567
INFO  jepsen.util - 73	:invoke	:add	568
INFO  jepsen.util - 71	:invoke	:add	569
INFO  jepsen.util - 73	:ok	:add	568
INFO  jepsen.util - 71	:ok	:add	569
INFO  jepsen.util - 75	:invoke	:add	570
INFO  jepsen.util - 74	:invoke	:add	571
INFO  jepsen.util - 75	:ok	:add	570
INFO  jepsen.util - 74	:ok	:add	571
INFO  jepsen.util - 71	:invoke	:add	572
INFO  jepsen.util - 71	:ok	:add	572
INFO  jepsen.util - 73	:invoke	:add	573
INFO  jepsen.util - 73	:ok	:add	573
INFO  jepsen.util - 74	:invoke	:add	574
INFO  jepsen.util - 74	:ok	:add	574
INFO  jepsen.util - 75	:invoke	:add	575
INFO  jepsen.util - 75	:ok	:add	575
INFO  jepsen.util - 71	:invoke	:add	576
INFO  jepsen.util - 73	:invoke	:add	577
INFO  jepsen.util - 71	:ok	:add	576
INFO  jepsen.util - 73	:ok	:add	577
INFO  jepsen.util - 75	:invoke	:add	578
INFO  jepsen.util - 75	:ok	:add	578
INFO  jepsen.util - 74	:invoke	:add	579
INFO  jepsen.util - 74	:ok	:add	579
INFO  jepsen.util - 71	:invoke	:add	580
INFO  jepsen.util - 71	:ok	:add	580
INFO  jepsen.util - 73	:invoke	:add	581
INFO  jepsen.util - 73	:ok	:add	581
INFO  jepsen.util - 75	:invoke	:add	582
INFO  jepsen.util - 75	:ok	:add	582
INFO  jepsen.util - 74	:invoke	:add	583
INFO  jepsen.util - 74	:ok	:add	583
INFO  jepsen.util - 157	:info	:add	:timed-out
INFO  jepsen.util - 73	:invoke	:add	584
INFO  jepsen.util - 73	:ok	:add	584
INFO  jepsen.util - 71	:invoke	:add	585
INFO  jepsen.util - 71	:ok	:add	585
INFO  jepsen.util - 75	:invoke	:add	586
INFO  jepsen.util - 75	:ok	:add	586
INFO  jepsen.util - 74	:invoke	:add	587
INFO  jepsen.util - 74	:ok	:add	587
INFO  jepsen.util - 162	:invoke	:add	588
INFO  jepsen.util - 71	:invoke	:add	589
INFO  jepsen.util - 71	:ok	:add	589
INFO  jepsen.util - 73	:invoke	:add	590
INFO  jepsen.util - 73	:ok	:add	590
INFO  jepsen.util - 75	:invoke	:add	591
INFO  jepsen.util - 75	:ok	:add	591
INFO  jepsen.util - 74	:invoke	:add	592
INFO  jepsen.util - 74	:ok	:add	592
INFO  jepsen.util - 71	:invoke	:add	593
INFO  jepsen.util - 71	:ok	:add	593
INFO  jepsen.util - 73	:invoke	:add	594
INFO  jepsen.util - 73	:ok	:add	594
INFO  jepsen.util - 75	:invoke	:add	595
INFO  jepsen.util - 75	:ok	:add	595
INFO  jepsen.util - 74	:invoke	:add	596
INFO  jepsen.util - 74	:ok	:add	596
INFO  jepsen.util - 71	:invoke	:add	597
INFO  jepsen.util - 71	:ok	:add	597
INFO  jepsen.util - 73	:invoke	:add	598
INFO  jepsen.util - 73	:ok	:add	598
INFO  jepsen.util - 75	:invoke	:add	599
INFO  jepsen.util - 75	:ok	:add	599
INFO  jepsen.util - 74	:invoke	:add	600
INFO  jepsen.util - 74	:ok	:add	600
INFO  jepsen.util - 71	:invoke	:add	601
INFO  jepsen.util - 71	:ok	:add	601
INFO  jepsen.util - 73	:invoke	:add	602
INFO  jepsen.util - 73	:ok	:add	602
INFO  jepsen.util - 75	:invoke	:add	603
INFO  jepsen.util - 75	:ok	:add	603
INFO  jepsen.util - 74	:invoke	:add	604
INFO  jepsen.util - 74	:ok	:add	604
INFO  jepsen.util - 71	:invoke	:add	605
INFO  jepsen.util - 71	:ok	:add	605
INFO  jepsen.util - 73	:invoke	:add	606
INFO  jepsen.util - 73	:ok	:add	606
INFO  jepsen.util - 162	:info	:add	:timed-out
INFO  jepsen.util - 74	:invoke	:add	607
INFO  jepsen.util - 74	:ok	:add	607
INFO  jepsen.util - 75	:invoke	:add	608
INFO  jepsen.util - 75	:ok	:add	608
INFO  jepsen.util - :nemesis	:info	:stop	nil
INFO  jepsen.util - 71	:invoke	:add	609
INFO  jepsen.util - 71	:ok	:add	609
INFO  jepsen.util - :nemesis	:info	:stop	"fully connected"
INFO  jepsen.util - 73	:invoke	:add	610
INFO  jepsen.util - 73	:ok	:add	610
INFO  jepsen.util - 167	:invoke	:add	611
INFO  jepsen.util - 75	:invoke	:add	612
INFO  jepsen.util - 75	:ok	:add	612
INFO  jepsen.util - 74	:invoke	:add	613
INFO  jepsen.util - 74	:ok	:add	613
INFO  jepsen.util - 71	:invoke	:add	614
INFO  jepsen.util - 71	:ok	:add	614
INFO  jepsen.util - 73	:invoke	:add	615
INFO  jepsen.util - 73	:ok	:add	615
INFO  jepsen.util - 75	:invoke	:add	616
INFO  jepsen.util - 75	:ok	:add	616
INFO  jepsen.util - 74	:invoke	:add	617
INFO  jepsen.util - 74	:ok	:add	617
INFO  jepsen.util - 71	:invoke	:add	618
INFO  jepsen.util - 71	:ok	:add	618
INFO  jepsen.util - 73	:invoke	:add	619
INFO  jepsen.util - 73	:ok	:add	619
INFO  jepsen.util - 75	:invoke	:add	620
INFO  jepsen.util - 75	:ok	:add	620
INFO  jepsen.util - 74	:invoke	:add	621
INFO  jepsen.util - 74	:ok	:add	621
INFO  jepsen.util - 71	:invoke	:add	622
INFO  jepsen.util - 71	:ok	:add	622
INFO  jepsen.util - 73	:invoke	:add	623
INFO  jepsen.util - 73	:ok	:add	623
INFO  jepsen.util - 75	:invoke	:add	624
INFO  jepsen.util - 75	:ok	:add	624
INFO  jepsen.util - 74	:invoke	:add	625
INFO  jepsen.util - 74	:ok	:add	625
INFO  jepsen.util - 71	:invoke	:add	626
INFO  jepsen.util - 71	:ok	:add	626
INFO  jepsen.util - 73	:invoke	:add	627
INFO  jepsen.util - 75	:invoke	:add	628
INFO  jepsen.util - 73	:ok	:add	627
INFO  jepsen.util - 75	:ok	:add	628
INFO  jepsen.util - 74	:invoke	:add	629
INFO  jepsen.util - 74	:ok	:add	629
INFO  jepsen.util - 167	:info	:add	:timed-out
INFO  jepsen.util - 71	:invoke	:add	630
INFO  jepsen.util - 71	:ok	:add	630
INFO  jepsen.util - 73	:invoke	:add	631
INFO  jepsen.util - 73	:ok	:add	631
INFO  jepsen.util - 75	:invoke	:add	632
INFO  jepsen.util - 75	:ok	:add	632
INFO  jepsen.util - 74	:invoke	:add	633
INFO  jepsen.util - 74	:ok	:add	633
INFO  jepsen.util - 172	:invoke	:add	634
INFO  jepsen.util - 71	:invoke	:add	635
INFO  jepsen.util - 71	:ok	:add	635
INFO  jepsen.util - 73	:invoke	:add	636
INFO  jepsen.util - 73	:ok	:add	636
INFO  jepsen.util - 75	:invoke	:add	637
INFO  jepsen.util - 75	:ok	:add	637
INFO  jepsen.util - 74	:invoke	:add	638
INFO  jepsen.util - 74	:ok	:add	638
INFO  jepsen.util - 71	:invoke	:add	639
INFO  jepsen.util - 71	:ok	:add	639
INFO  jepsen.util - 73	:invoke	:add	640
INFO  jepsen.util - 73	:ok	:add	640
INFO  jepsen.util - 75	:invoke	:add	641
INFO  jepsen.util - 75	:ok	:add	641
INFO  jepsen.util - 74	:invoke	:add	642
INFO  jepsen.util - 74	:ok	:add	642
INFO  jepsen.util - 71	:invoke	:add	643
INFO  jepsen.util - 71	:ok	:add	643
INFO  jepsen.util - 73	:invoke	:add	644
INFO  jepsen.util - 73	:ok	:add	644
INFO  jepsen.util - 75	:invoke	:add	645
INFO  jepsen.util - 75	:ok	:add	645
INFO  jepsen.util - 74	:invoke	:add	646
INFO  jepsen.util - 74	:ok	:add	646
INFO  jepsen.util - 71	:invoke	:add	647
INFO  jepsen.util - 71	:ok	:add	647
INFO  jepsen.util - 73	:invoke	:add	648
INFO  jepsen.util - 73	:ok	:add	648
INFO  jepsen.util - 75	:invoke	:add	649
INFO  jepsen.util - 75	:ok	:add	649
INFO  jepsen.util - 74	:invoke	:add	650
INFO  jepsen.util - 74	:ok	:add	650
INFO  jepsen.util - 172	:ok	:add	634
INFO  jepsen.util - 71	:invoke	:add	651
INFO  jepsen.util - 71	:ok	:add	651
INFO  jepsen.util - 73	:invoke	:add	652
INFO  jepsen.util - 73	:ok	:add	652
INFO  jepsen.util - 75	:invoke	:add	653
INFO  jepsen.util - 75	:ok	:add	653
INFO  jepsen.util - 74	:invoke	:add	654
INFO  jepsen.util - 74	:ok	:add	654
INFO  jepsen.util - 172	:invoke	:add	655
INFO  jepsen.util - 172	:ok	:add	655
INFO  jepsen.util - 71	:invoke	:add	656
INFO  jepsen.util - 71	:ok	:add	656
INFO  jepsen.util - 73	:invoke	:add	657
INFO  jepsen.util - 73	:ok	:add	657
INFO  jepsen.util - 75	:invoke	:add	658
INFO  jepsen.util - 75	:ok	:add	658
INFO  jepsen.util - 74	:invoke	:add	659
INFO  jepsen.util - 74	:ok	:add	659
INFO  jepsen.util - 172	:invoke	:add	660
INFO  jepsen.util - 172	:ok	:add	660
INFO  jepsen.util - 73	:invoke	:add	661
INFO  jepsen.util - 71	:invoke	:add	662
INFO  jepsen.util - 73	:ok	:add	661
INFO  jepsen.util - 71	:ok	:add	662
INFO  jepsen.util - 75	:invoke	:add	663
INFO  jepsen.util - 75	:ok	:add	663
INFO  jepsen.util - 74	:invoke	:add	664
INFO  jepsen.util - 74	:ok	:add	664
INFO  jepsen.util - 172	:invoke	:add	665
INFO  jepsen.util - 172	:ok	:add	665
INFO  jepsen.util - 71	:invoke	:add	666
INFO  jepsen.util - 73	:invoke	:add	667
INFO  jepsen.util - 71	:ok	:add	666
INFO  jepsen.util - 73	:ok	:add	667
INFO  jepsen.util - 75	:invoke	:add	668
INFO  jepsen.util - 75	:ok	:add	668
INFO  jepsen.util - 74	:invoke	:add	669
INFO  jepsen.util - 74	:ok	:add	669
INFO  jepsen.util - 172	:invoke	:add	670
INFO  jepsen.util - 73	:invoke	:add	671
INFO  jepsen.util - 172	:ok	:add	670
INFO  jepsen.util - 73	:ok	:add	671
INFO  jepsen.util - 71	:invoke	:add	672
INFO  jepsen.util - 71	:ok	:add	672
INFO  jepsen.util - 75	:invoke	:add	673
INFO  jepsen.util - 75	:ok	:add	673
INFO  jepsen.util - 74	:invoke	:add	674
INFO  jepsen.util - 74	:ok	:add	674
INFO  jepsen.util - 172	:invoke	:add	675
INFO  jepsen.util - 172	:ok	:add	675
INFO  jepsen.util - 73	:invoke	:add	676
INFO  jepsen.util - 73	:ok	:add	676
INFO  jepsen.util - 71	:invoke	:add	677
INFO  jepsen.util - 71	:ok	:add	677
INFO  jepsen.util - 75	:invoke	:add	678
INFO  jepsen.util - 75	:ok	:add	678
INFO  jepsen.util - 74	:invoke	:add	679
INFO  jepsen.util - 74	:ok	:add	679
INFO  jepsen.util - 172	:invoke	:add	680
INFO  jepsen.util - 172	:ok	:add	680
INFO  jepsen.util - 73	:invoke	:add	681
INFO  jepsen.util - 73	:ok	:add	681
INFO  jepsen.util - 75	:invoke	:add	682
INFO  jepsen.util - 75	:ok	:add	682
INFO  jepsen.util - 71	:invoke	:add	683
INFO  jepsen.util - 71	:ok	:add	683
INFO  jepsen.util - 74	:invoke	:add	684
INFO  jepsen.util - 74	:ok	:add	684
INFO  jepsen.util - 73	:invoke	:add	685
INFO  jepsen.util - 73	:ok	:add	685
INFO  jepsen.util - 172	:invoke	:add	686
INFO  jepsen.util - 172	:ok	:add	686
INFO  jepsen.util - 75	:invoke	:add	687
INFO  jepsen.util - 75	:ok	:add	687
INFO  jepsen.util - 71	:invoke	:add	688
INFO  jepsen.util - 71	:ok	:add	688
INFO  jepsen.util - 74	:invoke	:add	689
INFO  jepsen.util - 74	:ok	:add	689
INFO  jepsen.util - 73	:invoke	:add	690
INFO  jepsen.util - 73	:ok	:add	690
INFO  jepsen.util - 172	:invoke	:add	691
INFO  jepsen.util - 172	:ok	:add	691
INFO  jepsen.util - 75	:invoke	:add	692
INFO  jepsen.util - 71	:invoke	:add	693
INFO  jepsen.util - 75	:ok	:add	692
INFO  jepsen.util - 71	:ok	:add	693
INFO  jepsen.util - 74	:invoke	:add	694
INFO  jepsen.util - 74	:ok	:add	694
INFO  jepsen.util - 73	:invoke	:add	695
INFO  jepsen.util - 73	:ok	:add	695
INFO  jepsen.util - 172	:invoke	:add	696
INFO  jepsen.util - 172	:ok	:add	696
INFO  jepsen.util - 71	:invoke	:add	697
INFO  jepsen.util - 75	:invoke	:add	698
INFO  jepsen.util - 71	:ok	:add	697
INFO  jepsen.util - 75	:ok	:add	698
INFO  jepsen.util - 74	:invoke	:add	699
INFO  jepsen.util - 74	:ok	:add	699
INFO  jepsen.util - 73	:invoke	:add	700
INFO  jepsen.util - 73	:ok	:add	700
INFO  jepsen.util - 172	:invoke	:add	701
INFO  jepsen.util - 172	:ok	:add	701
INFO  jepsen.util - 75	:invoke	:add	702
INFO  jepsen.util - 75	:ok	:add	702
INFO  jepsen.util - 71	:invoke	:add	703
INFO  jepsen.util - 71	:ok	:add	703
INFO  jepsen.util - 74	:invoke	:add	704
INFO  jepsen.util - 74	:ok	:add	704
INFO  jepsen.util - 73	:invoke	:add	705
INFO  jepsen.util - 73	:ok	:add	705
INFO  jepsen.util - 75	:invoke	:add	706
INFO  jepsen.util - 75	:ok	:add	706
INFO  jepsen.util - 172	:invoke	:add	707
INFO  jepsen.util - 71	:invoke	:add	708
INFO  jepsen.util - 172	:ok	:add	707
INFO  jepsen.util - 71	:ok	:add	708
INFO  jepsen.util - 74	:invoke	:add	709
INFO  jepsen.util - 74	:ok	:add	709
INFO  jepsen.util - 73	:invoke	:add	710
INFO  jepsen.util - 73	:ok	:add	710
INFO  jepsen.util - 75	:invoke	:add	711
INFO  jepsen.util - 75	:ok	:add	711
INFO  jepsen.util - 71	:invoke	:add	712
INFO  jepsen.util - 71	:ok	:add	712
INFO  jepsen.util - 172	:invoke	:add	713
INFO  jepsen.util - 172	:ok	:add	713
INFO  jepsen.util - 74	:invoke	:add	714
INFO  jepsen.util - 74	:ok	:add	714
INFO  jepsen.util - 73	:invoke	:add	715
INFO  jepsen.util - 73	:ok	:add	715
INFO  jepsen.util - 75	:invoke	:add	716
INFO  jepsen.util - 75	:ok	:add	716
INFO  jepsen.util - 71	:invoke	:add	717
INFO  jepsen.util - 71	:ok	:add	717
INFO  jepsen.util - 172	:invoke	:add	718
INFO  jepsen.util - 172	:ok	:add	718
INFO  jepsen.util - 74	:invoke	:add	719
INFO  jepsen.util - 74	:ok	:add	719
INFO  jepsen.util - 73	:invoke	:add	720
INFO  jepsen.util - 73	:ok	:add	720
INFO  jepsen.util - 75	:invoke	:add	721
INFO  jepsen.util - 75	:ok	:add	721
INFO  jepsen.util - 172	:invoke	:add	722
INFO  jepsen.util - 172	:ok	:add	722
INFO  jepsen.util - 71	:invoke	:add	723
INFO  jepsen.util - 71	:ok	:add	723
INFO  jepsen.util - 74	:invoke	:add	724
INFO  jepsen.util - 74	:ok	:add	724
INFO  jepsen.util - 73	:invoke	:add	725
INFO  jepsen.util - 73	:ok	:add	725
INFO  jepsen.util - 75	:invoke	:add	726
INFO  jepsen.util - 75	:ok	:add	726
INFO  jepsen.util - 172	:invoke	:add	727
INFO  jepsen.util - 172	:ok	:add	727
INFO  jepsen.util - 71	:invoke	:add	728
INFO  jepsen.util - 71	:ok	:add	728
INFO  jepsen.util - 74	:invoke	:add	729
INFO  jepsen.util - 74	:ok	:add	729
INFO  jepsen.util - 75	:invoke	:add	730
INFO  jepsen.util - 75	:ok	:add	730
INFO  jepsen.util - 73	:invoke	:add	731
INFO  jepsen.util - 73	:ok	:add	731
INFO  jepsen.util - 172	:invoke	:add	732
INFO  jepsen.util - 172	:ok	:add	732
INFO  jepsen.util - 71	:invoke	:add	733
INFO  jepsen.util - 71	:ok	:add	733
INFO  jepsen.util - 74	:invoke	:add	734
INFO  jepsen.util - 74	:ok	:add	734
INFO  jepsen.util - 75	:invoke	:add	735
INFO  jepsen.util - 75	:ok	:add	735
INFO  jepsen.util - 73	:invoke	:add	736
INFO  jepsen.util - 73	:ok	:add	736
INFO  jepsen.util - 71	:invoke	:add	737
INFO  jepsen.util - 71	:ok	:add	737
INFO  jepsen.util - 172	:invoke	:add	738
INFO  jepsen.util - 172	:ok	:add	738
INFO  jepsen.util - 74	:invoke	:add	739
INFO  jepsen.util - 74	:ok	:add	739
INFO  jepsen.util - 75	:invoke	:add	740
INFO  jepsen.util - 75	:ok	:add	740
INFO  jepsen.util - 71	:invoke	:add	741
INFO  jepsen.util - 71	:ok	:add	741
INFO  jepsen.util - 73	:invoke	:add	742
INFO  jepsen.util - 73	:ok	:add	742
INFO  jepsen.util - 172	:invoke	:add	743
INFO  jepsen.util - 172	:ok	:add	743
INFO  jepsen.util - 74	:invoke	:add	744
INFO  jepsen.util - 74	:ok	:add	744
INFO  jepsen.util - 75	:invoke	:add	745
INFO  jepsen.util - 75	:ok	:add	745
INFO  jepsen.util - 71	:invoke	:add	746
INFO  jepsen.util - 71	:ok	:add	746
INFO  jepsen.util - 73	:invoke	:add	747
INFO  jepsen.util - 73	:ok	:add	747
INFO  jepsen.util - 172	:invoke	:add	748
INFO  jepsen.util - 172	:ok	:add	748
INFO  jepsen.util - 74	:invoke	:add	749
INFO  jepsen.util - 74	:ok	:add	749
INFO  jepsen.util - 75	:invoke	:add	750
INFO  jepsen.util - 75	:ok	:add	750
INFO  jepsen.util - 73	:invoke	:add	751
INFO  jepsen.util - 73	:ok	:add	751
INFO  jepsen.util - 71	:invoke	:add	752
INFO  jepsen.util - 71	:ok	:add	752
INFO  jepsen.util - 74	:invoke	:add	753
INFO  jepsen.util - 74	:ok	:add	753
INFO  jepsen.util - 172	:invoke	:add	754
INFO  jepsen.util - 172	:ok	:add	754
INFO  jepsen.util - 75	:invoke	:add	755
INFO  jepsen.util - 75	:ok	:add	755
INFO  jepsen.util - 73	:invoke	:add	756
INFO  jepsen.util - 71	:invoke	:add	757
INFO  jepsen.util - 73	:ok	:add	756
INFO  jepsen.util - 71	:ok	:add	757
INFO  jepsen.util - 74	:invoke	:add	758
INFO  jepsen.util - 172	:invoke	:add	759
INFO  jepsen.util - 74	:ok	:add	758
INFO  jepsen.util - 172	:ok	:add	759
INFO  jepsen.util - 75	:invoke	:add	760
INFO  jepsen.util - 75	:ok	:add	760
INFO  jepsen.util - 73	:invoke	:add	761
INFO  jepsen.util - 73	:ok	:add	761
INFO  jepsen.util - 71	:invoke	:add	762
INFO  jepsen.util - 71	:ok	:add	762
INFO  jepsen.util - 172	:invoke	:add	763
INFO  jepsen.util - 172	:ok	:add	763
INFO  jepsen.util - 74	:invoke	:add	764
INFO  jepsen.util - 74	:ok	:add	764
INFO  jepsen.util - 75	:invoke	:add	765
INFO  jepsen.util - 75	:ok	:add	765
INFO  jepsen.util - 71	:invoke	:add	766
INFO  jepsen.util - 71	:ok	:add	766
INFO  jepsen.util - 73	:invoke	:add	767
INFO  jepsen.util - 73	:ok	:add	767
INFO  jepsen.util - 172	:invoke	:add	768
INFO  jepsen.util - 74	:invoke	:add	769
INFO  jepsen.util - 172	:ok	:add	768
INFO  jepsen.util - 74	:ok	:add	769
INFO  jepsen.util - 75	:invoke	:add	770
INFO  jepsen.util - 75	:ok	:add	770
INFO  jepsen.util - 73	:invoke	:add	771
INFO  jepsen.util - 73	:ok	:add	771
INFO  jepsen.util - 71	:invoke	:add	772
INFO  jepsen.util - 71	:ok	:add	772
INFO  jepsen.util - 74	:invoke	:add	773
INFO  jepsen.util - 74	:ok	:add	773
INFO  jepsen.util - 172	:invoke	:add	774
INFO  jepsen.util - 172	:ok	:add	774
INFO  jepsen.util - 75	:invoke	:add	775
INFO  jepsen.util - 75	:ok	:add	775
INFO  jepsen.util - 73	:invoke	:add	776
INFO  jepsen.util - 73	:ok	:add	776
INFO  jepsen.util - 71	:invoke	:add	777
INFO  jepsen.util - 71	:ok	:add	777
INFO  jepsen.util - 74	:invoke	:add	778
INFO  jepsen.util - 172	:invoke	:add	779
INFO  jepsen.util - 172	:ok	:add	779
INFO  jepsen.util - 74	:ok	:add	778
INFO  jepsen.util - 73	:invoke	:add	780
INFO  jepsen.util - 73	:ok	:add	780
INFO  jepsen.util - 75	:invoke	:add	781
INFO  jepsen.util - 75	:ok	:add	781
INFO  jepsen.util - 71	:invoke	:add	782
INFO  jepsen.util - 71	:ok	:add	782
INFO  jepsen.util - 74	:invoke	:add	783
INFO  jepsen.util - 74	:ok	:add	783
INFO  jepsen.util - 172	:invoke	:add	784
INFO  jepsen.util - 172	:ok	:add	784
INFO  jepsen.util - 73	:invoke	:add	785
INFO  jepsen.util - 73	:ok	:add	785
INFO  jepsen.util - 71	:invoke	:add	786
INFO  jepsen.util - 71	:ok	:add	786
INFO  jepsen.util - 75	:invoke	:add	787
INFO  jepsen.util - 75	:ok	:add	787
INFO  jepsen.util - 74	:invoke	:add	788
INFO  jepsen.util - 74	:ok	:add	788
INFO  jepsen.util - 172	:invoke	:add	789
INFO  jepsen.util - 172	:ok	:add	789
INFO  jepsen.util - 73	:invoke	:add	790
INFO  jepsen.util - 73	:ok	:add	790
INFO  jepsen.util - 75	:invoke	:add	791
INFO  jepsen.util - 75	:ok	:add	791
INFO  jepsen.util - 71	:invoke	:add	792
INFO  jepsen.util - 71	:ok	:add	792
INFO  jepsen.util - 172	:invoke	:add	793
INFO  jepsen.util - 74	:invoke	:add	794
INFO  jepsen.util - 172	:ok	:add	793
INFO  jepsen.util - 74	:ok	:add	794
INFO  jepsen.util - 73	:invoke	:add	795
INFO  jepsen.util - 73	:ok	:add	795
INFO  jepsen.util - 71	:invoke	:add	796
INFO  jepsen.util - 71	:ok	:add	796
INFO  jepsen.util - 75	:invoke	:add	797
INFO  jepsen.util - 75	:ok	:add	797
INFO  jepsen.util - 172	:invoke	:add	798
INFO  jepsen.util - 172	:ok	:add	798
INFO  jepsen.util - 74	:invoke	:add	799
INFO  jepsen.util - 74	:ok	:add	799
INFO  jepsen.util - 73	:invoke	:add	800
INFO  jepsen.util - 71	:invoke	:add	801
INFO  jepsen.util - 73	:ok	:add	800
INFO  jepsen.util - 71	:ok	:add	801
INFO  jepsen.util - 75	:invoke	:add	802
INFO  jepsen.util - 75	:ok	:add	802
INFO  jepsen.util - 74	:invoke	:add	803
INFO  jepsen.util - 74	:ok	:add	803
INFO  jepsen.util - 172	:invoke	:add	804
INFO  jepsen.util - 172	:ok	:add	804
INFO  jepsen.util - 71	:invoke	:add	805
INFO  jepsen.util - 71	:ok	:add	805
INFO  jepsen.util - 73	:invoke	:add	806
INFO  jepsen.util - 73	:ok	:add	806
INFO  jepsen.util - 75	:invoke	:add	807
INFO  jepsen.util - 75	:ok	:add	807
INFO  jepsen.util - 74	:invoke	:add	808
INFO  jepsen.util - 74	:ok	:add	808
INFO  jepsen.util - 172	:invoke	:add	809
INFO  jepsen.util - 172	:ok	:add	809
INFO  jepsen.util - 71	:invoke	:add	810
INFO  jepsen.util - 71	:ok	:add	810
INFO  jepsen.util - 73	:invoke	:add	811
INFO  jepsen.util - 73	:ok	:add	811
INFO  jepsen.util - 75	:invoke	:add	812
INFO  jepsen.util - 75	:ok	:add	812
INFO  jepsen.util - 172	:invoke	:add	813
INFO  jepsen.util - 74	:invoke	:add	814
INFO  jepsen.util - 172	:ok	:add	813
INFO  jepsen.util - 74	:ok	:add	814
INFO  jepsen.util - 71	:invoke	:add	815
INFO  jepsen.util - 71	:ok	:add	815
INFO  jepsen.util - 73	:invoke	:add	816
INFO  jepsen.util - 73	:ok	:add	816
INFO  jepsen.util - 75	:invoke	:add	817
INFO  jepsen.util - 75	:ok	:add	817
INFO  jepsen.util - 74	:invoke	:add	818
INFO  jepsen.util - 74	:ok	:add	818
INFO  jepsen.util - 172	:invoke	:add	819
INFO  jepsen.util - 172	:ok	:add	819
INFO  jepsen.util - 71	:invoke	:add	820
INFO  jepsen.util - 71	:ok	:add	820
INFO  jepsen.util - 73	:invoke	:add	821
INFO  jepsen.util - 73	:ok	:add	821
INFO  jepsen.util - 75	:invoke	:add	822
INFO  jepsen.util - 75	:ok	:add	822
INFO  jepsen.util - 172	:invoke	:add	823
INFO  jepsen.util - 74	:invoke	:add	824
INFO  jepsen.util - 172	:ok	:add	823
INFO  jepsen.util - 74	:ok	:add	824
INFO  jepsen.util - 71	:invoke	:add	825
INFO  jepsen.util - 71	:ok	:add	825
INFO  jepsen.util - 73	:invoke	:add	826
INFO  jepsen.util - 73	:ok	:add	826
INFO  jepsen.util - 75	:invoke	:add	827
INFO  jepsen.util - 75	:ok	:add	827
INFO  jepsen.util - 172	:invoke	:add	828
INFO  jepsen.util - 74	:invoke	:add	829
INFO  jepsen.util - 172	:ok	:add	828
INFO  jepsen.util - 74	:ok	:add	829
INFO  jepsen.util - 71	:invoke	:add	830
INFO  jepsen.util - 71	:ok	:add	830
INFO  jepsen.util - 73	:invoke	:add	831
INFO  jepsen.util - 73	:ok	:add	831
INFO  jepsen.util - 75	:invoke	:add	832
INFO  jepsen.util - 75	:ok	:add	832
INFO  jepsen.util - 172	:invoke	:add	833
INFO  jepsen.util - 172	:ok	:add	833
INFO  jepsen.util - 74	:invoke	:add	834
INFO  jepsen.util - 74	:ok	:add	834
INFO  jepsen.util - 71	:invoke	:add	835
INFO  jepsen.util - 71	:ok	:add	835
INFO  jepsen.util - 73	:invoke	:add	836
INFO  jepsen.util - 73	:ok	:add	836
INFO  jepsen.util - 75	:invoke	:add	837
INFO  jepsen.util - 75	:ok	:add	837
INFO  jepsen.util - 172	:invoke	:add	838
INFO  jepsen.util - 172	:ok	:add	838
INFO  jepsen.util - 74	:invoke	:add	839
INFO  jepsen.util - 74	:ok	:add	839
INFO  jepsen.util - 71	:invoke	:add	840
INFO  jepsen.util - 71	:ok	:add	840
INFO  jepsen.util - 73	:invoke	:add	841
INFO  jepsen.util - 73	:ok	:add	841
INFO  jepsen.util - 75	:invoke	:add	842
INFO  jepsen.util - 75	:ok	:add	842
INFO  jepsen.util - 172	:invoke	:add	843
INFO  jepsen.util - 172	:ok	:add	843
INFO  jepsen.util - 74	:invoke	:add	844
INFO  jepsen.util - 74	:ok	:add	844
INFO  jepsen.util - 71	:invoke	:add	845
INFO  jepsen.util - 71	:ok	:add	845
INFO  jepsen.util - 73	:invoke	:add	846
INFO  jepsen.util - 75	:invoke	:add	847
INFO  jepsen.util - 73	:ok	:add	846
INFO  jepsen.util - 75	:ok	:add	847
INFO  jepsen.util - 172	:invoke	:add	848
INFO  jepsen.util - 172	:ok	:add	848
INFO  jepsen.util - 74	:invoke	:add	849
INFO  jepsen.util - 74	:ok	:add	849
INFO  jepsen.util - 71	:invoke	:add	850
INFO  jepsen.util - 71	:ok	:add	850
INFO  jepsen.util - 73	:invoke	:add	851
INFO  jepsen.util - 73	:ok	:add	851
INFO  jepsen.util - 75	:invoke	:add	852
INFO  jepsen.util - 75	:ok	:add	852
INFO  jepsen.util - 172	:invoke	:add	853
INFO  jepsen.util - 172	:ok	:add	853
INFO  jepsen.util - 74	:invoke	:add	854
INFO  jepsen.util - 74	:ok	:add	854
INFO  jepsen.util - 71	:invoke	:add	855
INFO  jepsen.util - 71	:ok	:add	855
INFO  jepsen.util - 73	:invoke	:add	856
INFO  jepsen.util - 73	:ok	:add	856
INFO  jepsen.util - 75	:invoke	:add	857
INFO  jepsen.util - 75	:ok	:add	857
INFO  jepsen.util - 172	:invoke	:add	858
INFO  jepsen.util - 172	:ok	:add	858
INFO  jepsen.util - 74	:invoke	:add	859
INFO  jepsen.util - 74	:ok	:add	859
INFO  jepsen.util - 71	:invoke	:add	860
INFO  jepsen.util - 71	:ok	:add	860
INFO  jepsen.util - 73	:invoke	:add	861
INFO  jepsen.util - 73	:ok	:add	861
INFO  jepsen.util - 75	:invoke	:add	862
INFO  jepsen.util - 75	:ok	:add	862
INFO  jepsen.util - 172	:invoke	:add	863
INFO  jepsen.util - 172	:ok	:add	863
INFO  jepsen.util - 74	:invoke	:add	864
INFO  jepsen.util - 74	:ok	:add	864
INFO  jepsen.util - 71	:invoke	:add	865
INFO  jepsen.util - 71	:ok	:add	865
INFO  jepsen.util - 75	:invoke	:add	866
INFO  jepsen.util - 75	:ok	:add	866
INFO  jepsen.util - 73	:invoke	:add	867
INFO  jepsen.util - 73	:ok	:add	867
INFO  jepsen.util - 172	:invoke	:add	868
INFO  jepsen.util - 172	:ok	:add	868
INFO  jepsen.util - 74	:invoke	:add	869
INFO  jepsen.util - 74	:ok	:add	869
INFO  jepsen.util - 71	:invoke	:add	870
INFO  jepsen.util - 71	:ok	:add	870
INFO  jepsen.util - 75	:invoke	:add	871
INFO  jepsen.util - 75	:ok	:add	871
INFO  jepsen.util - 73	:invoke	:add	872
INFO  jepsen.util - 73	:ok	:add	872
INFO  jepsen.util - 172	:invoke	:add	873
INFO  jepsen.util - 172	:ok	:add	873
INFO  jepsen.util - 74	:invoke	:add	874
INFO  jepsen.util - 74	:ok	:add	874
INFO  jepsen.util - 71	:invoke	:add	875
INFO  jepsen.util - 71	:ok	:add	875
INFO  jepsen.util - 73	:invoke	:add	876
INFO  jepsen.util - 73	:ok	:add	876
INFO  jepsen.util - 75	:invoke	:add	877
INFO  jepsen.util - 75	:ok	:add	877
INFO  jepsen.util - 172	:invoke	:add	878
INFO  jepsen.util - 172	:ok	:add	878
INFO  jepsen.util - 74	:invoke	:add	879
INFO  jepsen.util - 74	:ok	:add	879
INFO  jepsen.util - 71	:invoke	:add	880
INFO  jepsen.util - 71	:ok	:add	880
INFO  jepsen.util - 73	:invoke	:add	881
INFO  jepsen.util - 73	:ok	:add	881
INFO  jepsen.util - 75	:invoke	:add	882
INFO  jepsen.util - 75	:ok	:add	882
INFO  jepsen.util - 172	:invoke	:add	883
INFO  jepsen.util - 172	:ok	:add	883
INFO  jepsen.util - 74	:invoke	:add	884
INFO  jepsen.util - 74	:ok	:add	884
INFO  jepsen.util - 71	:invoke	:add	885
INFO  jepsen.util - 71	:ok	:add	885
INFO  jepsen.util - 75	:invoke	:add	886
INFO  jepsen.util - 73	:invoke	:add	887
INFO  jepsen.util - 73	:ok	:add	887
INFO  jepsen.util - 75	:ok	:add	886
INFO  jepsen.util - 74	:invoke	:add	888
INFO  jepsen.util - 74	:ok	:add	888
INFO  jepsen.util - 172	:invoke	:add	889
INFO  jepsen.util - 172	:ok	:add	889
INFO  jepsen.util - 71	:invoke	:add	890
INFO  jepsen.util - 71	:ok	:add	890
INFO  jepsen.util - 73	:invoke	:add	891
INFO  jepsen.util - 73	:ok	:add	891
INFO  jepsen.util - 75	:invoke	:add	892
INFO  jepsen.util - 75	:ok	:add	892
INFO  jepsen.util - 74	:invoke	:add	893
INFO  jepsen.util - 74	:ok	:add	893
INFO  jepsen.util - 172	:invoke	:add	894
INFO  jepsen.util - 172	:ok	:add	894
INFO  jepsen.util - 71	:invoke	:add	895
INFO  jepsen.util - 71	:ok	:add	895
INFO  jepsen.util - 75	:invoke	:add	896
INFO  jepsen.util - 75	:ok	:add	896
INFO  jepsen.util - 73	:invoke	:add	897
INFO  jepsen.util - 73	:ok	:add	897
INFO  jepsen.util - 74	:invoke	:add	898
INFO  jepsen.util - 74	:ok	:add	898
INFO  jepsen.util - 172	:invoke	:add	899
INFO  jepsen.util - 172	:ok	:add	899
INFO  jepsen.util - 71	:invoke	:add	900
INFO  jepsen.util - 71	:ok	:add	900
INFO  jepsen.util - 73	:invoke	:add	901
INFO  jepsen.util - 73	:ok	:add	901
INFO  jepsen.util - 75	:invoke	:add	902
INFO  jepsen.util - 75	:ok	:add	902
INFO  jepsen.util - 74	:invoke	:add	903
INFO  jepsen.util - 74	:ok	:add	903
INFO  jepsen.util - 172	:invoke	:add	904
INFO  jepsen.util - 172	:ok	:add	904
INFO  jepsen.util - 71	:invoke	:add	905
INFO  jepsen.util - 71	:ok	:add	905
INFO  jepsen.util - 73	:invoke	:add	906
INFO  jepsen.util - 73	:ok	:add	906
INFO  jepsen.util - 75	:invoke	:add	907
INFO  jepsen.util - 75	:ok	:add	907
INFO  jepsen.util - 74	:invoke	:add	908
INFO  jepsen.util - 74	:ok	:add	908
INFO  jepsen.util - 172	:invoke	:add	909
INFO  jepsen.util - 172	:ok	:add	909
INFO  jepsen.util - :nemesis	:info	:stop	nil
INFO  jepsen.util - :nemesis	:info	:stop	"fully connected"
INFO  jepsen.core - nemesis done
INFO  jepsen.util - 172	:invoke	:read	nil
INFO  jepsen.core - Worker 1 done
INFO  jepsen.system.elasticsearch - Waiting for recovery before read
INFO  jepsen.core - Worker 3 done
INFO  jepsen.core - Worker 4 done
INFO  jepsen.core - Worker 0 done
INFO  jepsen.system.elasticsearch - Elasticsearch reports green, but it's probably lying, so waiting another 200s
INFO  jepsen.system.elasticsearch - Recovered; flushing index before read
INFO  jepsen.util - 172	:ok	:read	#{0 1 2 3 4 5 6 7 8 9 10 11 12 13 14 15 16 17 18 19 20 21 22 23 24 25 26 27 28 29 30 31 32 33 34 35 36 37 38 39 40 41 42 43 44 45 46 47 48 49 50 51 52 53 54 55 56 57 58 59 60 61 62 63 64 65 66 67 68 69 70 71 72 73 74 75 76 77 78 79 80 81 82 83 84 85 86 87 88 89 90 91 92 93 94 95 96 97 98 99 100 101 102 103 104 105 106 107 108 109 110 111 112 113 114 115 116 117 118 119 120 121 122 123 124 125 127 129 131 132 135 138 139 140 142 144 145 146 149 151 153 154 155 156 158 159 160 161 163 164 165 166 168 169 170 171 173 174 175 176 178 179 180 181 183 184 185 186 188 189 190 191 193 194 195 196 198 199 200 201 202 203 204 206 207 208 209 210 211 212 213 214 215 216 217 218 219 220 221 222 223 224 225 227 228 229 230 231 232 233 234 235 236 237 238 239 240 241 242 243 244 245 246 247 248 250 251 252 253 254 255 256 257 258 259 260 261 262 263 264 265 266 267 268 269 270 271 273 274 275 276 277 278 279 280 281 282 283 284 285 286 287 288 289 290 291 292 294 295 296 297 298 299 300 301 302 303 304 305 306 307 308 309 310 311 312 313 314 315 316 318 319 320 321 322 323 324 325 326 327 328 329 330 331 332 333 334 335 336 337 338 340 341 342 343 344 345 346 347 348 349 350 351 352 353 354 355 356 357 358 359 360 361 363 364 365 366 367 368 369 370 371 372 373 374 375 376 377 378 379 380 381 382 383 384 386 387 388 389 390 391 392 393 394 395 396 397 398 399 400 401 402 403 404 405 406 407 409 410 411 412 413 414 415 416 417 418 419 420 421 422 423 424 425 426 427 428 429 430 431 432 433 434 435 436 437 438 439 440 441 442 443 444 445 446 447 448 449 450 451 452 453 454 455 456 457 458 459 460 461 462 463 464 465 466 467 468 469 470 471 472 473 474 475 476 477 478 479 480 481 482 483 484 485 486 487 488 489 490 491 492 493 494 495 496 497 498 499 500 501 502 503 504 505 506 507 508 509 510 511 512 513 514 515 516 517 518 519 520 521 522 523 524 525 526 527 528 529 530 531 532 533 534 535 536 537 538 539 540 541 542 543 544 545 546 547 548 549 550 551 552 553 554 555 556 557 558 559 560 561 562 563 564 565 566 567 568 569 570 571 572 573 574 575 576 577 578 579 580 581 582 583 584 585 586 587 588 589 590 591 592 593 594 595 596 597 598 599 600 601 602 603 604 605 606 607 608 609 610 611 612 613 614 615 616 617 618 619 620 621 622 623 624 625 626 627 628 629 630 631 632 633 634 635 636 637 638 639 640 641 642 643 644 645 646 647 648 649 650 651 652 653 654 655 656 657 658 659 660 661 662 663 664 665 666 667 668 669 670 671 672 673 674 675 676 677 678 679 680 681 682 683 684 685 686 687 688 689 690 691 692 693 694 695 696 697 698 699 700 701 702 703 704 705 706 707 708 709 710 711 712 713 714 715 716 717 718 719 720 721 722 723 724 725 726 727 728 729 730 731 732 733 734 735 736 737 738 739 740 741 742 743 744 745 746 747 748 749 750 751 752 753 754 755 756 757 758 759 760 761 762 763 764 765 766 767 768 769 770 771 772 773 774 775 776 777 778 779 780 781 782 783 784 785 786 787 788 789 790 791 792 793 794 795 796 797 798 799 800 801 802 803 804 805 806 807 808 809 810 811 812 813 814 815 816 817 818 819 820 821 822 823 824 825 826 827 828 829 830 831 832 833 834 835 836 837 838 839 840 841 842 843 844 845 846 847 848 849 850 851 852 853 854 855 856 857 858 859 860 861 862 863 864 865 866 867 868 869 870 871 872 873 874 875 876 877 878 879 880 881 882 883 884 885 886 887 888 889 890 891 892 893 894 895 896 897 898 899 900 901 902 903 904 905 906 907 908 909}
INFO  jepsen.core - Worker 2 done
INFO  jepsen.core - Run complete, writing
INFO  jepsen.core - Analyzing
INFO  jepsen.core - Analysis complete
INFO  jepsen.system.elasticsearch - :n3 elasticsearch nuked
INFO  jepsen.system.elasticsearch - :n2 elasticsearch nuked
INFO  jepsen.system.elasticsearch - :n4 elasticsearch nuked
INFO  jepsen.system.elasticsearch - :n5 elasticsearch nuked
INFO  jepsen.system.elasticsearch - :n1 elasticsearch nuked
{:valid? true,
 :html {:valid? true},
 :set
 {:valid? true,
  :lost "#{}",
  :recovered
  "#{127 129 131..132 135 138..140 142 144..146 149 151 153..156 158..161 163..166 168..171 173..176 178..181 183..186 188..191 193..196 431 454 476 498 521 544 565 588 611}",
  :ok
  "#{0..125 127 129 131..132 135 138..140 142 144..146 149 151 153..156 158..161 163..166 168..171 173..176 178..181 183..186 188..191 193..196 198..204 206..225 227..248 250..271 273..292 294..316 318..338 340..361 363..384 386..407 409..909}",
  :recovered-frac 59/910,
  :unexpected-frac 0,
  :unexpected "#{}",
  :lost-frac 0,
  :ok-frac 439/455}}

Ran 1 tests containing 1 assertions.
0 failures, 0 errors.
