
lein test jepsen.system.etcd-test
INFO  jepsen.os.debian - :n1 setting up debian
INFO  jepsen.os.debian - :n4 setting up debian
INFO  jepsen.os.debian - :n2 setting up debian
INFO  jepsen.os.debian - :n3 setting up debian
INFO  jepsen.os.debian - :n5 setting up debian
INFO  jepsen.os.debian - :n3 debian set up
INFO  jepsen.os.debian - :n4 debian set up
INFO  jepsen.os.debian - :n2 debian set up
INFO  jepsen.os.debian - :n5 debian set up
INFO  jepsen.os.debian - :n1 debian set up
INFO  jepsen.system.etcd - :n1 etcd nuked
INFO  jepsen.system.etcd - :n3 etcd nuked
INFO  jepsen.system.etcd - :n5 etcd nuked
INFO  jepsen.system.etcd - :n4 etcd nuked
INFO  jepsen.system.etcd - :n2 etcd nuked
INFO  jepsen.system.etcd - Running nodes: {:n1 false, :n2 false, :n3 false, :n4 false, :n5 false}
INFO  jepsen.system.etcd - :n5 etcd nuked
INFO  jepsen.system.etcd - :n3 etcd nuked
INFO  jepsen.system.etcd - :n4 etcd nuked
INFO  jepsen.system.etcd - :n2 etcd nuked
INFO  jepsen.system.etcd - :n1 etcd nuked
INFO  jepsen.system.etcd - :n1 starting etcd
INFO  jepsen.system.etcd - :n5 starting etcd
INFO  jepsen.system.etcd - :n4 starting etcd
INFO  jepsen.system.etcd - :n2 starting etcd
INFO  jepsen.system.etcd - :n3 starting etcd
INFO  jepsen.system.etcd - Running nodes: {:n1 true, :n2 true, :n3 true, :n4 true, :n5 true}
INFO  jepsen.system.etcd - :n2 etcd ready
INFO  jepsen.system.etcd - :n5 etcd ready
INFO  jepsen.system.etcd - :n1 etcd ready
INFO  jepsen.system.etcd - :n4 etcd ready
INFO  jepsen.system.etcd - :n3 etcd ready
INFO  jepsen.core - Worker 3 starting
INFO  jepsen.core - Worker 1 starting
INFO  jepsen.core - Worker 2 starting
INFO  jepsen.core - Worker 4 starting
INFO  jepsen.core - Worker 0 starting
INFO  jepsen.util - 2	:invoke	:write	1
INFO  jepsen.util - 1	:invoke	:write	4
INFO  jepsen.util - 3	:invoke	:cas	[1 0]
INFO  jepsen.util - 4	:invoke	:cas	[4 0]
INFO  jepsen.util - 0	:invoke	:cas	[4 2]
INFO  jepsen.util - 3	:ok	:cas	[1 0]
INFO  jepsen.util - 1	:ok	:write	4
INFO  jepsen.util - 2	:ok	:write	1
INFO  jepsen.util - 4	:fail	:cas	[4 0]
INFO  jepsen.util - 0	:fail	:cas	[4 2]
INFO  jepsen.util - 3	:invoke	:read	nil
INFO  jepsen.util - 1	:invoke	:write	0
INFO  jepsen.util - 2	:invoke	:read	nil
INFO  jepsen.util - 3	:ok	:read	0
INFO  jepsen.util - 2	:ok	:read	0
INFO  jepsen.util - 1	:ok	:write	0
INFO  jepsen.util - 4	:invoke	:read	nil
INFO  jepsen.util - 4	:ok	:read	0
INFO  jepsen.util - 0	:invoke	:cas	[0 4]
INFO  jepsen.util - 0	:ok	:cas	[0 4]
INFO  jepsen.util - 3	:invoke	:cas	[3 4]
INFO  jepsen.util - 2	:invoke	:cas	[2 3]
INFO  jepsen.util - 1	:invoke	:read	nil
INFO  jepsen.util - 3	:fail	:cas	[3 4]
INFO  jepsen.util - 1	:ok	:read	4
INFO  jepsen.util - 4	:invoke	:read	nil
INFO  jepsen.util - 4	:ok	:read	4
INFO  jepsen.util - 2	:fail	:cas	[2 3]
INFO  jepsen.util - 0	:invoke	:write	0
INFO  jepsen.util - 0	:ok	:write	0
INFO  jepsen.util - 3	:invoke	:cas	[3 3]
INFO  jepsen.util - 1	:invoke	:cas	[4 1]
INFO  jepsen.util - 3	:fail	:cas	[3 3]
INFO  jepsen.util - 4	:invoke	:read	nil
INFO  jepsen.util - 4	:ok	:read	0
INFO  jepsen.util - 2	:invoke	:cas	[3 3]
INFO  jepsen.util - 1	:fail	:cas	[4 1]
INFO  jepsen.util - 2	:fail	:cas	[3 3]
INFO  jepsen.util - 0	:invoke	:cas	[2 4]
INFO  jepsen.util - 0	:fail	:cas	[2 4]
INFO  jepsen.util - :nemesis	:info	:start	nil
INFO  jepsen.util - 3	:invoke	:cas	[4 4]
INFO  jepsen.util - 4	:invoke	:write	4
INFO  jepsen.util - 1	:invoke	:read	nil
INFO  jepsen.util - 1	:ok	:read	0
INFO  jepsen.util - 2	:invoke	:read	nil
INFO  jepsen.util - 2	:ok	:read	0
INFO  jepsen.util - 0	:invoke	:write	3
INFO  jepsen.util - :nemesis	:info	:start	"Cut off {:n1 #{:n4 :n5}, :n2 #{:n4 :n5}, :n3 #{:n4 :n5}, :n5 #{:n3 :n2 :n1}, :n4 #{:n3 :n2 :n1}}"
INFO  jepsen.util - 3	:info	:cas	:timed-out
INFO  jepsen.util - 4	:info	:write	:timed-out
INFO  jepsen.util - 1	:invoke	:cas	[3 4]
INFO  jepsen.util - 2	:invoke	:cas	[2 2]
INFO  jepsen.util - 1	:fail	:cas	[3 4]
INFO  jepsen.util - 0	:info	:write	:timed-out
INFO  jepsen.util - 2	:fail	:cas	[2 2]
INFO  jepsen.util - 8	:invoke	:write	1
INFO  jepsen.util - 9	:invoke	:write	1
INFO  jepsen.util - 1	:invoke	:write	1
INFO  jepsen.util - 1	:ok	:write	1
INFO  jepsen.util - 5	:invoke	:read	nil
INFO  jepsen.util - 5	:ok	:read	1
INFO  jepsen.util - 2	:invoke	:cas	[4 2]
INFO  jepsen.util - 8	:info	:write	:timed-out
INFO  jepsen.util - 9	:info	:write	:timed-out
INFO  jepsen.util - 2	:fail	:cas	[4 2]
INFO  jepsen.util - 1	:invoke	:write	2
INFO  jepsen.util - 5	:invoke	:cas	[2 2]
INFO  jepsen.util - 1	:ok	:write	2
INFO  jepsen.util - 5	:ok	:cas	[2 2]
INFO  jepsen.util - 13	:invoke	:read	nil
INFO  jepsen.util - 13	:ok	:read	0
INFO  jepsen.util - 14	:invoke	:write	1
INFO  jepsen.util - 2	:invoke	:cas	[0 4]
INFO  jepsen.util - 1	:invoke	:write	3
INFO  jepsen.util - 2	:fail	:cas	[0 4]
INFO  jepsen.util - 1	:ok	:write	3
INFO  jepsen.util - 5	:invoke	:write	0
INFO  jepsen.util - 5	:ok	:write	0
INFO  jepsen.util - 13	:invoke	:write	4
INFO  jepsen.util - 14	:info	:write	:timed-out
INFO  jepsen.util - :nemesis	:info	:stop	nil
INFO  jepsen.util - 2	:invoke	:cas	[2 3]
INFO  jepsen.util - 2	:fail	:cas	[2 3]
INFO  jepsen.util - 1	:invoke	:cas	[2 3]
INFO  jepsen.util - 5	:invoke	:cas	[1 4]
INFO  jepsen.util - :nemesis	:info	:stop	"fully connected"
INFO  jepsen.util - 1	:fail	:cas	[2 3]
INFO  jepsen.util - 5	:fail	:cas	[1 4]
INFO  jepsen.util - 13	:info	:write	:timed-out
INFO  jepsen.util - 19	:invoke	:read	nil
INFO  jepsen.util - 19	:ok	:read	0
INFO  jepsen.util - 2	:invoke	:write	2
INFO  jepsen.util - 2	:ok	:write	2
INFO  jepsen.util - 1	:invoke	:write	4
INFO  jepsen.util - 5	:invoke	:cas	[4 0]
INFO  jepsen.util - 1	:ok	:write	4
INFO  jepsen.util - 18	:invoke	:cas	[0 3]
INFO  jepsen.util - 19	:invoke	:write	4
INFO  jepsen.util - 5	:ok	:cas	[4 0]
INFO  jepsen.util - 19	:ok	:write	4
INFO  jepsen.util - 2	:invoke	:cas	[3 1]
INFO  jepsen.util - 2	:fail	:cas	[3 1]
INFO  jepsen.util - 1	:invoke	:write	1
INFO  jepsen.util - 18	:info	:cas	:timed-out
INFO  jepsen.util - 1	:ok	:write	1
INFO  jepsen.util - 5	:invoke	:read	nil
INFO  jepsen.util - 5	:ok	:read	1
INFO  jepsen.util - 19	:invoke	:write	4
INFO  jepsen.util - 19	:ok	:write	4
INFO  jepsen.util - 2	:invoke	:cas	[2 2]
INFO  jepsen.util - 2	:fail	:cas	[2 2]
INFO  jepsen.util - 23	:invoke	:write	0
INFO  jepsen.util - 1	:invoke	:cas	[3 2]
INFO  jepsen.util - 5	:invoke	:read	nil
INFO  jepsen.util - 23	:ok	:write	0
INFO  jepsen.util - 5	:ok	:read	0
INFO  jepsen.util - 19	:invoke	:write	1
INFO  jepsen.util - 19	:ok	:write	1
INFO  jepsen.util - 1	:fail	:cas	[3 2]
INFO  jepsen.util - 2	:invoke	:read	nil
INFO  jepsen.util - 2	:ok	:read	1
INFO  jepsen.util - 23	:invoke	:cas	[0 1]
INFO  jepsen.util - 5	:invoke	:write	0
INFO  jepsen.util - 19	:invoke	:write	0
INFO  jepsen.util - 1	:invoke	:cas	[3 1]
INFO  jepsen.util - 5	:ok	:write	0
INFO  jepsen.util - 23	:fail	:cas	[0 1]
INFO  jepsen.util - 1	:fail	:cas	[3 1]
INFO  jepsen.util - 2	:invoke	:read	nil
INFO  jepsen.util - 2	:ok	:read	0
INFO  jepsen.util - 19	:ok	:write	0
INFO  jepsen.util - :nemesis	:info	:start	nil
INFO  jepsen.util - 5	:invoke	:write	0
INFO  jepsen.util - 23	:invoke	:write	2
INFO  jepsen.util - 1	:invoke	:read	nil
INFO  jepsen.util - 1	:ok	:read	0
INFO  jepsen.util - 5	:ok	:write	0
INFO  jepsen.util - 2	:invoke	:cas	[1 3]
INFO  jepsen.util - :nemesis	:info	:start	"Cut off {:n1 #{:n4 :n5}, :n2 #{:n4 :n5}, :n3 #{:n4 :n5}, :n5 #{:n3 :n2 :n1}, :n4 #{:n3 :n2 :n1}}"
INFO  jepsen.util - 19	:invoke	:read	nil
INFO  jepsen.util - 19	:ok	:read	0
INFO  jepsen.util - 2	:fail	:cas	[1 3]
INFO  jepsen.util - 23	:info	:write	:timed-out
INFO  jepsen.util - 1	:invoke	:write	0
INFO  jepsen.util - 5	:invoke	:cas	[2 4]
INFO  jepsen.util - 1	:ok	:write	0
INFO  jepsen.util - 19	:invoke	:write	4
INFO  jepsen.util - 2	:invoke	:read	nil
INFO  jepsen.util - 2	:ok	:read	0
INFO  jepsen.util - 5	:fail	:cas	[2 4]
INFO  jepsen.util - 28	:invoke	:cas	[1 2]
INFO  jepsen.util - 1	:invoke	:write	2
INFO  jepsen.util - 19	:info	:write	:timed-out
INFO  jepsen.util - 2	:invoke	:write	4
INFO  jepsen.util - 1	:ok	:write	2
INFO  jepsen.util - 5	:invoke	:write	2
INFO  jepsen.util - 2	:ok	:write	4
INFO  jepsen.util - 5	:ok	:write	2
INFO  jepsen.util - 28	:info	:cas	:timed-out
INFO  jepsen.util - 24	:invoke	:write	1
INFO  jepsen.util - 1	:invoke	:write	1
INFO  jepsen.util - 2	:invoke	:read	nil
INFO  jepsen.util - 2	:ok	:read	1
INFO  jepsen.util - 1	:ok	:write	1
INFO  jepsen.util - 5	:invoke	:cas	[3 2]
INFO  jepsen.util - 5	:fail	:cas	[3 2]
INFO  jepsen.util - 33	:invoke	:read	nil
INFO  jepsen.util - 33	:ok	:read	0
INFO  jepsen.util - 24	:info	:write	:timed-out
INFO  jepsen.util - :nemesis	:info	:stop	nil
INFO  jepsen.util - :nemesis	:info	:stop	"fully connected"
INFO  jepsen.util - :nemesis	:info	:stop	nil
INFO  jepsen.util - :nemesis	:info	:stop	"fully connected"
INFO  jepsen.core - nemesis done
INFO  jepsen.util - 2	:invoke	:read	nil
INFO  jepsen.core - Worker 0 done
INFO  jepsen.core - Worker 1 done
INFO  jepsen.core - Worker 3 done
INFO  jepsen.core - Worker 4 done
INFO  jepsen.util - 2	:ok	:read	1
INFO  jepsen.core - Worker 2 done
INFO  jepsen.core - Run complete, writing
INFO  jepsen.core - Analyzing
INFO  knossos.core - [70 / 176] 706 extant worlds, 19517 visited/s, 1724 skipped/s, hitrate 0.081 cache size 7722
INFO  knossos.core - [70 / 176] 1189 extant worlds, 58051 visited/s, 6074 skipped/s, hitrate 0.095 cache size 26108
INFO  knossos.core - [70 / 176] 310 extant worlds, 56590 visited/s, 5757 skipped/s, hitrate 0.092 cache size 42711
INFO  jepsen.core - Analysis complete
INFO  jepsen.system.etcd - :n5 etcd nuked
INFO  jepsen.system.etcd - :n1 etcd nuked
INFO  jepsen.system.etcd - :n2 etcd nuked
INFO  jepsen.system.etcd - :n3 etcd nuked
INFO  jepsen.system.etcd - :n4 etcd nuked

lein test :only jepsen.system.etcd-test/register-test

FAIL in (register-test) (etcd_test.clj:45)
expected: (:valid? (:results test))
  actual: false
Not linearizable. Linearizable prefix was:
1	:invoke	:write	4
2	:invoke	:write	1
3	:invoke	:cas	[1 0]
4	:invoke	:cas	[4 0]
0	:invoke	:cas	[4 2]
3	:ok	:cas	[1 0]
1	:ok	:write	4
2	:ok	:write	1
4	:fail	:cas	[4 0]
0	:fail	:cas	[4 2]
3	:invoke	:read	0
1	:invoke	:write	0
2	:invoke	:read	0
3	:ok	:read	0
2	:ok	:read	0
1	:ok	:write	0
4	:invoke	:read	0
4	:ok	:read	0
0	:invoke	:cas	[0 4]
0	:ok	:cas	[0 4]
3	:invoke	:cas	[3 4]
2	:invoke	:cas	[2 3]
1	:invoke	:read	4
3	:fail	:cas	[3 4]
1	:ok	:read	4
4	:invoke	:read	4
4	:ok	:read	4
2	:fail	:cas	[2 3]
0	:invoke	:write	0
0	:ok	:write	0
3	:invoke	:cas	[3 3]
1	:invoke	:cas	[4 1]
3	:fail	:cas	[3 3]
4	:invoke	:read	0
4	:ok	:read	0
2	:invoke	:cas	[3 3]
1	:fail	:cas	[4 1]
2	:fail	:cas	[3 3]
0	:invoke	:cas	[2 4]
0	:fail	:cas	[2 4]
:nemesis	:info	:start	nil
3	:invoke	:cas	[4 4]
4	:invoke	:write	4
1	:invoke	:read	0
1	:ok	:read	0
2	:invoke	:read	0
2	:ok	:read	0
0	:invoke	:write	3
:nemesis	:info	:start	"Cut off {:n1 #{:n4 :n5}, :n2 #{:n4 :n5}, :n3 #{:n4 :n5}, :n5 #{:n3 :n2 :n1}, :n4 #{:n3 :n2 :n1}}"
3	:info	:cas	:timed-out
4	:info	:write	:timed-out
1	:invoke	:cas	[3 4]
2	:invoke	:cas	[2 2]
1	:fail	:cas	[3 4]
0	:info	:write	:timed-out
2	:fail	:cas	[2 2]
8	:invoke	:write	1
9	:invoke	:write	1
1	:invoke	:write	1
1	:ok	:write	1
5	:invoke	:read	1
5	:ok	:read	1
2	:invoke	:cas	[4 2]
8	:info	:write	:timed-out
9	:info	:write	:timed-out
2	:fail	:cas	[4 2]
1	:invoke	:write	2
5	:invoke	:cas	[2 2]
1	:ok	:write	2
5	:ok	:cas	[2 2]

Followed by inconsistent operation:
13	:invoke	:read	0

-------------------------------------------------------------
Just prior to that operation, possible interpretations of the
linearizable prefix were:
World with fixed history:
1	:invoke	:write	4
2	:invoke	:write	1
3	:invoke	:cas	[1 0]
3	:invoke	:read	0
2	:invoke	:read	0
1	:invoke	:write	0
4	:invoke	:read	0
0	:invoke	:cas	[0 4]
1	:invoke	:read	4
4	:invoke	:read	4
0	:invoke	:write	0
4	:invoke	:read	0
1	:invoke	:read	0
2	:invoke	:read	0
1	:invoke	:write	1
9	:invoke	:write	1
5	:invoke	:read	1
0	:invoke	:write	3
4	:invoke	:write	4
1	:invoke	:write	2
5	:invoke	:cas	[2 2]

led to state: 
{:value 2}

with pending operations:
3	:invoke	:cas	[4 4]
8	:invoke	:write	1

World with fixed history:
1	:invoke	:write	4
2	:invoke	:write	1
3	:invoke	:cas	[1 0]
1	:invoke	:write	0
3	:invoke	:read	0
2	:invoke	:read	0
4	:invoke	:read	0
0	:invoke	:cas	[0 4]
1	:invoke	:read	4
4	:invoke	:read	4
0	:invoke	:write	0
4	:invoke	:read	0
1	:invoke	:read	0
2	:invoke	:read	0
9	:invoke	:write	1
8	:invoke	:write	1
1	:invoke	:write	1
5	:invoke	:read	1
4	:invoke	:write	4
3	:invoke	:cas	[4 4]
1	:invoke	:write	2
5	:invoke	:cas	[2 2]

led to state: 
{:value 2}

with pending operations:
0	:invoke	:write	3

World with fixed history:
1	:invoke	:write	4
2	:invoke	:write	1
3	:invoke	:cas	[1 0]
1	:invoke	:write	0
2	:invoke	:read	0
3	:invoke	:read	0
4	:invoke	:read	0
0	:invoke	:cas	[0 4]
1	:invoke	:read	4
4	:invoke	:read	4
0	:invoke	:write	0
4	:invoke	:read	0
1	:invoke	:read	0
2	:invoke	:read	0
0	:invoke	:write	3
1	:invoke	:write	1
5	:invoke	:read	1
8	:invoke	:write	1
1	:invoke	:write	2
5	:invoke	:cas	[2 2]
4	:invoke	:write	4

led to state: 
{:value 4}

with pending operations:
9	:invoke	:write	1
3	:invoke	:cas	[4 4]

World with fixed history:
2	:invoke	:write	1
3	:invoke	:cas	[1 0]
1	:invoke	:write	4
1	:invoke	:write	0
3	:invoke	:read	0
2	:invoke	:read	0
4	:invoke	:read	0
0	:invoke	:cas	[0 4]
1	:invoke	:read	4
4	:invoke	:read	4
0	:invoke	:write	0
4	:invoke	:read	0
1	:invoke	:read	0
2	:invoke	:read	0
0	:invoke	:write	3
9	:invoke	:write	1
4	:invoke	:write	4
1	:invoke	:write	1
5	:invoke	:read	1
1	:invoke	:write	2
5	:invoke	:cas	[2 2]
8	:invoke	:write	1

led to state: 
{:value 1}

with pending operations:
3	:invoke	:cas	[4 4]

World with fixed history:
1	:invoke	:write	4
2	:invoke	:write	1
3	:invoke	:cas	[1 0]
1	:invoke	:write	0
2	:invoke	:read	0
3	:invoke	:read	0
4	:invoke	:read	0
0	:invoke	:cas	[0 4]
1	:invoke	:read	4
4	:invoke	:read	4
0	:invoke	:write	0
4	:invoke	:read	0
1	:invoke	:read	0
2	:invoke	:read	0
8	:invoke	:write	1
0	:invoke	:write	3
1	:invoke	:write	1
5	:invoke	:read	1
4	:invoke	:write	4
9	:invoke	:write	1
1	:invoke	:write	2
5	:invoke	:cas	[2 2]

led to state: 
{:value 2}

with pending operations:
3	:invoke	:cas	[4 4]

World with fixed history:
1	:invoke	:write	4
2	:invoke	:write	1
3	:invoke	:cas	[1 0]
2	:invoke	:read	0
1	:invoke	:write	0
3	:invoke	:read	0
4	:invoke	:read	0
0	:invoke	:cas	[0 4]
1	:invoke	:read	4
4	:invoke	:read	4
0	:invoke	:write	0
4	:invoke	:read	0
1	:invoke	:read	0
2	:invoke	:read	0
4	:invoke	:write	4
8	:invoke	:write	1
1	:invoke	:write	1
5	:invoke	:read	1
1	:invoke	:write	2
5	:invoke	:cas	[2 2]
9	:invoke	:write	1

led to state: 
{:value 1}

with pending operations:
0	:invoke	:write	3
3	:invoke	:cas	[4 4]

World with fixed history:
1	:invoke	:write	4
2	:invoke	:write	1
3	:invoke	:cas	[1 0]
3	:invoke	:read	0
1	:invoke	:write	0
2	:invoke	:read	0
4	:invoke	:read	0
0	:invoke	:cas	[0 4]
1	:invoke	:read	4
4	:invoke	:read	4
0	:invoke	:write	0
4	:invoke	:read	0
1	:invoke	:read	0
2	:invoke	:read	0
1	:invoke	:write	1
5	:invoke	:read	1
4	:invoke	:write	4
3	:invoke	:cas	[4 4]
0	:invoke	:write	3
1	:invoke	:write	2
5	:invoke	:cas	[2 2]
9	:invoke	:write	1

led to state: 
{:value 1}

with pending operations:
8	:invoke	:write	1

World with fixed history:
1	:invoke	:write	4
2	:invoke	:write	1
3	:invoke	:cas	[1 0]
1	:invoke	:write	0
3	:invoke	:read	0
2	:invoke	:read	0
4	:invoke	:read	0
0	:invoke	:cas	[0 4]
1	:invoke	:read	4
4	:invoke	:read	4
0	:invoke	:write	0
4	:invoke	:read	0
1	:invoke	:read	0
2	:invoke	:read	0
1	:invoke	:write	1
5	:invoke	:read	1
4	:invoke	:write	4
1	:invoke	:write	2
5	:invoke	:cas	[2 2]
8	:invoke	:write	1

led to state: 
{:value 1}

with pending operations:
9	:invoke	:write	1
0	:invoke	:write	3
3	:invoke	:cas	[4 4]

World with fixed history:
2	:invoke	:write	1
3	:invoke	:cas	[1 0]
1	:invoke	:write	4
1	:invoke	:write	0
3	:invoke	:read	0
2	:invoke	:read	0
4	:invoke	:read	0
0	:invoke	:cas	[0 4]
1	:invoke	:read	4
4	:invoke	:read	4
0	:invoke	:write	0
4	:invoke	:read	0
1	:invoke	:read	0
2	:invoke	:read	0
8	:invoke	:write	1
1	:invoke	:write	1
5	:invoke	:read	1
1	:invoke	:write	2
5	:invoke	:cas	[2 2]

led to state: 
{:value 2}

with pending operations:
4	:invoke	:write	4
9	:invoke	:write	1
0	:invoke	:write	3
3	:invoke	:cas	[4 4]

World with fixed history:
1	:invoke	:write	4
2	:invoke	:write	1
3	:invoke	:cas	[1 0]
2	:invoke	:read	0
3	:invoke	:read	0
1	:invoke	:write	0
4	:invoke	:read	0
0	:invoke	:cas	[0 4]
1	:invoke	:read	4
4	:invoke	:read	4
0	:invoke	:write	0
4	:invoke	:read	0
1	:invoke	:read	0
2	:invoke	:read	0
9	:invoke	:write	1
4	:invoke	:write	4
3	:invoke	:cas	[4 4]
1	:invoke	:write	1
5	:invoke	:read	1
8	:invoke	:write	1
0	:invoke	:write	3
1	:invoke	:write	2
5	:invoke	:cas	[2 2]

led to state: 
{:value 2}

with pending operations:

World with fixed history:
1	:invoke	:write	4
2	:invoke	:write	1
3	:invoke	:cas	[1 0]
2	:invoke	:read	0
1	:invoke	:write	0
3	:invoke	:read	0
4	:invoke	:read	0
0	:invoke	:cas	[0 4]
1	:invoke	:read	4
4	:invoke	:read	4
0	:invoke	:write	0
4	:invoke	:read	0
1	:invoke	:read	0
2	:invoke	:read	0
1	:invoke	:write	1
8	:invoke	:write	1
5	:invoke	:read	1
1	:invoke	:write	2
5	:invoke	:cas	[2 2]
4	:invoke	:write	4
3	:invoke	:cas	[4 4]
9	:invoke	:write	1
0	:invoke	:write	3

led to state: 
{:value 3}

with pending operations:

World with fixed history:
2	:invoke	:write	1
3	:invoke	:cas	[1 0]
1	:invoke	:write	4
1	:invoke	:write	0
2	:invoke	:read	0
3	:invoke	:read	0
4	:invoke	:read	0
0	:invoke	:cas	[0 4]
1	:invoke	:read	4
4	:invoke	:read	4
0	:invoke	:write	0
4	:invoke	:read	0
1	:invoke	:read	0
2	:invoke	:read	0
8	:invoke	:write	1
9	:invoke	:write	1
1	:invoke	:write	1
5	:invoke	:read	1
1	:invoke	:write	2
5	:invoke	:cas	[2 2]
4	:invoke	:write	4
3	:invoke	:cas	[4 4]

led to state: 
{:value 4}

with pending operations:
0	:invoke	:write	3

World with fixed history:
1	:invoke	:write	4
2	:invoke	:write	1
3	:invoke	:cas	[1 0]
1	:invoke	:write	0
3	:invoke	:read	0
2	:invoke	:read	0
4	:invoke	:read	0
0	:invoke	:cas	[0 4]
1	:invoke	:read	4
4	:invoke	:read	4
0	:invoke	:write	0
4	:invoke	:read	0
1	:invoke	:read	0
2	:invoke	:read	0
0	:invoke	:write	3
1	:invoke	:write	1
4	:invoke	:write	4
3	:invoke	:cas	[4 4]
8	:invoke	:write	1
9	:invoke	:write	1
5	:invoke	:read	1
1	:invoke	:write	2
5	:invoke	:cas	[2 2]

led to state: 
{:value 2}

with pending operations:

World with fixed history:
1	:invoke	:write	4
2	:invoke	:write	1
3	:invoke	:cas	[1 0]
2	:invoke	:read	0
1	:invoke	:write	0
3	:invoke	:read	0
4	:invoke	:read	0
0	:invoke	:cas	[0 4]
1	:invoke	:read	4
4	:invoke	:read	4
0	:invoke	:write	0
4	:invoke	:read	0
1	:invoke	:read	0
2	:invoke	:read	0
9	:invoke	:write	1
1	:invoke	:write	1
5	:invoke	:read	1
8	:invoke	:write	1
1	:invoke	:write	2
5	:invoke	:cas	[2 2]

led to state: 
{:value 2}

with pending operations:
4	:invoke	:write	4
0	:invoke	:write	3
3	:invoke	:cas	[4 4]

World with fixed history:
1	:invoke	:write	4
2	:invoke	:write	1
3	:invoke	:cas	[1 0]
2	:invoke	:read	0
1	:invoke	:write	0
3	:invoke	:read	0
4	:invoke	:read	0
0	:invoke	:cas	[0 4]
1	:invoke	:read	4
4	:invoke	:read	4
0	:invoke	:write	0
4	:invoke	:read	0
1	:invoke	:read	0
2	:invoke	:read	0
4	:invoke	:write	4
8	:invoke	:write	1
0	:invoke	:write	3
1	:invoke	:write	1
5	:invoke	:read	1
1	:invoke	:write	2
5	:invoke	:cas	[2 2]

led to state: 
{:value 2}

with pending operations:
9	:invoke	:write	1
3	:invoke	:cas	[4 4]

World with fixed history:
1	:invoke	:write	4
2	:invoke	:write	1
3	:invoke	:cas	[1 0]
2	:invoke	:read	0
3	:invoke	:read	0
1	:invoke	:write	0
4	:invoke	:read	0
0	:invoke	:cas	[0 4]
1	:invoke	:read	4
4	:invoke	:read	4
0	:invoke	:write	0
4	:invoke	:read	0
1	:invoke	:read	0
2	:invoke	:read	0
1	:invoke	:write	1
5	:invoke	:read	1
4	:invoke	:write	4
8	:invoke	:write	1
0	:invoke	:write	3
1	:invoke	:write	2
5	:invoke	:cas	[2 2]
9	:invoke	:write	1

led to state: 
{:value 1}

with pending operations:
3	:invoke	:cas	[4 4]

World with fixed history:
1	:invoke	:write	4
2	:invoke	:write	1
3	:invoke	:cas	[1 0]
2	:invoke	:read	0
1	:invoke	:write	0
3	:invoke	:read	0
4	:invoke	:read	0
0	:invoke	:cas	[0 4]
1	:invoke	:read	4
4	:invoke	:read	4
0	:invoke	:write	0
4	:invoke	:read	0
1	:invoke	:read	0
2	:invoke	:read	0
9	:invoke	:write	1
8	:invoke	:write	1
1	:invoke	:write	1
5	:invoke	:read	1
1	:invoke	:write	2
5	:invoke	:cas	[2 2]
4	:invoke	:write	4
0	:invoke	:write	3

led to state: 
{:value 3}

with pending operations:
3	:invoke	:cas	[4 4]

World with fixed history:
1	:invoke	:write	4
2	:invoke	:write	1
3	:invoke	:cas	[1 0]
3	:invoke	:read	0
1	:invoke	:write	0
2	:invoke	:read	0
4	:invoke	:read	0
0	:invoke	:cas	[0 4]
1	:invoke	:read	4
4	:invoke	:read	4
0	:invoke	:write	0
4	:invoke	:read	0
1	:invoke	:read	0
2	:invoke	:read	0
0	:invoke	:write	3
9	:invoke	:write	1
1	:invoke	:write	1
8	:invoke	:write	1
5	:invoke	:read	1
1	:invoke	:write	2
5	:invoke	:cas	[2 2]
4	:invoke	:write	4
3	:invoke	:cas	[4 4]

led to state: 
{:value 4}

with pending operations:

World with fixed history:
1	:invoke	:write	4
2	:invoke	:write	1
3	:invoke	:cas	[1 0]
3	:invoke	:read	0
1	:invoke	:write	0
2	:invoke	:read	0
4	:invoke	:read	0
0	:invoke	:cas	[0 4]
1	:invoke	:read	4
4	:invoke	:read	4
0	:invoke	:write	0
4	:invoke	:read	0
1	:invoke	:read	0
2	:invoke	:read	0
1	:invoke	:write	1
5	:invoke	:read	1
1	:invoke	:write	2
5	:invoke	:cas	[2 2]
8	:invoke	:write	1
4	:invoke	:write	4
3	:invoke	:cas	[4 4]
0	:invoke	:write	3

led to state: 
{:value 3}

with pending operations:
9	:invoke	:write	1

World with fixed history:
2	:invoke	:write	1
3	:invoke	:cas	[1 0]
1	:invoke	:write	4
1	:invoke	:write	0
2	:invoke	:read	0
3	:invoke	:read	0
4	:invoke	:read	0
0	:invoke	:cas	[0 4]
1	:invoke	:read	4
4	:invoke	:read	4
0	:invoke	:write	0
4	:invoke	:read	0
1	:invoke	:read	0
2	:invoke	:read	0
1	:invoke	:write	1
5	:invoke	:read	1
9	:invoke	:write	1
4	:invoke	:write	4
1	:invoke	:write	2
5	:invoke	:cas	[2 2]

led to state: 
{:value 2}

with pending operations:
0	:invoke	:write	3
3	:invoke	:cas	[4 4]
8	:invoke	:write	1

World with fixed history:
2	:invoke	:write	1
3	:invoke	:cas	[1 0]
1	:invoke	:write	4
1	:invoke	:write	0
3	:invoke	:read	0
2	:invoke	:read	0
4	:invoke	:read	0
0	:invoke	:cas	[0 4]
1	:invoke	:read	4
4	:invoke	:read	4
0	:invoke	:write	0
4	:invoke	:read	0
1	:invoke	:read	0
2	:invoke	:read	0
0	:invoke	:write	3
8	:invoke	:write	1
1	:invoke	:write	1
5	:invoke	:read	1
4	:invoke	:write	4
3	:invoke	:cas	[4 4]
1	:invoke	:write	2
5	:invoke	:cas	[2 2]

led to state: 
{:value 2}

with pending operations:
9	:invoke	:write	1

World with fixed history:
1	:invoke	:write	4
2	:invoke	:write	1
3	:invoke	:cas	[1 0]
1	:invoke	:write	0
2	:invoke	:read	0
3	:invoke	:read	0
4	:invoke	:read	0
0	:invoke	:cas	[0 4]
1	:invoke	:read	4
4	:invoke	:read	4
0	:invoke	:write	0
4	:invoke	:read	0
1	:invoke	:read	0
2	:invoke	:read	0
0	:invoke	:write	3
8	:invoke	:write	1
1	:invoke	:write	1
5	:invoke	:read	1
4	:invoke	:write	4
3	:invoke	:cas	[4 4]
1	:invoke	:write	2
5	:invoke	:cas	[2 2]
9	:invoke	:write	1

led to state: 
{:value 1}

with pending operations:

World with fixed history:
1	:invoke	:write	4
2	:invoke	:write	1
3	:invoke	:cas	[1 0]
2	:invoke	:read	0
1	:invoke	:write	0
3	:invoke	:read	0
4	:invoke	:read	0
0	:invoke	:cas	[0 4]
1	:invoke	:read	4
4	:invoke	:read	4
0	:invoke	:write	0
4	:invoke	:read	0
1	:invoke	:read	0
2	:invoke	:read	0
8	:invoke	:write	1
9	:invoke	:write	1
0	:invoke	:write	3
1	:invoke	:write	1
5	:invoke	:read	1
4	:invoke	:write	4
3	:invoke	:cas	[4 4]
1	:invoke	:write	2
5	:invoke	:cas	[2 2]

led to state: 
{:value 2}

with pending operations:

World with fixed history:
1	:invoke	:write	4
2	:invoke	:write	1
3	:invoke	:cas	[1 0]
1	:invoke	:write	0
2	:invoke	:read	0
3	:invoke	:read	0
4	:invoke	:read	0
0	:invoke	:cas	[0 4]
1	:invoke	:read	4
4	:invoke	:read	4
0	:invoke	:write	0
4	:invoke	:read	0
1	:invoke	:read	0
2	:invoke	:read	0
8	:invoke	:write	1
1	:invoke	:write	1
4	:invoke	:write	4
0	:invoke	:write	3
9	:invoke	:write	1
5	:invoke	:read	1
1	:invoke	:write	2
5	:invoke	:cas	[2 2]

led to state: 
{:value 2}

with pending operations:
3	:invoke	:cas	[4 4]

World with fixed history:
1	:invoke	:write	4
2	:invoke	:write	1
3	:invoke	:cas	[1 0]
3	:invoke	:read	0
1	:invoke	:write	0
2	:invoke	:read	0
4	:invoke	:read	0
0	:invoke	:cas	[0 4]
1	:invoke	:read	4
4	:invoke	:read	4
0	:invoke	:write	0
4	:invoke	:read	0
1	:invoke	:read	0
2	:invoke	:read	0
1	:invoke	:write	1
5	:invoke	:read	1
4	:invoke	:write	4
9	:invoke	:write	1
1	:invoke	:write	2
5	:invoke	:cas	[2 2]
8	:invoke	:write	1
0	:invoke	:write	3

led to state: 
{:value 3}

with pending operations:
3	:invoke	:cas	[4 4]

World with fixed history:
2	:invoke	:write	1
3	:invoke	:cas	[1 0]
1	:invoke	:write	4
1	:invoke	:write	0
3	:invoke	:read	0
2	:invoke	:read	0
4	:invoke	:read	0
0	:invoke	:cas	[0 4]
1	:invoke	:read	4
4	:invoke	:read	4
0	:invoke	:write	0
4	:invoke	:read	0
1	:invoke	:read	0
2	:invoke	:read	0
4	:invoke	:write	4
3	:invoke	:cas	[4 4]
1	:invoke	:write	1
9	:invoke	:write	1
5	:invoke	:read	1
0	:invoke	:write	3
8	:invoke	:write	1
1	:invoke	:write	2
5	:invoke	:cas	[2 2]

led to state: 
{:value 2}

with pending operations:

World with fixed history:
1	:invoke	:write	4
2	:invoke	:write	1
3	:invoke	:cas	[1 0]
1	:invoke	:write	0
2	:invoke	:read	0
3	:invoke	:read	0
4	:invoke	:read	0
0	:invoke	:cas	[0 4]
1	:invoke	:read	4
4	:invoke	:read	4
0	:invoke	:write	0
4	:invoke	:read	0
1	:invoke	:read	0
2	:invoke	:read	0
1	:invoke	:write	1
5	:invoke	:read	1
4	:invoke	:write	4
3	:invoke	:cas	[4 4]
9	:invoke	:write	1
1	:invoke	:write	2
5	:invoke	:cas	[2 2]
0	:invoke	:write	3

led to state: 
{:value 3}

with pending operations:
8	:invoke	:write	1

World with fixed history:
1	:invoke	:write	4
2	:invoke	:write	1
3	:invoke	:cas	[1 0]
2	:invoke	:read	0
3	:invoke	:read	0
1	:invoke	:write	0
4	:invoke	:read	0
0	:invoke	:cas	[0 4]
1	:invoke	:read	4
4	:invoke	:read	4
0	:invoke	:write	0
4	:invoke	:read	0
1	:invoke	:read	0
2	:invoke	:read	0
4	:invoke	:write	4
1	:invoke	:write	1
5	:invoke	:read	1
0	:invoke	:write	3
8	:invoke	:write	1
9	:invoke	:write	1
1	:invoke	:write	2
5	:invoke	:cas	[2 2]

led to state: 
{:value 2}

with pending operations:
3	:invoke	:cas	[4 4]

World with fixed history:
1	:invoke	:write	4
2	:invoke	:write	1
3	:invoke	:cas	[1 0]
2	:invoke	:read	0
3	:invoke	:read	0
1	:invoke	:write	0
4	:invoke	:read	0
0	:invoke	:cas	[0 4]
1	:invoke	:read	4
4	:invoke	:read	4
0	:invoke	:write	0
4	:invoke	:read	0
1	:invoke	:read	0
2	:invoke	:read	0
9	:invoke	:write	1
1	:invoke	:write	1
5	:invoke	:read	1
1	:invoke	:write	2
5	:invoke	:cas	[2 2]
0	:invoke	:write	3
4	:invoke	:write	4
3	:invoke	:cas	[4 4]
8	:invoke	:write	1

led to state: 
{:value 1}

with pending operations:

World with fixed history:
1	:invoke	:write	4
2	:invoke	:write	1
3	:invoke	:cas	[1 0]
2	:invoke	:read	0
3	:invoke	:read	0
1	:invoke	:write	0
4	:invoke	:read	0
0	:invoke	:cas	[0 4]
1	:invoke	:read	4
4	:invoke	:read	4
0	:invoke	:write	0
4	:invoke	:read	0
1	:invoke	:read	0
2	:invoke	:read	0
4	:invoke	:write	4
3	:invoke	:cas	[4 4]
1	:invoke	:write	1
8	:invoke	:write	1
9	:invoke	:write	1
5	:invoke	:read	1
0	:invoke	:write	3
1	:invoke	:write	2
5	:invoke	:cas	[2 2]

led to state: 
{:value 2}

with pending operations:

World with fixed history:
1	:invoke	:write	4
2	:invoke	:write	1
3	:invoke	:cas	[1 0]
3	:invoke	:read	0
2	:invoke	:read	0
1	:invoke	:write	0
4	:invoke	:read	0
0	:invoke	:cas	[0 4]
1	:invoke	:read	4
4	:invoke	:read	4
0	:invoke	:write	0
4	:invoke	:read	0
1	:invoke	:read	0
2	:invoke	:read	0
4	:invoke	:write	4
3	:invoke	:cas	[4 4]
9	:invoke	:write	1
8	:invoke	:write	1
1	:invoke	:write	1
5	:invoke	:read	1
0	:invoke	:write	3
1	:invoke	:write	2
5	:invoke	:cas	[2 2]

led to state: 
{:value 2}

with pending operations:

World with fixed history:
1	:invoke	:write	4
2	:invoke	:write	1
3	:invoke	:cas	[1 0]
2	:invoke	:read	0
3	:invoke	:read	0
1	:invoke	:write	0
4	:invoke	:read	0
0	:invoke	:cas	[0 4]
1	:invoke	:read	4
4	:invoke	:read	4
0	:invoke	:write	0
4	:invoke	:read	0
1	:invoke	:read	0
2	:invoke	:read	0
8	:invoke	:write	1
0	:invoke	:write	3
1	:invoke	:write	1
5	:invoke	:read	1
4	:invoke	:write	4
1	:invoke	:write	2
5	:invoke	:cas	[2 2]

led to state: 
{:value 2}

with pending operations:
9	:invoke	:write	1
3	:invoke	:cas	[4 4]

(and 15792 more worlds, elided here)
--------------------------------------------------------------

Inconsistent state transitions:
([{:value 1} "can't read 0 from register 1"]
 [{:value 3} "can't read 0 from register 3"]
 [{:value 2} "can't read 0 from register 2"]
 [{:value 4} "can't read 0 from register 4"])

Ran 1 tests containing 1 assertions.
1 failures, 0 errors.
Error encountered performing task 'test' with profile(s): 'base,system,user,provided,dev,etcd'
Tests failed.
