
lein test jepsen.system.etcd-test
INFO  jepsen.os.debian - :n2 setting up debian
INFO  jepsen.os.debian - :n1 setting up debian
INFO  jepsen.os.debian - :n5 setting up debian
INFO  jepsen.os.debian - :n3 setting up debian
INFO  jepsen.os.debian - :n4 setting up debian
INFO  jepsen.os.debian - :n3 debian set up
INFO  jepsen.os.debian - :n4 debian set up
INFO  jepsen.os.debian - :n5 debian set up
INFO  jepsen.os.debian - :n2 debian set up
INFO  jepsen.os.debian - :n1 debian set up
INFO  jepsen.system.etcd - :n1 etcd nuked
INFO  jepsen.system.etcd - :n4 etcd nuked
INFO  jepsen.system.etcd - :n2 etcd nuked
INFO  jepsen.system.etcd - :n3 etcd nuked
INFO  jepsen.system.etcd - :n5 etcd nuked
INFO  jepsen.system.etcd - Running nodes: {:n1 false, :n2 false, :n3 false, :n4 false, :n5 false}
INFO  jepsen.system.etcd - :n5 etcd nuked
INFO  jepsen.system.etcd - :n2 etcd nuked
INFO  jepsen.system.etcd - :n3 etcd nuked
INFO  jepsen.system.etcd - :n4 etcd nuked
INFO  jepsen.system.etcd - :n1 etcd nuked
INFO  jepsen.system.etcd - :n1 starting etcd
INFO  jepsen.system.etcd - :n5 starting etcd
INFO  jepsen.system.etcd - :n3 starting etcd
INFO  jepsen.system.etcd - :n4 starting etcd
INFO  jepsen.system.etcd - :n2 starting etcd
INFO  jepsen.system.etcd - Running nodes: {:n1 true, :n2 true, :n3 true, :n4 true, :n5 true}
INFO  jepsen.system.etcd - :n2 etcd ready
INFO  jepsen.system.etcd - :n5 etcd ready
INFO  jepsen.system.etcd - :n1 etcd ready
INFO  jepsen.system.etcd - :n4 etcd ready
INFO  jepsen.system.etcd - :n3 etcd ready
INFO  jepsen.core - Worker 3 starting
INFO  jepsen.core - Worker 1 starting
INFO  jepsen.core - Worker 4 starting
INFO  jepsen.core - Worker 0 starting
INFO  jepsen.core - Worker 2 starting
INFO  jepsen.util - 4	:invoke	:read	nil
INFO  jepsen.util - 3	:invoke	:write	4
INFO  jepsen.util - 4	:ok	:read	nil
INFO  jepsen.util - 0	:invoke	:cas	[0 3]
INFO  jepsen.util - 2	:invoke	:cas	[4 1]
INFO  jepsen.util - 1	:invoke	:cas	[3 4]
INFO  jepsen.util - 1	:fail	:cas	[3 4]
INFO  jepsen.util - 2	:fail	:cas	[4 1]
INFO  jepsen.util - 3	:ok	:write	4
INFO  jepsen.util - 0	:fail	:cas	[0 3]
INFO  jepsen.util - 4	:invoke	:read	nil
INFO  jepsen.util - 4	:ok	:read	4
INFO  jepsen.util - 1	:invoke	:cas	[0 1]
INFO  jepsen.util - 1	:fail	:cas	[0 1]
INFO  jepsen.util - 2	:invoke	:cas	[2 0]
INFO  jepsen.util - 3	:invoke	:write	4
INFO  jepsen.util - 0	:invoke	:write	0
INFO  jepsen.util - 2	:fail	:cas	[2 0]
INFO  jepsen.util - 3	:ok	:write	4
INFO  jepsen.util - 0	:ok	:write	0
INFO  jepsen.util - 4	:invoke	:cas	[3 2]
INFO  jepsen.util - 4	:fail	:cas	[3 2]
INFO  jepsen.util - 1	:invoke	:cas	[2 1]
INFO  jepsen.util - 1	:fail	:cas	[2 1]
INFO  jepsen.util - 2	:invoke	:cas	[1 4]
INFO  jepsen.util - 2	:fail	:cas	[1 4]
INFO  jepsen.util - 3	:invoke	:read	nil
INFO  jepsen.util - 0	:invoke	:read	nil
INFO  jepsen.util - 3	:ok	:read	0
INFO  jepsen.util - 0	:ok	:read	0
INFO  jepsen.util - 4	:invoke	:read	nil
INFO  jepsen.util - 4	:ok	:read	0
INFO  jepsen.util - 1	:invoke	:write	0
INFO  jepsen.util - 2	:invoke	:read	nil
INFO  jepsen.util - 2	:ok	:read	0
INFO  jepsen.util - 1	:ok	:write	0
INFO  jepsen.util - 3	:invoke	:write	4
INFO  jepsen.util - 0	:invoke	:cas	[4 3]
INFO  jepsen.util - :nemesis	:info	:start	nil
INFO  jepsen.util - 0	:fail	:cas	[4 3]
INFO  jepsen.util - 4	:invoke	:write	4
INFO  jepsen.util - 4	:ok	:write	4
INFO  jepsen.util - 3	:ok	:write	4
INFO  jepsen.util - 2	:invoke	:cas	[2 4]
INFO  jepsen.util - 2	:fail	:cas	[2 4]
INFO  jepsen.util - :nemesis	:info	:start	"Cut off {:n1 #{:n4 :n2}, :n5 #{:n4 :n2}, :n3 #{:n4 :n2}, :n2 #{:n3 :n5 :n1}, :n4 #{:n3 :n5 :n1}}"
INFO  jepsen.util - 1	:invoke	:write	1
INFO  jepsen.util - 0	:invoke	:cas	[1 1]
INFO  jepsen.util - 0	:fail	:cas	[1 1]
INFO  jepsen.util - 4	:invoke	:cas	[4 3]
INFO  jepsen.util - 4	:ok	:cas	[4 3]
INFO  jepsen.util - 3	:invoke	:write	1
INFO  jepsen.util - 2	:invoke	:read	nil
INFO  jepsen.util - 2	:ok	:read	3
INFO  jepsen.util - 1	:info	:write	:timed-out
INFO  jepsen.util - 0	:invoke	:cas	[1 0]
INFO  jepsen.util - 4	:invoke	:write	2
INFO  jepsen.util - 0	:fail	:cas	[1 0]
INFO  jepsen.util - 3	:info	:write	:timed-out
INFO  jepsen.util - 4	:ok	:write	2
INFO  jepsen.util - 2	:invoke	:read	nil
INFO  jepsen.util - 2	:ok	:read	2
INFO  jepsen.util - 6	:invoke	:write	4
INFO  jepsen.util - 0	:invoke	:cas	[1 3]
INFO  jepsen.util - 8	:invoke	:write	2
INFO  jepsen.util - 0	:fail	:cas	[1 3]
INFO  jepsen.util - 4	:invoke	:cas	[3 1]
INFO  jepsen.util - 2	:invoke	:read	nil
INFO  jepsen.util - 2	:ok	:read	2
INFO  jepsen.util - 4	:fail	:cas	[3 1]
INFO  jepsen.util - 6	:info	:write	:timed-out
INFO  jepsen.util - 8	:info	:write	:timed-out
INFO  jepsen.util - 0	:invoke	:cas	[4 1]
INFO  jepsen.util - 2	:invoke	:write	2
INFO  jepsen.util - 0	:fail	:cas	[4 1]
INFO  jepsen.util - 2	:ok	:write	2
INFO  jepsen.util - 4	:invoke	:write	1
INFO  jepsen.util - 11	:invoke	:read	nil
INFO  jepsen.util - 11	:ok	:read	4
INFO  jepsen.util - 13	:invoke	:write	1
INFO  jepsen.util - 4	:ok	:write	1
INFO  jepsen.util - :nemesis	:info	:stop	nil
INFO  jepsen.util - 0	:invoke	:read	nil
INFO  jepsen.util - 2	:invoke	:read	nil
INFO  jepsen.util - 0	:ok	:read	1
INFO  jepsen.util - 2	:ok	:read	1
INFO  jepsen.util - 11	:invoke	:read	nil
INFO  jepsen.util - 11	:ok	:read	4
INFO  jepsen.util - :nemesis	:info	:stop	"fully connected"
INFO  jepsen.util - 13	:info	:write	:timed-out
INFO  jepsen.util - 4	:invoke	:read	nil
INFO  jepsen.util - 4	:ok	:read	1
INFO  jepsen.util - 0	:invoke	:cas	[2 0]
INFO  jepsen.util - 2	:invoke	:write	1
INFO  jepsen.util - 11	:invoke	:write	1
INFO  jepsen.util - 18	:invoke	:read	nil
INFO  jepsen.util - 18	:ok	:read	4
INFO  jepsen.util - 4	:invoke	:cas	[3 1]
INFO  jepsen.util - 2	:ok	:write	1
INFO  jepsen.util - 0	:info	:cas	:timed-out
INFO  jepsen.util - 4	:fail	:cas	[3 1]
INFO  jepsen.util - 11	:info	:write	:timed-out
INFO  jepsen.util - 18	:invoke	:read	nil
INFO  jepsen.util - 18	:ok	:read	1
INFO  jepsen.util - 2	:invoke	:read	nil
INFO  jepsen.util - 2	:ok	:read	1
INFO  jepsen.util - 5	:invoke	:cas	[3 4]
INFO  jepsen.util - 5	:fail	:cas	[3 4]
INFO  jepsen.util - 4	:invoke	:write	1
INFO  jepsen.util - 16	:invoke	:write	4
INFO  jepsen.util - 4	:ok	:write	1
INFO  jepsen.util - 16	:ok	:write	4
INFO  jepsen.util - 18	:invoke	:write	3
INFO  jepsen.util - 18	:ok	:write	3
INFO  jepsen.util - 2	:invoke	:write	4
INFO  jepsen.util - 2	:ok	:write	4
INFO  jepsen.util - 5	:invoke	:write	2
INFO  jepsen.util - 5	:ok	:write	2
INFO  jepsen.util - 4	:invoke	:write	2
INFO  jepsen.util - 16	:invoke	:read	nil
INFO  jepsen.util - 16	:ok	:read	2
INFO  jepsen.util - 18	:invoke	:cas	[3 1]
INFO  jepsen.util - 4	:ok	:write	2
INFO  jepsen.util - 18	:fail	:cas	[3 1]
INFO  jepsen.util - 2	:invoke	:write	4
INFO  jepsen.util - 2	:ok	:write	4
INFO  jepsen.util - 5	:invoke	:cas	[0 2]
INFO  jepsen.util - 16	:invoke	:cas	[4 0]
INFO  jepsen.util - :nemesis	:info	:start	nil
INFO  jepsen.util - 4	:invoke	:read	nil
INFO  jepsen.util - 18	:invoke	:cas	[3 3]
INFO  jepsen.util - 4	:ok	:read	4
INFO  jepsen.util - 5	:fail	:cas	[0 2]
INFO  jepsen.util - 2	:invoke	:write	2
INFO  jepsen.util - 2	:ok	:write	2
INFO  jepsen.util - :nemesis	:info	:start	"Cut off {:n1 #{:n4 :n2}, :n5 #{:n4 :n2}, :n3 #{:n4 :n2}, :n2 #{:n3 :n5 :n1}, :n4 #{:n3 :n5 :n1}}"
INFO  jepsen.util - 16	:info	:cas	:timed-out
INFO  jepsen.util - 18	:info	:cas	:timed-out
INFO  jepsen.util - 4	:invoke	:cas	[4 1]
INFO  jepsen.util - 5	:invoke	:write	2
INFO  jepsen.util - 4	:fail	:cas	[4 1]
INFO  jepsen.util - 2	:invoke	:write	3
INFO  jepsen.util - 2	:ok	:write	3
INFO  jepsen.util - 5	:ok	:write	2
INFO  jepsen.util - 21	:invoke	:read	nil
INFO  jepsen.util - 21	:ok	:read	4
INFO  jepsen.util - 23	:invoke	:cas	[3 1]
INFO  jepsen.util - 4	:invoke	:read	nil
INFO  jepsen.util - 4	:ok	:read	3
INFO  jepsen.util - 2	:invoke	:cas	[2 4]
INFO  jepsen.util - 2	:fail	:cas	[2 4]
INFO  jepsen.util - 5	:invoke	:cas	[3 0]
INFO  jepsen.util - 21	:invoke	:read	nil
INFO  jepsen.util - 21	:ok	:read	4
INFO  jepsen.util - 5	:ok	:cas	[3 0]
INFO  jepsen.util - 23	:info	:cas	:timed-out
INFO  jepsen.util - 4	:invoke	:cas	[0 3]
INFO  jepsen.util - 2	:invoke	:read	nil
INFO  jepsen.util - 2	:ok	:read	0
INFO  jepsen.util - 21	:invoke	:cas	[2 4]
INFO  jepsen.util - 4	:ok	:cas	[0 3]
INFO  jepsen.util - 5	:invoke	:cas	[2 1]
INFO  jepsen.util - 5	:fail	:cas	[2 1]
INFO  jepsen.util - 28	:invoke	:cas	[0 4]
INFO  jepsen.util - 2	:invoke	:cas	[2 4]
INFO  jepsen.util - 2	:fail	:cas	[2 4]
INFO  jepsen.util - 21	:info	:cas	:timed-out
INFO  jepsen.util - 28	:info	:cas	:timed-out
INFO  jepsen.util - :nemesis	:info	:stop	nil
INFO  jepsen.util - :nemesis	:info	:stop	"fully connected"
INFO  jepsen.util - :nemesis	:info	:stop	nil
INFO  jepsen.util - :nemesis	:info	:stop	"fully connected"
INFO  jepsen.core - nemesis done
INFO  jepsen.util - 4	:invoke	:read	nil
INFO  jepsen.core - Worker 1 done
INFO  jepsen.core - Worker 3 done
INFO  jepsen.core - Worker 0 done
INFO  jepsen.core - Worker 2 done
INFO  jepsen.util - 4	:ok	:read	3
INFO  jepsen.core - Worker 4 done
INFO  jepsen.core - Run complete, writing
INFO  jepsen.core - Analyzing
INFO  knossos.core - [86 / 174] 773 extant worlds, 17820 visited/s, 1194 skipped/s, hitrate 0.063 cache size 5385
INFO  knossos.core - [86 / 174] 2329 extant worlds, 67937 visited/s, 4727 skipped/s, hitrate 0.065 cache size 23247
INFO  knossos.core - [86 / 174] 1733 extant worlds, 79144 visited/s, 5642 skipped/s, hitrate 0.067 cache size 40909
INFO  knossos.core - [86 / 174] 2626 extant worlds, 90428 visited/s, 6502 skipped/s, hitrate 0.067 cache size 62406
INFO  knossos.core - [86 / 174] 2654 extant worlds, 89770 visited/s, 6330 skipped/s, hitrate 0.066 cache size 82930
INFO  knossos.core - [86 / 174] 1942 extant worlds, 89128 visited/s, 6365 skipped/s, hitrate 0.067 cache size 103299
INFO  knossos.core - [86 / 174] 854 extant worlds, 98567 visited/s, 7199 skipped/s, hitrate 0.068 cache size 125415
INFO  knossos.core - [86 / 174] 1552 extant worlds, 92608 visited/s, 6603 skipped/s, hitrate 0.067 cache size 145907
INFO  jepsen.core - Analysis complete
INFO  jepsen.system.etcd - :n1 etcd nuked
INFO  jepsen.system.etcd - :n2 etcd nuked
INFO  jepsen.system.etcd - :n3 etcd nuked
INFO  jepsen.system.etcd - :n4 etcd nuked
INFO  jepsen.system.etcd - :n5 etcd nuked

lein test :only jepsen.system.etcd-test/register-test

FAIL in (register-test) (etcd_test.clj:45)
expected: (:valid? (:results test))
  actual: false
Not linearizable. Linearizable prefix was:
4	:invoke	:read	nil
3	:invoke	:write	4
4	:ok	:read	nil
0	:invoke	:cas	[0 3]
2	:invoke	:cas	[4 1]
1	:invoke	:cas	[3 4]
1	:fail	:cas	[3 4]
2	:fail	:cas	[4 1]
3	:ok	:write	4
0	:fail	:cas	[0 3]
4	:invoke	:read	4
4	:ok	:read	4
1	:invoke	:cas	[0 1]
1	:fail	:cas	[0 1]
2	:invoke	:cas	[2 0]
3	:invoke	:write	4
0	:invoke	:write	0
2	:fail	:cas	[2 0]
3	:ok	:write	4
0	:ok	:write	0
4	:invoke	:cas	[3 2]
4	:fail	:cas	[3 2]
1	:invoke	:cas	[2 1]
1	:fail	:cas	[2 1]
2	:invoke	:cas	[1 4]
2	:fail	:cas	[1 4]
3	:invoke	:read	0
0	:invoke	:read	0
3	:ok	:read	0
0	:ok	:read	0
4	:invoke	:read	0
4	:ok	:read	0
1	:invoke	:write	0
2	:invoke	:read	0
2	:ok	:read	0
1	:ok	:write	0
3	:invoke	:write	4
0	:invoke	:cas	[4 3]
:nemesis	:info	:start	nil
0	:fail	:cas	[4 3]
4	:invoke	:write	4
4	:ok	:write	4
3	:ok	:write	4
2	:invoke	:cas	[2 4]
2	:fail	:cas	[2 4]
:nemesis	:info	:start	"Cut off {:n1 #{:n4 :n2}, :n5 #{:n4 :n2}, :n3 #{:n4 :n2}, :n2 #{:n3 :n5 :n1}, :n4 #{:n3 :n5 :n1}}"
1	:invoke	:write	1
0	:invoke	:cas	[1 1]
0	:fail	:cas	[1 1]
4	:invoke	:cas	[4 3]
4	:ok	:cas	[4 3]
3	:invoke	:write	1
2	:invoke	:read	3
2	:ok	:read	3
1	:info	:write	:timed-out
0	:invoke	:cas	[1 0]
4	:invoke	:write	2
0	:fail	:cas	[1 0]
3	:info	:write	:timed-out
4	:ok	:write	2
2	:invoke	:read	2
2	:ok	:read	2
6	:invoke	:write	4
0	:invoke	:cas	[1 3]
8	:invoke	:write	2
0	:fail	:cas	[1 3]
4	:invoke	:cas	[3 1]
2	:invoke	:read	2
2	:ok	:read	2
4	:fail	:cas	[3 1]
6	:info	:write	:timed-out
8	:info	:write	:timed-out
0	:invoke	:cas	[4 1]
2	:invoke	:write	2
0	:fail	:cas	[4 1]
2	:ok	:write	2
4	:invoke	:write	1
11	:invoke	:read	4
11	:ok	:read	4
13	:invoke	:write	1
4	:ok	:write	1
:nemesis	:info	:stop	nil
0	:invoke	:read	1
2	:invoke	:read	1
0	:ok	:read	1
2	:ok	:read	1

Followed by inconsistent operation:
11	:invoke	:read	4

-------------------------------------------------------------
Just prior to that operation, possible interpretations of the
linearizable prefix were:
World with fixed history:
3	:invoke	:write	4
4	:invoke	:read	nil
4	:invoke	:read	4
3	:invoke	:write	4
0	:invoke	:write	0
3	:invoke	:read	0
0	:invoke	:read	0
4	:invoke	:read	0
2	:invoke	:read	0
1	:invoke	:write	0
3	:invoke	:write	4
4	:invoke	:write	4
4	:invoke	:cas	[4 3]
2	:invoke	:read	3
4	:invoke	:write	2
2	:invoke	:read	2
2	:invoke	:read	2
2	:invoke	:write	2
4	:invoke	:write	1
3	:invoke	:write	1
6	:invoke	:write	4
11	:invoke	:read	4
1	:invoke	:write	1
13	:invoke	:write	1
0	:invoke	:read	1
2	:invoke	:read	1

led to state: 
{:value 1}

with pending operations:
8	:invoke	:write	2

World with fixed history:
4	:invoke	:read	nil
3	:invoke	:write	4
4	:invoke	:read	4
3	:invoke	:write	4
0	:invoke	:write	0
3	:invoke	:read	0
0	:invoke	:read	0
4	:invoke	:read	0
1	:invoke	:write	0
2	:invoke	:read	0
4	:invoke	:write	4
3	:invoke	:write	4
4	:invoke	:cas	[4 3]
2	:invoke	:read	3
4	:invoke	:write	2
2	:invoke	:read	2
2	:invoke	:read	2
2	:invoke	:write	2
1	:invoke	:write	1
8	:invoke	:write	2
6	:invoke	:write	4
11	:invoke	:read	4
13	:invoke	:write	1
3	:invoke	:write	1
4	:invoke	:write	1
2	:invoke	:read	1
0	:invoke	:read	1

led to state: 
{:value 1}

with pending operations:

World with fixed history:
4	:invoke	:read	nil
3	:invoke	:write	4
4	:invoke	:read	4
3	:invoke	:write	4
0	:invoke	:write	0
0	:invoke	:read	0
3	:invoke	:read	0
4	:invoke	:read	0
2	:invoke	:read	0
1	:invoke	:write	0
3	:invoke	:write	4
4	:invoke	:write	4
4	:invoke	:cas	[4 3]
2	:invoke	:read	3
4	:invoke	:write	2
2	:invoke	:read	2
2	:invoke	:read	2
2	:invoke	:write	2
1	:invoke	:write	1
3	:invoke	:write	1
6	:invoke	:write	4
11	:invoke	:read	4
4	:invoke	:write	1
13	:invoke	:write	1
2	:invoke	:read	1
0	:invoke	:read	1
8	:invoke	:write	2

led to state: 
{:value 2}

with pending operations:

World with fixed history:
3	:invoke	:write	4
4	:invoke	:read	nil
4	:invoke	:read	4
3	:invoke	:write	4
0	:invoke	:write	0
3	:invoke	:read	0
0	:invoke	:read	0
4	:invoke	:read	0
2	:invoke	:read	0
1	:invoke	:write	0
3	:invoke	:write	4
4	:invoke	:write	4
4	:invoke	:cas	[4 3]
2	:invoke	:read	3
4	:invoke	:write	2
2	:invoke	:read	2
2	:invoke	:read	2
3	:invoke	:write	1
2	:invoke	:write	2
6	:invoke	:write	4
11	:invoke	:read	4
4	:invoke	:write	1
0	:invoke	:read	1
8	:invoke	:write	2
1	:invoke	:write	1
13	:invoke	:write	1
2	:invoke	:read	1

led to state: 
{:value 1}

with pending operations:

World with fixed history:
3	:invoke	:write	4
4	:invoke	:read	nil
4	:invoke	:read	4
3	:invoke	:write	4
0	:invoke	:write	0
3	:invoke	:read	0
0	:invoke	:read	0
4	:invoke	:read	0
1	:invoke	:write	0
2	:invoke	:read	0
4	:invoke	:write	4
3	:invoke	:write	4
4	:invoke	:cas	[4 3]
2	:invoke	:read	3
4	:invoke	:write	2
2	:invoke	:read	2
2	:invoke	:read	2
2	:invoke	:write	2
1	:invoke	:write	1
6	:invoke	:write	4
11	:invoke	:read	4
4	:invoke	:write	1
2	:invoke	:read	1
3	:invoke	:write	1
13	:invoke	:write	1
0	:invoke	:read	1

led to state: 
{:value 1}

with pending operations:
8	:invoke	:write	2

World with fixed history:
3	:invoke	:write	4
4	:invoke	:read	nil
4	:invoke	:read	4
3	:invoke	:write	4
0	:invoke	:write	0
3	:invoke	:read	0
0	:invoke	:read	0
4	:invoke	:read	0
1	:invoke	:write	0
2	:invoke	:read	0
3	:invoke	:write	4
4	:invoke	:write	4
4	:invoke	:cas	[4 3]
2	:invoke	:read	3
4	:invoke	:write	2
2	:invoke	:read	2
2	:invoke	:read	2
2	:invoke	:write	2
6	:invoke	:write	4
11	:invoke	:read	4
1	:invoke	:write	1
8	:invoke	:write	2
13	:invoke	:write	1
4	:invoke	:write	1
2	:invoke	:read	1
3	:invoke	:write	1
0	:invoke	:read	1

led to state: 
{:value 1}

with pending operations:

World with fixed history:
3	:invoke	:write	4
4	:invoke	:read	nil
4	:invoke	:read	4
3	:invoke	:write	4
0	:invoke	:write	0
3	:invoke	:read	0
0	:invoke	:read	0
4	:invoke	:read	0
2	:invoke	:read	0
1	:invoke	:write	0
3	:invoke	:write	4
4	:invoke	:write	4
4	:invoke	:cas	[4 3]
2	:invoke	:read	3
4	:invoke	:write	2
2	:invoke	:read	2
2	:invoke	:read	2
2	:invoke	:write	2
6	:invoke	:write	4
11	:invoke	:read	4
4	:invoke	:write	1
3	:invoke	:write	1
0	:invoke	:read	1
8	:invoke	:write	2
1	:invoke	:write	1
2	:invoke	:read	1

led to state: 
{:value 1}

with pending operations:
13	:invoke	:write	1

World with fixed history:
4	:invoke	:read	nil
3	:invoke	:write	4
4	:invoke	:read	4
3	:invoke	:write	4
0	:invoke	:write	0
3	:invoke	:read	0
0	:invoke	:read	0
4	:invoke	:read	0
1	:invoke	:write	0
2	:invoke	:read	0
3	:invoke	:write	4
4	:invoke	:write	4
4	:invoke	:cas	[4 3]
2	:invoke	:read	3
4	:invoke	:write	2
2	:invoke	:read	2
2	:invoke	:read	2
3	:invoke	:write	1
1	:invoke	:write	1
2	:invoke	:write	2
6	:invoke	:write	4
11	:invoke	:read	4
8	:invoke	:write	2
4	:invoke	:write	1
13	:invoke	:write	1
2	:invoke	:read	1
0	:invoke	:read	1

led to state: 
{:value 1}

with pending operations:

World with fixed history:
3	:invoke	:write	4
4	:invoke	:read	nil
4	:invoke	:read	4
3	:invoke	:write	4
0	:invoke	:write	0
0	:invoke	:read	0
3	:invoke	:read	0
4	:invoke	:read	0
1	:invoke	:write	0
2	:invoke	:read	0
4	:invoke	:write	4
3	:invoke	:write	4
4	:invoke	:cas	[4 3]
2	:invoke	:read	3
4	:invoke	:write	2
2	:invoke	:read	2
2	:invoke	:read	2
2	:invoke	:write	2
3	:invoke	:write	1
6	:invoke	:write	4
11	:invoke	:read	4
1	:invoke	:write	1
4	:invoke	:write	1
2	:invoke	:read	1
0	:invoke	:read	1
13	:invoke	:write	1
8	:invoke	:write	2

led to state: 
{:value 2}

with pending operations:

World with fixed history:
4	:invoke	:read	nil
3	:invoke	:write	4
4	:invoke	:read	4
3	:invoke	:write	4
0	:invoke	:write	0
0	:invoke	:read	0
3	:invoke	:read	0
4	:invoke	:read	0
1	:invoke	:write	0
2	:invoke	:read	0
4	:invoke	:write	4
3	:invoke	:write	4
4	:invoke	:cas	[4 3]
2	:invoke	:read	3
4	:invoke	:write	2
2	:invoke	:read	2
2	:invoke	:read	2
8	:invoke	:write	2
2	:invoke	:write	2
6	:invoke	:write	4
11	:invoke	:read	4
4	:invoke	:write	1
0	:invoke	:read	1
2	:invoke	:read	1
1	:invoke	:write	1
13	:invoke	:write	1
3	:invoke	:write	1

led to state: 
{:value 1}

with pending operations:

World with fixed history:
3	:invoke	:write	4
4	:invoke	:read	nil
4	:invoke	:read	4
3	:invoke	:write	4
0	:invoke	:write	0
3	:invoke	:read	0
0	:invoke	:read	0
4	:invoke	:read	0
1	:invoke	:write	0
2	:invoke	:read	0
4	:invoke	:write	4
3	:invoke	:write	4
4	:invoke	:cas	[4 3]
2	:invoke	:read	3
1	:invoke	:write	1
4	:invoke	:write	2
2	:invoke	:read	2
2	:invoke	:read	2
3	:invoke	:write	1
8	:invoke	:write	2
2	:invoke	:write	2
4	:invoke	:write	1
6	:invoke	:write	4
11	:invoke	:read	4
13	:invoke	:write	1
0	:invoke	:read	1
2	:invoke	:read	1

led to state: 
{:value 1}

with pending operations:

World with fixed history:
3	:invoke	:write	4
4	:invoke	:read	nil
4	:invoke	:read	4
3	:invoke	:write	4
0	:invoke	:write	0
3	:invoke	:read	0
0	:invoke	:read	0
4	:invoke	:read	0
2	:invoke	:read	0
1	:invoke	:write	0
3	:invoke	:write	4
4	:invoke	:write	4
4	:invoke	:cas	[4 3]
2	:invoke	:read	3
4	:invoke	:write	2
2	:invoke	:read	2
2	:invoke	:read	2
2	:invoke	:write	2
6	:invoke	:write	4
11	:invoke	:read	4
4	:invoke	:write	1
2	:invoke	:read	1
1	:invoke	:write	1
0	:invoke	:read	1
3	:invoke	:write	1
8	:invoke	:write	2

led to state: 
{:value 2}

with pending operations:
13	:invoke	:write	1

World with fixed history:
3	:invoke	:write	4
4	:invoke	:read	nil
4	:invoke	:read	4
3	:invoke	:write	4
0	:invoke	:write	0
0	:invoke	:read	0
3	:invoke	:read	0
4	:invoke	:read	0
1	:invoke	:write	0
2	:invoke	:read	0
3	:invoke	:write	4
4	:invoke	:write	4
4	:invoke	:cas	[4 3]
2	:invoke	:read	3
4	:invoke	:write	2
2	:invoke	:read	2
2	:invoke	:read	2
8	:invoke	:write	2
2	:invoke	:write	2
1	:invoke	:write	1
6	:invoke	:write	4
11	:invoke	:read	4
4	:invoke	:write	1
2	:invoke	:read	1
3	:invoke	:write	1
0	:invoke	:read	1
13	:invoke	:write	1

led to state: 
{:value 1}

with pending operations:

World with fixed history:
4	:invoke	:read	nil
3	:invoke	:write	4
4	:invoke	:read	4
3	:invoke	:write	4
0	:invoke	:write	0
3	:invoke	:read	0
0	:invoke	:read	0
4	:invoke	:read	0
1	:invoke	:write	0
2	:invoke	:read	0
4	:invoke	:write	4
3	:invoke	:write	4
4	:invoke	:cas	[4 3]
2	:invoke	:read	3
4	:invoke	:write	2
2	:invoke	:read	2
2	:invoke	:read	2
3	:invoke	:write	1
2	:invoke	:write	2
6	:invoke	:write	4
11	:invoke	:read	4
4	:invoke	:write	1
2	:invoke	:read	1
0	:invoke	:read	1
13	:invoke	:write	1
1	:invoke	:write	1

led to state: 
{:value 1}

with pending operations:
8	:invoke	:write	2

World with fixed history:
4	:invoke	:read	nil
3	:invoke	:write	4
4	:invoke	:read	4
3	:invoke	:write	4
0	:invoke	:write	0
0	:invoke	:read	0
3	:invoke	:read	0
4	:invoke	:read	0
2	:invoke	:read	0
1	:invoke	:write	0
4	:invoke	:write	4
3	:invoke	:write	4
4	:invoke	:cas	[4 3]
2	:invoke	:read	3
4	:invoke	:write	2
2	:invoke	:read	2
2	:invoke	:read	2
2	:invoke	:write	2
6	:invoke	:write	4
11	:invoke	:read	4
8	:invoke	:write	2
4	:invoke	:write	1
3	:invoke	:write	1
2	:invoke	:read	1
1	:invoke	:write	1
0	:invoke	:read	1
13	:invoke	:write	1

led to state: 
{:value 1}

with pending operations:

World with fixed history:
3	:invoke	:write	4
4	:invoke	:read	nil
4	:invoke	:read	4
3	:invoke	:write	4
0	:invoke	:write	0
3	:invoke	:read	0
0	:invoke	:read	0
4	:invoke	:read	0
2	:invoke	:read	0
1	:invoke	:write	0
3	:invoke	:write	4
4	:invoke	:write	4
4	:invoke	:cas	[4 3]
2	:invoke	:read	3
4	:invoke	:write	2
2	:invoke	:read	2
2	:invoke	:read	2
2	:invoke	:write	2
6	:invoke	:write	4
11	:invoke	:read	4
4	:invoke	:write	1
3	:invoke	:write	1
8	:invoke	:write	2
1	:invoke	:write	1
2	:invoke	:read	1
0	:invoke	:read	1
13	:invoke	:write	1

led to state: 
{:value 1}

with pending operations:

World with fixed history:
3	:invoke	:write	4
4	:invoke	:read	nil
4	:invoke	:read	4
3	:invoke	:write	4
0	:invoke	:write	0
3	:invoke	:read	0
0	:invoke	:read	0
4	:invoke	:read	0
1	:invoke	:write	0
2	:invoke	:read	0
4	:invoke	:write	4
3	:invoke	:write	4
4	:invoke	:cas	[4 3]
2	:invoke	:read	3
4	:invoke	:write	2
2	:invoke	:read	2
2	:invoke	:read	2
2	:invoke	:write	2
6	:invoke	:write	4
11	:invoke	:read	4
4	:invoke	:write	1
8	:invoke	:write	2
13	:invoke	:write	1
2	:invoke	:read	1
1	:invoke	:write	1
3	:invoke	:write	1
0	:invoke	:read	1

led to state: 
{:value 1}

with pending operations:

World with fixed history:
4	:invoke	:read	nil
3	:invoke	:write	4
4	:invoke	:read	4
3	:invoke	:write	4
0	:invoke	:write	0
3	:invoke	:read	0
0	:invoke	:read	0
4	:invoke	:read	0
2	:invoke	:read	0
1	:invoke	:write	0
3	:invoke	:write	4
4	:invoke	:write	4
4	:invoke	:cas	[4 3]
2	:invoke	:read	3
4	:invoke	:write	2
2	:invoke	:read	2
2	:invoke	:read	2
2	:invoke	:write	2
6	:invoke	:write	4
11	:invoke	:read	4
3	:invoke	:write	1
4	:invoke	:write	1
2	:invoke	:read	1
0	:invoke	:read	1
8	:invoke	:write	2
13	:invoke	:write	1

led to state: 
{:value 1}

with pending operations:
1	:invoke	:write	1

World with fixed history:
3	:invoke	:write	4
4	:invoke	:read	nil
4	:invoke	:read	4
3	:invoke	:write	4
0	:invoke	:write	0
0	:invoke	:read	0
3	:invoke	:read	0
4	:invoke	:read	0
1	:invoke	:write	0
2	:invoke	:read	0
4	:invoke	:write	4
3	:invoke	:write	4
4	:invoke	:cas	[4 3]
2	:invoke	:read	3
4	:invoke	:write	2
2	:invoke	:read	2
2	:invoke	:read	2
8	:invoke	:write	2
2	:invoke	:write	2
1	:invoke	:write	1
6	:invoke	:write	4
11	:invoke	:read	4
13	:invoke	:write	1
3	:invoke	:write	1
4	:invoke	:write	1
0	:invoke	:read	1
2	:invoke	:read	1

led to state: 
{:value 1}

with pending operations:

World with fixed history:
3	:invoke	:write	4
4	:invoke	:read	nil
4	:invoke	:read	4
3	:invoke	:write	4
0	:invoke	:write	0
3	:invoke	:read	0
0	:invoke	:read	0
4	:invoke	:read	0
2	:invoke	:read	0
1	:invoke	:write	0
3	:invoke	:write	4
4	:invoke	:write	4
4	:invoke	:cas	[4 3]
2	:invoke	:read	3
4	:invoke	:write	2
2	:invoke	:read	2
2	:invoke	:read	2
1	:invoke	:write	1
3	:invoke	:write	1
2	:invoke	:write	2
6	:invoke	:write	4
11	:invoke	:read	4
8	:invoke	:write	2
4	:invoke	:write	1
0	:invoke	:read	1
13	:invoke	:write	1
2	:invoke	:read	1

led to state: 
{:value 1}

with pending operations:

World with fixed history:
3	:invoke	:write	4
4	:invoke	:read	nil
4	:invoke	:read	4
3	:invoke	:write	4
0	:invoke	:write	0
0	:invoke	:read	0
3	:invoke	:read	0
4	:invoke	:read	0
1	:invoke	:write	0
2	:invoke	:read	0
3	:invoke	:write	4
4	:invoke	:write	4
4	:invoke	:cas	[4 3]
2	:invoke	:read	3
4	:invoke	:write	2
2	:invoke	:read	2
2	:invoke	:read	2
2	:invoke	:write	2
6	:invoke	:write	4
11	:invoke	:read	4
3	:invoke	:write	1
4	:invoke	:write	1
8	:invoke	:write	2
13	:invoke	:write	1
0	:invoke	:read	1
2	:invoke	:read	1
1	:invoke	:write	1

led to state: 
{:value 1}

with pending operations:

World with fixed history:
3	:invoke	:write	4
4	:invoke	:read	nil
4	:invoke	:read	4
3	:invoke	:write	4
0	:invoke	:write	0
3	:invoke	:read	0
0	:invoke	:read	0
4	:invoke	:read	0
2	:invoke	:read	0
1	:invoke	:write	0
4	:invoke	:write	4
3	:invoke	:write	4
4	:invoke	:cas	[4 3]
2	:invoke	:read	3
4	:invoke	:write	2
2	:invoke	:read	2
2	:invoke	:read	2
2	:invoke	:write	2
6	:invoke	:write	4
11	:invoke	:read	4
8	:invoke	:write	2
4	:invoke	:write	1
1	:invoke	:write	1
2	:invoke	:read	1
3	:invoke	:write	1
0	:invoke	:read	1

led to state: 
{:value 1}

with pending operations:
13	:invoke	:write	1

World with fixed history:
4	:invoke	:read	nil
3	:invoke	:write	4
4	:invoke	:read	4
3	:invoke	:write	4
0	:invoke	:write	0
0	:invoke	:read	0
3	:invoke	:read	0
4	:invoke	:read	0
2	:invoke	:read	0
1	:invoke	:write	0
4	:invoke	:write	4
3	:invoke	:write	4
4	:invoke	:cas	[4 3]
2	:invoke	:read	3
4	:invoke	:write	2
2	:invoke	:read	2
2	:invoke	:read	2
2	:invoke	:write	2
1	:invoke	:write	1
6	:invoke	:write	4
11	:invoke	:read	4
3	:invoke	:write	1
4	:invoke	:write	1
0	:invoke	:read	1
13	:invoke	:write	1
2	:invoke	:read	1
8	:invoke	:write	2

led to state: 
{:value 2}

with pending operations:

World with fixed history:
3	:invoke	:write	4
4	:invoke	:read	nil
4	:invoke	:read	4
3	:invoke	:write	4
0	:invoke	:write	0
3	:invoke	:read	0
0	:invoke	:read	0
4	:invoke	:read	0
1	:invoke	:write	0
2	:invoke	:read	0
4	:invoke	:write	4
3	:invoke	:write	4
4	:invoke	:cas	[4 3]
2	:invoke	:read	3
4	:invoke	:write	2
2	:invoke	:read	2
2	:invoke	:read	2
3	:invoke	:write	1
8	:invoke	:write	2
2	:invoke	:write	2
4	:invoke	:write	1
6	:invoke	:write	4
11	:invoke	:read	4
13	:invoke	:write	1
0	:invoke	:read	1
1	:invoke	:write	1
2	:invoke	:read	1

led to state: 
{:value 1}

with pending operations:

World with fixed history:
4	:invoke	:read	nil
3	:invoke	:write	4
4	:invoke	:read	4
3	:invoke	:write	4
0	:invoke	:write	0
0	:invoke	:read	0
3	:invoke	:read	0
4	:invoke	:read	0
2	:invoke	:read	0
1	:invoke	:write	0
4	:invoke	:write	4
3	:invoke	:write	4
4	:invoke	:cas	[4 3]
2	:invoke	:read	3
4	:invoke	:write	2
2	:invoke	:read	2
8	:invoke	:write	2
2	:invoke	:read	2
2	:invoke	:write	2
4	:invoke	:write	1
6	:invoke	:write	4
11	:invoke	:read	4
13	:invoke	:write	1
0	:invoke	:read	1
2	:invoke	:read	1
3	:invoke	:write	1

led to state: 
{:value 1}

with pending operations:
1	:invoke	:write	1

World with fixed history:
4	:invoke	:read	nil
3	:invoke	:write	4
4	:invoke	:read	4
3	:invoke	:write	4
0	:invoke	:write	0
0	:invoke	:read	0
3	:invoke	:read	0
4	:invoke	:read	0
1	:invoke	:write	0
2	:invoke	:read	0
3	:invoke	:write	4
4	:invoke	:write	4
4	:invoke	:cas	[4 3]
2	:invoke	:read	3
4	:invoke	:write	2
2	:invoke	:read	2
2	:invoke	:read	2
2	:invoke	:write	2
6	:invoke	:write	4
11	:invoke	:read	4
1	:invoke	:write	1
4	:invoke	:write	1
0	:invoke	:read	1
2	:invoke	:read	1
3	:invoke	:write	1

led to state: 
{:value 1}

with pending operations:
13	:invoke	:write	1
8	:invoke	:write	2

World with fixed history:
4	:invoke	:read	nil
3	:invoke	:write	4
4	:invoke	:read	4
3	:invoke	:write	4
0	:invoke	:write	0
0	:invoke	:read	0
3	:invoke	:read	0
4	:invoke	:read	0
1	:invoke	:write	0
2	:invoke	:read	0
3	:invoke	:write	4
4	:invoke	:write	4
4	:invoke	:cas	[4 3]
2	:invoke	:read	3
4	:invoke	:write	2
2	:invoke	:read	2
8	:invoke	:write	2
2	:invoke	:read	2
1	:invoke	:write	1
2	:invoke	:write	2
4	:invoke	:write	1
6	:invoke	:write	4
11	:invoke	:read	4
3	:invoke	:write	1
13	:invoke	:write	1
2	:invoke	:read	1
0	:invoke	:read	1

led to state: 
{:value 1}

with pending operations:

World with fixed history:
3	:invoke	:write	4
4	:invoke	:read	nil
4	:invoke	:read	4
3	:invoke	:write	4
0	:invoke	:write	0
0	:invoke	:read	0
3	:invoke	:read	0
4	:invoke	:read	0
2	:invoke	:read	0
1	:invoke	:write	0
4	:invoke	:write	4
3	:invoke	:write	4
4	:invoke	:cas	[4 3]
2	:invoke	:read	3
4	:invoke	:write	2
2	:invoke	:read	2
2	:invoke	:read	2
2	:invoke	:write	2
6	:invoke	:write	4
11	:invoke	:read	4
3	:invoke	:write	1
4	:invoke	:write	1
13	:invoke	:write	1
2	:invoke	:read	1
1	:invoke	:write	1
0	:invoke	:read	1

led to state: 
{:value 1}

with pending operations:
8	:invoke	:write	2

World with fixed history:
3	:invoke	:write	4
4	:invoke	:read	nil
4	:invoke	:read	4
3	:invoke	:write	4
0	:invoke	:write	0
0	:invoke	:read	0
3	:invoke	:read	0
4	:invoke	:read	0
1	:invoke	:write	0
2	:invoke	:read	0
3	:invoke	:write	4
4	:invoke	:write	4
4	:invoke	:cas	[4 3]
2	:invoke	:read	3
4	:invoke	:write	2
2	:invoke	:read	2
2	:invoke	:read	2
3	:invoke	:write	1
8	:invoke	:write	2
2	:invoke	:write	2
6	:invoke	:write	4
11	:invoke	:read	4
1	:invoke	:write	1
13	:invoke	:write	1
4	:invoke	:write	1
2	:invoke	:read	1
0	:invoke	:read	1

led to state: 
{:value 1}

with pending operations:

World with fixed history:
4	:invoke	:read	nil
3	:invoke	:write	4
4	:invoke	:read	4
3	:invoke	:write	4
0	:invoke	:write	0
0	:invoke	:read	0
3	:invoke	:read	0
4	:invoke	:read	0
1	:invoke	:write	0
2	:invoke	:read	0
4	:invoke	:write	4
3	:invoke	:write	4
4	:invoke	:cas	[4 3]
2	:invoke	:read	3
4	:invoke	:write	2
2	:invoke	:read	2
2	:invoke	:read	2
2	:invoke	:write	2
6	:invoke	:write	4
11	:invoke	:read	4
3	:invoke	:write	1
4	:invoke	:write	1
13	:invoke	:write	1
2	:invoke	:read	1
0	:invoke	:read	1

led to state: 
{:value 1}

with pending operations:
8	:invoke	:write	2
1	:invoke	:write	1

World with fixed history:
4	:invoke	:read	nil
3	:invoke	:write	4
4	:invoke	:read	4
3	:invoke	:write	4
0	:invoke	:write	0
0	:invoke	:read	0
3	:invoke	:read	0
4	:invoke	:read	0
1	:invoke	:write	0
2	:invoke	:read	0
3	:invoke	:write	4
4	:invoke	:write	4
4	:invoke	:cas	[4 3]
2	:invoke	:read	3
4	:invoke	:write	2
2	:invoke	:read	2
8	:invoke	:write	2
2	:invoke	:read	2
2	:invoke	:write	2
4	:invoke	:write	1
6	:invoke	:write	4
11	:invoke	:read	4
1	:invoke	:write	1
3	:invoke	:write	1
2	:invoke	:read	1
0	:invoke	:read	1

led to state: 
{:value 1}

with pending operations:
13	:invoke	:write	1

World with fixed history:
3	:invoke	:write	4
4	:invoke	:read	nil
4	:invoke	:read	4
3	:invoke	:write	4
0	:invoke	:write	0
3	:invoke	:read	0
0	:invoke	:read	0
4	:invoke	:read	0
2	:invoke	:read	0
1	:invoke	:write	0
4	:invoke	:write	4
3	:invoke	:write	4
4	:invoke	:cas	[4 3]
2	:invoke	:read	3
4	:invoke	:write	2
2	:invoke	:read	2
2	:invoke	:read	2
8	:invoke	:write	2
2	:invoke	:write	2
6	:invoke	:write	4
11	:invoke	:read	4
4	:invoke	:write	1
1	:invoke	:write	1
2	:invoke	:read	1
13	:invoke	:write	1
0	:invoke	:read	1
3	:invoke	:write	1

led to state: 
{:value 1}

with pending operations:

(and 157184 more worlds, elided here)
--------------------------------------------------------------

Inconsistent state transitions:
([{:value 1} "can't read 4 from register 1"]
 [{:value 2} "can't read 4 from register 2"])

Ran 1 tests containing 1 assertions.
1 failures, 0 errors.
Error encountered performing task 'test' with profile(s): 'base,system,user,provided,dev,etcd'
Tests failed.
