
lein test jepsen.system.etcd-test
INFO  jepsen.os.debian - :n3 setting up debian
INFO  jepsen.os.debian - :n4 setting up debian
INFO  jepsen.os.debian - :n2 setting up debian
INFO  jepsen.os.debian - :n1 setting up debian
INFO  jepsen.os.debian - :n5 setting up debian
INFO  jepsen.os.debian - :n4 debian set up
INFO  jepsen.os.debian - :n3 debian set up
INFO  jepsen.os.debian - :n5 debian set up
INFO  jepsen.os.debian - :n1 debian set up
INFO  jepsen.os.debian - :n2 debian set up
INFO  jepsen.system.etcd - :n4 etcd nuked
INFO  jepsen.system.etcd - :n3 etcd nuked
INFO  jepsen.system.etcd - :n5 etcd nuked
INFO  jepsen.system.etcd - :n2 etcd nuked
INFO  jepsen.system.etcd - :n1 etcd nuked
INFO  jepsen.system.etcd - Running nodes: {:n1 false, :n2 false, :n3 false, :n4 false, :n5 false}
INFO  jepsen.system.etcd - :n4 etcd nuked
INFO  jepsen.system.etcd - :n3 etcd nuked
INFO  jepsen.system.etcd - :n2 etcd nuked
INFO  jepsen.system.etcd - :n5 etcd nuked
INFO  jepsen.system.etcd - :n1 etcd nuked
INFO  jepsen.system.etcd - :n1 starting etcd
INFO  jepsen.system.etcd - :n4 starting etcd
INFO  jepsen.system.etcd - :n2 starting etcd
INFO  jepsen.system.etcd - :n5 starting etcd
INFO  jepsen.system.etcd - :n3 starting etcd
INFO  jepsen.system.etcd - Running nodes: {:n1 true, :n2 true, :n3 true, :n4 true, :n5 true}
INFO  jepsen.system.etcd - :n3 etcd ready
INFO  jepsen.system.etcd - :n1 etcd ready
INFO  jepsen.system.etcd - :n4 etcd ready
INFO  jepsen.system.etcd - :n5 etcd ready
INFO  jepsen.system.etcd - :n2 etcd ready
INFO  jepsen.core - Worker 4 starting
INFO  jepsen.core - Worker 0 starting
INFO  jepsen.core - Worker 3 starting
INFO  jepsen.core - Worker 1 starting
INFO  jepsen.core - Worker 2 starting
INFO  jepsen.util - 0	:invoke	:write	3
INFO  jepsen.util - 4	:invoke	:read	nil
INFO  jepsen.util - 2	:invoke	:read	nil
INFO  jepsen.util - 3	:invoke	:write	0
INFO  jepsen.util - 2	:ok	:read	nil
INFO  jepsen.util - 4	:ok	:read	nil
INFO  jepsen.util - 1	:invoke	:cas	[1 1]
INFO  jepsen.util - 0	:ok	:write	3
INFO  jepsen.util - 1	:fail	:cas	[1 1]
INFO  jepsen.util - 3	:ok	:write	0
INFO  jepsen.util - 2	:invoke	:read	nil
INFO  jepsen.util - 4	:invoke	:write	0
INFO  jepsen.util - 2	:ok	:read	0
INFO  jepsen.util - 0	:invoke	:write	2
INFO  jepsen.util - 4	:ok	:write	0
INFO  jepsen.util - 0	:ok	:write	2
INFO  jepsen.util - 1	:invoke	:write	4
INFO  jepsen.util - 3	:invoke	:read	nil
INFO  jepsen.util - 3	:ok	:read	2
INFO  jepsen.util - 1	:ok	:write	4
INFO  jepsen.util - 2	:invoke	:cas	[1 2]
INFO  jepsen.util - 2	:fail	:cas	[1 2]
INFO  jepsen.util - 4	:invoke	:cas	[0 0]
INFO  jepsen.util - 4	:fail	:cas	[0 0]
INFO  jepsen.util - 0	:invoke	:read	nil
INFO  jepsen.util - 0	:ok	:read	4
INFO  jepsen.util - 3	:invoke	:cas	[1 3]
INFO  jepsen.util - 1	:invoke	:write	2
INFO  jepsen.util - 3	:fail	:cas	[1 3]
INFO  jepsen.util - 1	:ok	:write	2
INFO  jepsen.util - 2	:invoke	:cas	[3 0]
INFO  jepsen.util - 2	:fail	:cas	[3 0]
INFO  jepsen.util - 4	:invoke	:write	1
INFO  jepsen.util - 4	:ok	:write	1
INFO  jepsen.util - 0	:invoke	:read	nil
INFO  jepsen.util - 0	:ok	:read	1
INFO  jepsen.util - 3	:invoke	:read	nil
INFO  jepsen.util - 3	:ok	:read	1
INFO  jepsen.util - 1	:invoke	:write	2
INFO  jepsen.util - 1	:ok	:write	2
INFO  jepsen.util - :nemesis	:info	:start	nil
INFO  jepsen.util - 2	:invoke	:cas	[2 3]
INFO  jepsen.util - 2	:ok	:cas	[2 3]
INFO  jepsen.util - 4	:invoke	:cas	[2 3]
INFO  jepsen.util - 0	:invoke	:read	nil
INFO  jepsen.util - 0	:ok	:read	3
INFO  jepsen.util - 3	:invoke	:cas	[0 1]
INFO  jepsen.util - 4	:fail	:cas	[2 3]
INFO  jepsen.util - 3	:fail	:cas	[0 1]
INFO  jepsen.util - 1	:invoke	:cas	[3 4]
INFO  jepsen.util - :nemesis	:info	:start	"Cut off {:n1 #{:n3 :n2}, :n5 #{:n3 :n2}, :n4 #{:n3 :n2}, :n2 #{:n4 :n5 :n1}, :n3 #{:n4 :n5 :n1}}"
INFO  jepsen.util - 2	:invoke	:read	nil
INFO  jepsen.util - 2	:ok	:read	3
INFO  jepsen.util - 0	:invoke	:cas	[1 3]
INFO  jepsen.util - 0	:fail	:cas	[1 3]
INFO  jepsen.util - 4	:invoke	:read	nil
INFO  jepsen.util - 3	:invoke	:write	3
INFO  jepsen.util - 4	:ok	:read	3
INFO  jepsen.util - 3	:ok	:write	3
INFO  jepsen.util - 1	:info	:cas	:timed-out
INFO  jepsen.util - 2	:invoke	:cas	[4 1]
INFO  jepsen.util - 0	:invoke	:cas	[0 1]
INFO  jepsen.util - 0	:fail	:cas	[0 1]
INFO  jepsen.util - 4	:invoke	:write	3
INFO  jepsen.util - 4	:ok	:write	3
INFO  jepsen.util - 3	:invoke	:write	0
INFO  jepsen.util - 6	:invoke	:write	2
INFO  jepsen.util - 3	:ok	:write	0
INFO  jepsen.util - 2	:info	:cas	:timed-out
INFO  jepsen.util - 0	:invoke	:write	2
INFO  jepsen.util - 0	:ok	:write	2
INFO  jepsen.util - 4	:invoke	:cas	[3 3]
INFO  jepsen.util - 6	:info	:write	:timed-out
INFO  jepsen.util - 3	:invoke	:cas	[3 3]
INFO  jepsen.util - 4	:fail	:cas	[3 3]
INFO  jepsen.util - 7	:invoke	:write	0
INFO  jepsen.util - 0	:invoke	:read	nil
INFO  jepsen.util - 3	:fail	:cas	[3 3]
INFO  jepsen.util - 0	:ok	:read	2
INFO  jepsen.util - 11	:invoke	:cas	[0 0]
INFO  jepsen.util - 4	:invoke	:read	nil
INFO  jepsen.util - 4	:ok	:read	2
INFO  jepsen.util - 7	:info	:write	:timed-out
INFO  jepsen.util - 3	:invoke	:write	4
INFO  jepsen.util - 0	:invoke	:read	nil
INFO  jepsen.util - 0	:ok	:read	2
INFO  jepsen.util - 3	:ok	:write	4
INFO  jepsen.util - 11	:info	:cas	:timed-out
INFO  jepsen.util - :nemesis	:info	:stop	nil
INFO  jepsen.util - 4	:invoke	:read	nil
INFO  jepsen.util - 4	:ok	:read	4
INFO  jepsen.util - :nemesis	:info	:stop	"fully connected"
INFO  jepsen.util - 12	:invoke	:read	nil
INFO  jepsen.util - 12	:ok	:read	3
INFO  jepsen.util - 0	:invoke	:cas	[2 3]
INFO  jepsen.util - 3	:invoke	:read	nil
INFO  jepsen.util - 3	:ok	:read	4
INFO  jepsen.util - 16	:invoke	:write	2
INFO  jepsen.util - 4	:invoke	:read	nil
INFO  jepsen.util - 4	:ok	:read	4
INFO  jepsen.util - 12	:invoke	:write	4
INFO  jepsen.util - 0	:info	:cas	:timed-out
INFO  jepsen.util - 12	:ok	:write	4
INFO  jepsen.util - 3	:invoke	:write	3
INFO  jepsen.util - 3	:ok	:write	3
INFO  jepsen.util - 16	:ok	:write	2
INFO  jepsen.util - 4	:invoke	:read	nil
INFO  jepsen.util - 4	:ok	:read	3
INFO  jepsen.util - 5	:invoke	:write	1
INFO  jepsen.util - 12	:invoke	:write	4
INFO  jepsen.util - 5	:ok	:write	1
INFO  jepsen.util - 16	:invoke	:write	3
INFO  jepsen.util - 12	:ok	:write	4
INFO  jepsen.util - 3	:invoke	:cas	[0 1]
INFO  jepsen.util - 16	:ok	:write	3
INFO  jepsen.util - 4	:invoke	:write	1
INFO  jepsen.util - 4	:ok	:write	1
INFO  jepsen.util - 3	:fail	:cas	[0 1]
INFO  jepsen.util - 5	:invoke	:read	nil
INFO  jepsen.util - 12	:invoke	:read	nil
INFO  jepsen.util - 12	:ok	:read	1
INFO  jepsen.util - 5	:ok	:read	1
INFO  jepsen.util - 16	:invoke	:write	0
INFO  jepsen.util - 16	:ok	:write	0
INFO  jepsen.util - 4	:invoke	:cas	[3 1]
INFO  jepsen.util - 4	:fail	:cas	[3 1]
INFO  jepsen.util - 3	:invoke	:write	0
INFO  jepsen.util - 3	:ok	:write	0
INFO  jepsen.util - 12	:invoke	:read	nil
INFO  jepsen.util - 5	:invoke	:cas	[2 1]
INFO  jepsen.util - 12	:ok	:read	0
INFO  jepsen.util - 5	:fail	:cas	[2 1]
INFO  jepsen.util - 16	:invoke	:read	nil
INFO  jepsen.util - 16	:ok	:read	0
INFO  jepsen.util - 4	:invoke	:write	0
INFO  jepsen.util - 4	:ok	:write	0
INFO  jepsen.util - :nemesis	:info	:start	nil
INFO  jepsen.util - 3	:invoke	:write	1
INFO  jepsen.util - 12	:invoke	:cas	[2 0]
INFO  jepsen.util - 5	:invoke	:read	nil
INFO  jepsen.util - 5	:ok	:read	0
INFO  jepsen.util - 16	:invoke	:cas	[4 2]
INFO  jepsen.util - 4	:invoke	:read	nil
INFO  jepsen.util - 4	:ok	:read	0
INFO  jepsen.util - :nemesis	:info	:start	"Cut off {:n2 #{:n5 :n1}, :n4 #{:n5 :n1}, :n3 #{:n5 :n1}, :n1 #{:n3 :n4 :n2}, :n5 #{:n3 :n4 :n2}}"
INFO  jepsen.util - 3	:info	:write	:timed-out
INFO  jepsen.util - 12	:info	:cas	:timed-out
INFO  jepsen.util - 5	:invoke	:cas	[3 4]
INFO  jepsen.util - 16	:info	:cas	:timed-out
INFO  jepsen.util - 4	:invoke	:read	nil
INFO  jepsen.util - 4	:ok	:read	0
INFO  jepsen.util - 8	:invoke	:write	1
INFO  jepsen.util - 8	:ok	:write	1
INFO  jepsen.util - 17	:invoke	:read	nil
INFO  jepsen.util - 17	:ok	:read	1
INFO  jepsen.util - 5	:info	:cas	:timed-out
INFO  jepsen.util - 21	:invoke	:write	1
INFO  jepsen.util - 21	:ok	:write	1
INFO  jepsen.util - 4	:invoke	:cas	[2 4]
INFO  jepsen.util - 8	:invoke	:write	3
INFO  jepsen.util - 17	:invoke	:read	nil
INFO  jepsen.util - 17	:ok	:read	1
INFO  jepsen.util - 10	:invoke	:read	nil
INFO  jepsen.util - 10	:ok	:read	0
INFO  jepsen.util - 21	:invoke	:write	0
INFO  jepsen.util - 4	:info	:cas	:timed-out
INFO  jepsen.util - 21	:ok	:write	0
INFO  jepsen.util - 8	:ok	:write	3
INFO  jepsen.util - 17	:invoke	:cas	[1 0]
INFO  jepsen.util - 17	:fail	:cas	[1 0]
INFO  jepsen.util - 10	:invoke	:read	nil
INFO  jepsen.util - 10	:ok	:read	0
INFO  jepsen.util - :nemesis	:info	:stop	nil
INFO  jepsen.util - :nemesis	:info	:stop	"fully connected"
INFO  jepsen.util - :nemesis	:info	:stop	nil
INFO  jepsen.util - :nemesis	:info	:stop	"fully connected"
INFO  jepsen.util - 9	:invoke	:read	nil
INFO  jepsen.core - nemesis done
INFO  jepsen.core - Worker 3 done
INFO  jepsen.core - Worker 1 done
INFO  jepsen.core - Worker 2 done
INFO  jepsen.core - Worker 0 done
INFO  jepsen.util - 9	:ok	:read	0
INFO  jepsen.core - Worker 4 done
INFO  jepsen.core - Run complete, writing
INFO  jepsen.core - Analyzing
INFO  knossos.core - [92 / 178] 1379 extant worlds, 10048 visited/s, 605 skipped/s, hitrate 0.057 cache size 7521
INFO  knossos.core - [92 / 178] 670 extant worlds, 17377 visited/s, 1084 skipped/s, hitrate 0.059 cache size 17936
INFO  knossos.core - [92 / 178] 453 extant worlds, 19477 visited/s, 1219 skipped/s, hitrate 0.059 cache size 30182
INFO  knossos.core - [92 / 178] 647 extant worlds, 22415 visited/s, 1380 skipped/s, hitrate 0.058 cache size 44467
INFO  knossos.core - [92 / 178] 431 extant worlds, 21630 visited/s, 1347 skipped/s, hitrate 0.059 cache size 58116
INFO  knossos.core - [92 / 178] 468 extant worlds, 16233 visited/s, 1017 skipped/s, hitrate 0.059 cache size 68422
INFO  knossos.core - [92 / 178] 410 extant worlds, 17437 visited/s, 1079 skipped/s, hitrate 0.058 cache size 79486
INFO  knossos.core - [92 / 178] 533 extant worlds, 21406 visited/s, 1323 skipped/s, hitrate 0.058 cache size 93102
INFO  knossos.core - [92 / 178] 280 extant worlds, 21140 visited/s, 1313 skipped/s, hitrate 0.058 cache size 106419
INFO  knossos.core - [92 / 178] 120 extant worlds, 20695 visited/s, 1297 skipped/s, hitrate 0.059 cache size 119472
INFO  jepsen.core - Analysis complete
INFO  jepsen.system.etcd - :n4 etcd nuked
INFO  jepsen.system.etcd - :n1 etcd nuked
INFO  jepsen.system.etcd - :n2 etcd nuked
INFO  jepsen.system.etcd - :n3 etcd nuked
INFO  jepsen.system.etcd - :n5 etcd nuked

lein test :only jepsen.system.etcd-test/register-test

FAIL in (register-test) (etcd_test.clj:45)
expected: (:valid? (:results test))
  actual: false
Not linearizable. Linearizable prefix was:
0	:invoke	:write	3
4	:invoke	:read	nil
2	:invoke	:read	nil
3	:invoke	:write	0
2	:ok	:read	nil
4	:ok	:read	nil
1	:invoke	:cas	[1 1]
0	:ok	:write	3
1	:fail	:cas	[1 1]
3	:ok	:write	0
2	:invoke	:read	0
4	:invoke	:write	0
2	:ok	:read	0
0	:invoke	:write	2
4	:ok	:write	0
0	:ok	:write	2
1	:invoke	:write	4
3	:invoke	:read	2
3	:ok	:read	2
1	:ok	:write	4
2	:invoke	:cas	[1 2]
2	:fail	:cas	[1 2]
4	:invoke	:cas	[0 0]
4	:fail	:cas	[0 0]
0	:invoke	:read	4
0	:ok	:read	4
3	:invoke	:cas	[1 3]
1	:invoke	:write	2
3	:fail	:cas	[1 3]
1	:ok	:write	2
2	:invoke	:cas	[3 0]
2	:fail	:cas	[3 0]
4	:invoke	:write	1
4	:ok	:write	1
0	:invoke	:read	1
0	:ok	:read	1
3	:invoke	:read	1
3	:ok	:read	1
1	:invoke	:write	2
1	:ok	:write	2
:nemesis	:info	:start	nil
2	:invoke	:cas	[2 3]
2	:ok	:cas	[2 3]
4	:invoke	:cas	[2 3]
0	:invoke	:read	3
0	:ok	:read	3
3	:invoke	:cas	[0 1]
4	:fail	:cas	[2 3]
3	:fail	:cas	[0 1]
1	:invoke	:cas	[3 4]
:nemesis	:info	:start	"Cut off {:n1 #{:n3 :n2}, :n5 #{:n3 :n2}, :n4 #{:n3 :n2}, :n2 #{:n4 :n5 :n1}, :n3 #{:n4 :n5 :n1}}"
2	:invoke	:read	3
2	:ok	:read	3
0	:invoke	:cas	[1 3]
0	:fail	:cas	[1 3]
4	:invoke	:read	3
3	:invoke	:write	3
4	:ok	:read	3
3	:ok	:write	3
1	:info	:cas	:timed-out
2	:invoke	:cas	[4 1]
0	:invoke	:cas	[0 1]
0	:fail	:cas	[0 1]
4	:invoke	:write	3
4	:ok	:write	3
3	:invoke	:write	0
6	:invoke	:write	2
3	:ok	:write	0
2	:info	:cas	:timed-out
0	:invoke	:write	2
0	:ok	:write	2
4	:invoke	:cas	[3 3]
6	:info	:write	:timed-out
3	:invoke	:cas	[3 3]
4	:fail	:cas	[3 3]
7	:invoke	:write	0
0	:invoke	:read	2
3	:fail	:cas	[3 3]
0	:ok	:read	2
11	:invoke	:cas	[0 0]
4	:invoke	:read	2
4	:ok	:read	2
7	:info	:write	:timed-out
3	:invoke	:write	4
0	:invoke	:read	2
0	:ok	:read	2
3	:ok	:write	4
11	:info	:cas	:timed-out
:nemesis	:info	:stop	nil
4	:invoke	:read	4
4	:ok	:read	4
:nemesis	:info	:stop	"fully connected"

Followed by inconsistent operation:
12	:invoke	:read	3

-------------------------------------------------------------
Just prior to that operation, possible interpretations of the
linearizable prefix were:
World with fixed history:
4	:invoke	:read	nil
2	:invoke	:read	nil
0	:invoke	:write	3
3	:invoke	:write	0
2	:invoke	:read	0
4	:invoke	:write	0
0	:invoke	:write	2
3	:invoke	:read	2
1	:invoke	:write	4
0	:invoke	:read	4
1	:invoke	:write	2
4	:invoke	:write	1
0	:invoke	:read	1
3	:invoke	:read	1
1	:invoke	:write	2
2	:invoke	:cas	[2 3]
0	:invoke	:read	3
2	:invoke	:read	3
3	:invoke	:write	3
4	:invoke	:read	3
4	:invoke	:write	3
3	:invoke	:write	0
0	:invoke	:write	2
0	:invoke	:read	2
4	:invoke	:read	2
0	:invoke	:read	2
3	:invoke	:write	4
4	:invoke	:read	4
2	:invoke	:cas	[4 1]
6	:invoke	:write	2
7	:invoke	:write	0
11	:invoke	:cas	[0 0]

led to state: 
{:value 0}

with pending operations:
1	:invoke	:cas	[3 4]

World with fixed history:
4	:invoke	:read	nil
0	:invoke	:write	3
2	:invoke	:read	nil
3	:invoke	:write	0
4	:invoke	:write	0
2	:invoke	:read	0
0	:invoke	:write	2
3	:invoke	:read	2
1	:invoke	:write	4
0	:invoke	:read	4
1	:invoke	:write	2
4	:invoke	:write	1
0	:invoke	:read	1
3	:invoke	:read	1
1	:invoke	:write	2
2	:invoke	:cas	[2 3]
0	:invoke	:read	3
2	:invoke	:read	3
3	:invoke	:write	3
4	:invoke	:read	3
4	:invoke	:write	3
1	:invoke	:cas	[3 4]
3	:invoke	:write	0
0	:invoke	:write	2
0	:invoke	:read	2
4	:invoke	:read	2
0	:invoke	:read	2
3	:invoke	:write	4
4	:invoke	:read	4
7	:invoke	:write	0
11	:invoke	:cas	[0 0]

led to state: 
{:value 0}

with pending operations:
2	:invoke	:cas	[4 1]
6	:invoke	:write	2

World with fixed history:
4	:invoke	:read	nil
0	:invoke	:write	3
2	:invoke	:read	nil
3	:invoke	:write	0
2	:invoke	:read	0
4	:invoke	:write	0
0	:invoke	:write	2
3	:invoke	:read	2
1	:invoke	:write	4
0	:invoke	:read	4
1	:invoke	:write	2
4	:invoke	:write	1
0	:invoke	:read	1
3	:invoke	:read	1
1	:invoke	:write	2
2	:invoke	:cas	[2 3]
0	:invoke	:read	3
2	:invoke	:read	3
4	:invoke	:read	3
1	:invoke	:cas	[3 4]
3	:invoke	:write	3
4	:invoke	:write	3
3	:invoke	:write	0
0	:invoke	:write	2
0	:invoke	:read	2
4	:invoke	:read	2
0	:invoke	:read	2
6	:invoke	:write	2
3	:invoke	:write	4
4	:invoke	:read	4
2	:invoke	:cas	[4 1]

led to state: 
{:value 1}

with pending operations:
7	:invoke	:write	0
11	:invoke	:cas	[0 0]

World with fixed history:
4	:invoke	:read	nil
0	:invoke	:write	3
2	:invoke	:read	nil
3	:invoke	:write	0
4	:invoke	:write	0
2	:invoke	:read	0
0	:invoke	:write	2
3	:invoke	:read	2
1	:invoke	:write	4
0	:invoke	:read	4
1	:invoke	:write	2
4	:invoke	:write	1
0	:invoke	:read	1
3	:invoke	:read	1
1	:invoke	:write	2
2	:invoke	:cas	[2 3]
0	:invoke	:read	3
2	:invoke	:read	3
4	:invoke	:read	3
3	:invoke	:write	3
4	:invoke	:write	3
3	:invoke	:write	0
0	:invoke	:write	2
0	:invoke	:read	2
4	:invoke	:read	2
0	:invoke	:read	2
7	:invoke	:write	0
3	:invoke	:write	4
4	:invoke	:read	4
2	:invoke	:cas	[4 1]
6	:invoke	:write	2

led to state: 
{:value 2}

with pending operations:
11	:invoke	:cas	[0 0]
1	:invoke	:cas	[3 4]

World with fixed history:
3	:invoke	:write	0
4	:invoke	:read	nil
0	:invoke	:write	3
2	:invoke	:read	nil
4	:invoke	:write	0
2	:invoke	:read	0
0	:invoke	:write	2
3	:invoke	:read	2
1	:invoke	:write	4
0	:invoke	:read	4
1	:invoke	:write	2
4	:invoke	:write	1
0	:invoke	:read	1
3	:invoke	:read	1
1	:invoke	:write	2
2	:invoke	:cas	[2 3]
0	:invoke	:read	3
2	:invoke	:read	3
4	:invoke	:read	3
3	:invoke	:write	3
4	:invoke	:write	3
1	:invoke	:cas	[3 4]
3	:invoke	:write	0
0	:invoke	:write	2
6	:invoke	:write	2
0	:invoke	:read	2
4	:invoke	:read	2
0	:invoke	:read	2
3	:invoke	:write	4
4	:invoke	:read	4
7	:invoke	:write	0
11	:invoke	:cas	[0 0]

led to state: 
{:value 0}

with pending operations:
2	:invoke	:cas	[4 1]

World with fixed history:
0	:invoke	:write	3
3	:invoke	:write	0
2	:invoke	:read	nil
4	:invoke	:read	nil
2	:invoke	:read	0
4	:invoke	:write	0
0	:invoke	:write	2
3	:invoke	:read	2
1	:invoke	:write	4
0	:invoke	:read	4
1	:invoke	:write	2
4	:invoke	:write	1
0	:invoke	:read	1
3	:invoke	:read	1
1	:invoke	:write	2
2	:invoke	:cas	[2 3]
0	:invoke	:read	3
2	:invoke	:read	3
3	:invoke	:write	3
4	:invoke	:read	3
1	:invoke	:cas	[3 4]
4	:invoke	:write	3
3	:invoke	:write	0
0	:invoke	:write	2
0	:invoke	:read	2
4	:invoke	:read	2
0	:invoke	:read	2
6	:invoke	:write	2
3	:invoke	:write	4
4	:invoke	:read	4
7	:invoke	:write	0

led to state: 
{:value 0}

with pending operations:
11	:invoke	:cas	[0 0]
2	:invoke	:cas	[4 1]

World with fixed history:
3	:invoke	:write	0
4	:invoke	:read	nil
2	:invoke	:read	nil
0	:invoke	:write	3
4	:invoke	:write	0
2	:invoke	:read	0
0	:invoke	:write	2
3	:invoke	:read	2
1	:invoke	:write	4
0	:invoke	:read	4
1	:invoke	:write	2
4	:invoke	:write	1
0	:invoke	:read	1
3	:invoke	:read	1
1	:invoke	:write	2
2	:invoke	:cas	[2 3]
0	:invoke	:read	3
2	:invoke	:read	3
3	:invoke	:write	3
4	:invoke	:read	3
4	:invoke	:write	3
3	:invoke	:write	0
0	:invoke	:write	2
0	:invoke	:read	2
4	:invoke	:read	2
0	:invoke	:read	2
3	:invoke	:write	4
4	:invoke	:read	4
2	:invoke	:cas	[4 1]
7	:invoke	:write	0
11	:invoke	:cas	[0 0]

led to state: 
{:value 0}

with pending operations:
1	:invoke	:cas	[3 4]
6	:invoke	:write	2

World with fixed history:
0	:invoke	:write	3
3	:invoke	:write	0
2	:invoke	:read	nil
4	:invoke	:read	nil
4	:invoke	:write	0
2	:invoke	:read	0
0	:invoke	:write	2
3	:invoke	:read	2
1	:invoke	:write	4
0	:invoke	:read	4
1	:invoke	:write	2
4	:invoke	:write	1
0	:invoke	:read	1
3	:invoke	:read	1
1	:invoke	:write	2
2	:invoke	:cas	[2 3]
0	:invoke	:read	3
2	:invoke	:read	3
4	:invoke	:read	3
3	:invoke	:write	3
4	:invoke	:write	3
3	:invoke	:write	0
0	:invoke	:write	2
6	:invoke	:write	2
0	:invoke	:read	2
4	:invoke	:read	2
0	:invoke	:read	2
3	:invoke	:write	4
4	:invoke	:read	4
2	:invoke	:cas	[4 1]

led to state: 
{:value 1}

with pending operations:
7	:invoke	:write	0
11	:invoke	:cas	[0 0]
1	:invoke	:cas	[3 4]

World with fixed history:
0	:invoke	:write	3
2	:invoke	:read	nil
4	:invoke	:read	nil
3	:invoke	:write	0
4	:invoke	:write	0
2	:invoke	:read	0
0	:invoke	:write	2
3	:invoke	:read	2
1	:invoke	:write	4
0	:invoke	:read	4
1	:invoke	:write	2
4	:invoke	:write	1
0	:invoke	:read	1
3	:invoke	:read	1
1	:invoke	:write	2
2	:invoke	:cas	[2 3]
0	:invoke	:read	3
2	:invoke	:read	3
3	:invoke	:write	3
4	:invoke	:read	3
4	:invoke	:write	3
3	:invoke	:write	0
0	:invoke	:write	2
0	:invoke	:read	2
7	:invoke	:write	0
6	:invoke	:write	2
4	:invoke	:read	2
0	:invoke	:read	2
3	:invoke	:write	4
4	:invoke	:read	4

led to state: 
{:value 4}

with pending operations:
11	:invoke	:cas	[0 0]
2	:invoke	:cas	[4 1]
1	:invoke	:cas	[3 4]

World with fixed history:
3	:invoke	:write	0
4	:invoke	:read	nil
0	:invoke	:write	3
2	:invoke	:read	nil
4	:invoke	:write	0
2	:invoke	:read	0
0	:invoke	:write	2
3	:invoke	:read	2
1	:invoke	:write	4
0	:invoke	:read	4
1	:invoke	:write	2
4	:invoke	:write	1
0	:invoke	:read	1
3	:invoke	:read	1
1	:invoke	:write	2
2	:invoke	:cas	[2 3]
0	:invoke	:read	3
2	:invoke	:read	3
4	:invoke	:read	3
3	:invoke	:write	3
1	:invoke	:cas	[3 4]
4	:invoke	:write	3
3	:invoke	:write	0
0	:invoke	:write	2
0	:invoke	:read	2
4	:invoke	:read	2
6	:invoke	:write	2
0	:invoke	:read	2
3	:invoke	:write	4
4	:invoke	:read	4

led to state: 
{:value 4}

with pending operations:
7	:invoke	:write	0
11	:invoke	:cas	[0 0]
2	:invoke	:cas	[4 1]

World with fixed history:
4	:invoke	:read	nil
0	:invoke	:write	3
3	:invoke	:write	0
2	:invoke	:read	nil
2	:invoke	:read	0
4	:invoke	:write	0
0	:invoke	:write	2
3	:invoke	:read	2
1	:invoke	:write	4
0	:invoke	:read	4
1	:invoke	:write	2
4	:invoke	:write	1
0	:invoke	:read	1
3	:invoke	:read	1
1	:invoke	:write	2
2	:invoke	:cas	[2 3]
0	:invoke	:read	3
2	:invoke	:read	3
3	:invoke	:write	3
4	:invoke	:read	3
4	:invoke	:write	3
1	:invoke	:cas	[3 4]
3	:invoke	:write	0
0	:invoke	:write	2
0	:invoke	:read	2
4	:invoke	:read	2
0	:invoke	:read	2
6	:invoke	:write	2
7	:invoke	:write	0
11	:invoke	:cas	[0 0]
3	:invoke	:write	4
4	:invoke	:read	4

led to state: 
{:value 4}

with pending operations:
2	:invoke	:cas	[4 1]

World with fixed history:
4	:invoke	:read	nil
0	:invoke	:write	3
3	:invoke	:write	0
2	:invoke	:read	nil
4	:invoke	:write	0
2	:invoke	:read	0
0	:invoke	:write	2
3	:invoke	:read	2
1	:invoke	:write	4
0	:invoke	:read	4
1	:invoke	:write	2
4	:invoke	:write	1
0	:invoke	:read	1
3	:invoke	:read	1
1	:invoke	:write	2
2	:invoke	:cas	[2 3]
0	:invoke	:read	3
2	:invoke	:read	3
4	:invoke	:read	3
3	:invoke	:write	3
1	:invoke	:cas	[3 4]
4	:invoke	:write	3
3	:invoke	:write	0
0	:invoke	:write	2
0	:invoke	:read	2
4	:invoke	:read	2
0	:invoke	:read	2
7	:invoke	:write	0
11	:invoke	:cas	[0 0]
6	:invoke	:write	2
3	:invoke	:write	4
4	:invoke	:read	4
2	:invoke	:cas	[4 1]

led to state: 
{:value 1}

with pending operations:

World with fixed history:
3	:invoke	:write	0
0	:invoke	:write	3
2	:invoke	:read	nil
4	:invoke	:read	nil
4	:invoke	:write	0
2	:invoke	:read	0
0	:invoke	:write	2
3	:invoke	:read	2
1	:invoke	:write	4
0	:invoke	:read	4
1	:invoke	:write	2
4	:invoke	:write	1
0	:invoke	:read	1
3	:invoke	:read	1
1	:invoke	:write	2
2	:invoke	:cas	[2 3]
0	:invoke	:read	3
2	:invoke	:read	3
3	:invoke	:write	3
4	:invoke	:read	3
4	:invoke	:write	3
3	:invoke	:write	0
0	:invoke	:write	2
0	:invoke	:read	2
4	:invoke	:read	2
0	:invoke	:read	2
6	:invoke	:write	2
3	:invoke	:write	4
4	:invoke	:read	4
7	:invoke	:write	0

led to state: 
{:value 0}

with pending operations:
11	:invoke	:cas	[0 0]
2	:invoke	:cas	[4 1]
1	:invoke	:cas	[3 4]

World with fixed history:
2	:invoke	:read	nil
0	:invoke	:write	3
4	:invoke	:read	nil
3	:invoke	:write	0
2	:invoke	:read	0
4	:invoke	:write	0
0	:invoke	:write	2
3	:invoke	:read	2
1	:invoke	:write	4
0	:invoke	:read	4
1	:invoke	:write	2
4	:invoke	:write	1
0	:invoke	:read	1
3	:invoke	:read	1
1	:invoke	:write	2
2	:invoke	:cas	[2 3]
0	:invoke	:read	3
2	:invoke	:read	3
4	:invoke	:read	3
3	:invoke	:write	3
4	:invoke	:write	3
1	:invoke	:cas	[3 4]
3	:invoke	:write	0
0	:invoke	:write	2
0	:invoke	:read	2
6	:invoke	:write	2
4	:invoke	:read	2
0	:invoke	:read	2
7	:invoke	:write	0
3	:invoke	:write	4
4	:invoke	:read	4
2	:invoke	:cas	[4 1]

led to state: 
{:value 1}

with pending operations:
11	:invoke	:cas	[0 0]

World with fixed history:
0	:invoke	:write	3
3	:invoke	:write	0
2	:invoke	:read	nil
4	:invoke	:read	nil
4	:invoke	:write	0
2	:invoke	:read	0
0	:invoke	:write	2
3	:invoke	:read	2
1	:invoke	:write	4
0	:invoke	:read	4
1	:invoke	:write	2
4	:invoke	:write	1
0	:invoke	:read	1
3	:invoke	:read	1
1	:invoke	:write	2
2	:invoke	:cas	[2 3]
0	:invoke	:read	3
2	:invoke	:read	3
3	:invoke	:write	3
4	:invoke	:read	3
1	:invoke	:cas	[3 4]
2	:invoke	:cas	[4 1]
4	:invoke	:write	3
3	:invoke	:write	0
0	:invoke	:write	2
0	:invoke	:read	2
6	:invoke	:write	2
4	:invoke	:read	2
0	:invoke	:read	2
7	:invoke	:write	0
3	:invoke	:write	4
4	:invoke	:read	4

led to state: 
{:value 4}

with pending operations:
11	:invoke	:cas	[0 0]

World with fixed history:
0	:invoke	:write	3
3	:invoke	:write	0
2	:invoke	:read	nil
4	:invoke	:read	nil
4	:invoke	:write	0
2	:invoke	:read	0
0	:invoke	:write	2
3	:invoke	:read	2
1	:invoke	:write	4
0	:invoke	:read	4
1	:invoke	:write	2
4	:invoke	:write	1
0	:invoke	:read	1
3	:invoke	:read	1
1	:invoke	:write	2
2	:invoke	:cas	[2 3]
0	:invoke	:read	3
2	:invoke	:read	3
1	:invoke	:cas	[3 4]
3	:invoke	:write	3
4	:invoke	:read	3
4	:invoke	:write	3
3	:invoke	:write	0
0	:invoke	:write	2
0	:invoke	:read	2
4	:invoke	:read	2
0	:invoke	:read	2
6	:invoke	:write	2
3	:invoke	:write	4
4	:invoke	:read	4
2	:invoke	:cas	[4 1]

led to state: 
{:value 1}

with pending operations:
7	:invoke	:write	0
11	:invoke	:cas	[0 0]

World with fixed history:
4	:invoke	:read	nil
0	:invoke	:write	3
3	:invoke	:write	0
2	:invoke	:read	nil
2	:invoke	:read	0
4	:invoke	:write	0
0	:invoke	:write	2
3	:invoke	:read	2
1	:invoke	:write	4
0	:invoke	:read	4
1	:invoke	:write	2
4	:invoke	:write	1
0	:invoke	:read	1
3	:invoke	:read	1
1	:invoke	:write	2
2	:invoke	:cas	[2 3]
0	:invoke	:read	3
2	:invoke	:read	3
3	:invoke	:write	3
4	:invoke	:read	3
1	:invoke	:cas	[3 4]
2	:invoke	:cas	[4 1]
4	:invoke	:write	3
3	:invoke	:write	0
6	:invoke	:write	2
0	:invoke	:write	2
0	:invoke	:read	2
4	:invoke	:read	2
0	:invoke	:read	2
3	:invoke	:write	4
4	:invoke	:read	4
7	:invoke	:write	0

led to state: 
{:value 0}

with pending operations:
11	:invoke	:cas	[0 0]

World with fixed history:
0	:invoke	:write	3
3	:invoke	:write	0
2	:invoke	:read	nil
4	:invoke	:read	nil
4	:invoke	:write	0
2	:invoke	:read	0
0	:invoke	:write	2
3	:invoke	:read	2
1	:invoke	:write	4
0	:invoke	:read	4
1	:invoke	:write	2
4	:invoke	:write	1
0	:invoke	:read	1
3	:invoke	:read	1
1	:invoke	:write	2
2	:invoke	:cas	[2 3]
0	:invoke	:read	3
2	:invoke	:read	3
4	:invoke	:read	3
1	:invoke	:cas	[3 4]
3	:invoke	:write	3
4	:invoke	:write	3
6	:invoke	:write	2
3	:invoke	:write	0
0	:invoke	:write	2
0	:invoke	:read	2
4	:invoke	:read	2
0	:invoke	:read	2
7	:invoke	:write	0
11	:invoke	:cas	[0 0]
3	:invoke	:write	4
4	:invoke	:read	4
2	:invoke	:cas	[4 1]

led to state: 
{:value 1}

with pending operations:

World with fixed history:
3	:invoke	:write	0
0	:invoke	:write	3
2	:invoke	:read	nil
4	:invoke	:read	nil
4	:invoke	:write	0
2	:invoke	:read	0
0	:invoke	:write	2
3	:invoke	:read	2
1	:invoke	:write	4
0	:invoke	:read	4
1	:invoke	:write	2
4	:invoke	:write	1
0	:invoke	:read	1
3	:invoke	:read	1
1	:invoke	:write	2
2	:invoke	:cas	[2 3]
0	:invoke	:read	3
2	:invoke	:read	3
3	:invoke	:write	3
4	:invoke	:read	3
4	:invoke	:write	3
1	:invoke	:cas	[3 4]
3	:invoke	:write	0
0	:invoke	:write	2
0	:invoke	:read	2
4	:invoke	:read	2
7	:invoke	:write	0
6	:invoke	:write	2
0	:invoke	:read	2
3	:invoke	:write	4
4	:invoke	:read	4
2	:invoke	:cas	[4 1]

led to state: 
{:value 1}

with pending operations:
11	:invoke	:cas	[0 0]

World with fixed history:
0	:invoke	:write	3
3	:invoke	:write	0
2	:invoke	:read	nil
4	:invoke	:read	nil
2	:invoke	:read	0
4	:invoke	:write	0
0	:invoke	:write	2
3	:invoke	:read	2
1	:invoke	:write	4
0	:invoke	:read	4
1	:invoke	:write	2
4	:invoke	:write	1
0	:invoke	:read	1
3	:invoke	:read	1
1	:invoke	:write	2
2	:invoke	:cas	[2 3]
0	:invoke	:read	3
2	:invoke	:read	3
3	:invoke	:write	3
4	:invoke	:read	3
4	:invoke	:write	3
3	:invoke	:write	0
0	:invoke	:write	2
0	:invoke	:read	2
4	:invoke	:read	2
0	:invoke	:read	2
3	:invoke	:write	4
4	:invoke	:read	4
6	:invoke	:write	2

led to state: 
{:value 2}

with pending operations:
7	:invoke	:write	0
11	:invoke	:cas	[0 0]
2	:invoke	:cas	[4 1]
1	:invoke	:cas	[3 4]

World with fixed history:
4	:invoke	:read	nil
3	:invoke	:write	0
0	:invoke	:write	3
2	:invoke	:read	nil
4	:invoke	:write	0
2	:invoke	:read	0
0	:invoke	:write	2
3	:invoke	:read	2
1	:invoke	:write	4
0	:invoke	:read	4
1	:invoke	:write	2
4	:invoke	:write	1
0	:invoke	:read	1
3	:invoke	:read	1
1	:invoke	:write	2
2	:invoke	:cas	[2 3]
0	:invoke	:read	3
2	:invoke	:read	3
4	:invoke	:read	3
3	:invoke	:write	3
1	:invoke	:cas	[3 4]
2	:invoke	:cas	[4 1]
4	:invoke	:write	3
6	:invoke	:write	2
3	:invoke	:write	0
0	:invoke	:write	2
0	:invoke	:read	2
4	:invoke	:read	2
0	:invoke	:read	2
3	:invoke	:write	4
4	:invoke	:read	4

led to state: 
{:value 4}

with pending operations:
7	:invoke	:write	0
11	:invoke	:cas	[0 0]

World with fixed history:
4	:invoke	:read	nil
0	:invoke	:write	3
3	:invoke	:write	0
2	:invoke	:read	nil
4	:invoke	:write	0
2	:invoke	:read	0
0	:invoke	:write	2
3	:invoke	:read	2
1	:invoke	:write	4
0	:invoke	:read	4
1	:invoke	:write	2
4	:invoke	:write	1
0	:invoke	:read	1
3	:invoke	:read	1
1	:invoke	:write	2
2	:invoke	:cas	[2 3]
0	:invoke	:read	3
2	:invoke	:read	3
4	:invoke	:read	3
1	:invoke	:cas	[3 4]
3	:invoke	:write	3
4	:invoke	:write	3
3	:invoke	:write	0
0	:invoke	:write	2
0	:invoke	:read	2
4	:invoke	:read	2
0	:invoke	:read	2
6	:invoke	:write	2
3	:invoke	:write	4
4	:invoke	:read	4
2	:invoke	:cas	[4 1]
7	:invoke	:write	0

led to state: 
{:value 0}

with pending operations:
11	:invoke	:cas	[0 0]

World with fixed history:
4	:invoke	:read	nil
0	:invoke	:write	3
2	:invoke	:read	nil
3	:invoke	:write	0
2	:invoke	:read	0
4	:invoke	:write	0
0	:invoke	:write	2
3	:invoke	:read	2
1	:invoke	:write	4
0	:invoke	:read	4
1	:invoke	:write	2
4	:invoke	:write	1
0	:invoke	:read	1
3	:invoke	:read	1
1	:invoke	:write	2
2	:invoke	:cas	[2 3]
0	:invoke	:read	3
2	:invoke	:read	3
4	:invoke	:read	3
3	:invoke	:write	3
1	:invoke	:cas	[3 4]
2	:invoke	:cas	[4 1]
4	:invoke	:write	3
3	:invoke	:write	0
0	:invoke	:write	2
7	:invoke	:write	0
6	:invoke	:write	2
0	:invoke	:read	2
4	:invoke	:read	2
0	:invoke	:read	2
3	:invoke	:write	4
4	:invoke	:read	4

led to state: 
{:value 4}

with pending operations:
11	:invoke	:cas	[0 0]

World with fixed history:
0	:invoke	:write	3
2	:invoke	:read	nil
4	:invoke	:read	nil
3	:invoke	:write	0
2	:invoke	:read	0
4	:invoke	:write	0
0	:invoke	:write	2
3	:invoke	:read	2
1	:invoke	:write	4
0	:invoke	:read	4
1	:invoke	:write	2
4	:invoke	:write	1
0	:invoke	:read	1
3	:invoke	:read	1
1	:invoke	:write	2
2	:invoke	:cas	[2 3]
0	:invoke	:read	3
2	:invoke	:read	3
1	:invoke	:cas	[3 4]
3	:invoke	:write	3
4	:invoke	:read	3
4	:invoke	:write	3
3	:invoke	:write	0
6	:invoke	:write	2
0	:invoke	:write	2
0	:invoke	:read	2
4	:invoke	:read	2
0	:invoke	:read	2
7	:invoke	:write	0
3	:invoke	:write	4
4	:invoke	:read	4
2	:invoke	:cas	[4 1]

led to state: 
{:value 1}

with pending operations:
11	:invoke	:cas	[0 0]

World with fixed history:
3	:invoke	:write	0
0	:invoke	:write	3
4	:invoke	:read	nil
2	:invoke	:read	nil
4	:invoke	:write	0
2	:invoke	:read	0
0	:invoke	:write	2
3	:invoke	:read	2
1	:invoke	:write	4
0	:invoke	:read	4
1	:invoke	:write	2
4	:invoke	:write	1
0	:invoke	:read	1
3	:invoke	:read	1
1	:invoke	:write	2
2	:invoke	:cas	[2 3]
0	:invoke	:read	3
2	:invoke	:read	3
4	:invoke	:read	3
1	:invoke	:cas	[3 4]
3	:invoke	:write	3
4	:invoke	:write	3
3	:invoke	:write	0
0	:invoke	:write	2
0	:invoke	:read	2
4	:invoke	:read	2
0	:invoke	:read	2
7	:invoke	:write	0
6	:invoke	:write	2
3	:invoke	:write	4
4	:invoke	:read	4
2	:invoke	:cas	[4 1]

led to state: 
{:value 1}

with pending operations:
11	:invoke	:cas	[0 0]

World with fixed history:
3	:invoke	:write	0
2	:invoke	:read	nil
0	:invoke	:write	3
4	:invoke	:read	nil
4	:invoke	:write	0
2	:invoke	:read	0
0	:invoke	:write	2
3	:invoke	:read	2
1	:invoke	:write	4
0	:invoke	:read	4
1	:invoke	:write	2
4	:invoke	:write	1
0	:invoke	:read	1
3	:invoke	:read	1
1	:invoke	:write	2
2	:invoke	:cas	[2 3]
0	:invoke	:read	3
2	:invoke	:read	3
4	:invoke	:read	3
3	:invoke	:write	3
4	:invoke	:write	3
1	:invoke	:cas	[3 4]
3	:invoke	:write	0
0	:invoke	:write	2
0	:invoke	:read	2
4	:invoke	:read	2
0	:invoke	:read	2
7	:invoke	:write	0
6	:invoke	:write	2
3	:invoke	:write	4
4	:invoke	:read	4
2	:invoke	:cas	[4 1]

led to state: 
{:value 1}

with pending operations:
11	:invoke	:cas	[0 0]

World with fixed history:
0	:invoke	:write	3
2	:invoke	:read	nil
3	:invoke	:write	0
4	:invoke	:read	nil
2	:invoke	:read	0
4	:invoke	:write	0
0	:invoke	:write	2
3	:invoke	:read	2
1	:invoke	:write	4
0	:invoke	:read	4
1	:invoke	:write	2
4	:invoke	:write	1
0	:invoke	:read	1
3	:invoke	:read	1
1	:invoke	:write	2
2	:invoke	:cas	[2 3]
0	:invoke	:read	3
2	:invoke	:read	3
4	:invoke	:read	3
3	:invoke	:write	3
4	:invoke	:write	3
1	:invoke	:cas	[3 4]
2	:invoke	:cas	[4 1]
3	:invoke	:write	0
0	:invoke	:write	2
6	:invoke	:write	2
0	:invoke	:read	2
4	:invoke	:read	2
0	:invoke	:read	2
3	:invoke	:write	4
4	:invoke	:read	4
7	:invoke	:write	0

led to state: 
{:value 0}

with pending operations:
11	:invoke	:cas	[0 0]

World with fixed history:
0	:invoke	:write	3
3	:invoke	:write	0
4	:invoke	:read	nil
2	:invoke	:read	nil
4	:invoke	:write	0
2	:invoke	:read	0
0	:invoke	:write	2
3	:invoke	:read	2
1	:invoke	:write	4
0	:invoke	:read	4
1	:invoke	:write	2
4	:invoke	:write	1
0	:invoke	:read	1
3	:invoke	:read	1
1	:invoke	:write	2
2	:invoke	:cas	[2 3]
0	:invoke	:read	3
2	:invoke	:read	3
4	:invoke	:read	3
3	:invoke	:write	3
4	:invoke	:write	3
3	:invoke	:write	0
0	:invoke	:write	2
0	:invoke	:read	2
4	:invoke	:read	2
6	:invoke	:write	2
0	:invoke	:read	2
3	:invoke	:write	4
4	:invoke	:read	4
2	:invoke	:cas	[4 1]
7	:invoke	:write	0
11	:invoke	:cas	[0 0]

led to state: 
{:value 0}

with pending operations:
1	:invoke	:cas	[3 4]

World with fixed history:
0	:invoke	:write	3
3	:invoke	:write	0
4	:invoke	:read	nil
2	:invoke	:read	nil
2	:invoke	:read	0
4	:invoke	:write	0
0	:invoke	:write	2
3	:invoke	:read	2
1	:invoke	:write	4
0	:invoke	:read	4
1	:invoke	:write	2
4	:invoke	:write	1
0	:invoke	:read	1
3	:invoke	:read	1
1	:invoke	:write	2
2	:invoke	:cas	[2 3]
0	:invoke	:read	3
2	:invoke	:read	3
4	:invoke	:read	3
3	:invoke	:write	3
1	:invoke	:cas	[3 4]
4	:invoke	:write	3
3	:invoke	:write	0
6	:invoke	:write	2
0	:invoke	:write	2
0	:invoke	:read	2
4	:invoke	:read	2
0	:invoke	:read	2
7	:invoke	:write	0
3	:invoke	:write	4
4	:invoke	:read	4

led to state: 
{:value 4}

with pending operations:
11	:invoke	:cas	[0 0]
2	:invoke	:cas	[4 1]

World with fixed history:
2	:invoke	:read	nil
4	:invoke	:read	nil
0	:invoke	:write	3
3	:invoke	:write	0
2	:invoke	:read	0
4	:invoke	:write	0
0	:invoke	:write	2
3	:invoke	:read	2
1	:invoke	:write	4
0	:invoke	:read	4
1	:invoke	:write	2
4	:invoke	:write	1
0	:invoke	:read	1
3	:invoke	:read	1
1	:invoke	:write	2
2	:invoke	:cas	[2 3]
0	:invoke	:read	3
2	:invoke	:read	3
4	:invoke	:read	3
1	:invoke	:cas	[3 4]
3	:invoke	:write	3
4	:invoke	:write	3
3	:invoke	:write	0
0	:invoke	:write	2
6	:invoke	:write	2
0	:invoke	:read	2
4	:invoke	:read	2
0	:invoke	:read	2
3	:invoke	:write	4
4	:invoke	:read	4
7	:invoke	:write	0
11	:invoke	:cas	[0 0]

led to state: 
{:value 0}

with pending operations:
2	:invoke	:cas	[4 1]

World with fixed history:
4	:invoke	:read	nil
0	:invoke	:write	3
2	:invoke	:read	nil
3	:invoke	:write	0
4	:invoke	:write	0
2	:invoke	:read	0
0	:invoke	:write	2
3	:invoke	:read	2
1	:invoke	:write	4
0	:invoke	:read	4
1	:invoke	:write	2
4	:invoke	:write	1
0	:invoke	:read	1
3	:invoke	:read	1
1	:invoke	:write	2
2	:invoke	:cas	[2 3]
0	:invoke	:read	3
2	:invoke	:read	3
1	:invoke	:cas	[3 4]
3	:invoke	:write	3
4	:invoke	:read	3
4	:invoke	:write	3
3	:invoke	:write	0
0	:invoke	:write	2
0	:invoke	:read	2
4	:invoke	:read	2
0	:invoke	:read	2
6	:invoke	:write	2
7	:invoke	:write	0
3	:invoke	:write	4
4	:invoke	:read	4
2	:invoke	:cas	[4 1]

led to state: 
{:value 1}

with pending operations:
11	:invoke	:cas	[0 0]

World with fixed history:
0	:invoke	:write	3
4	:invoke	:read	nil
3	:invoke	:write	0
2	:invoke	:read	nil
2	:invoke	:read	0
4	:invoke	:write	0
0	:invoke	:write	2
3	:invoke	:read	2
1	:invoke	:write	4
0	:invoke	:read	4
1	:invoke	:write	2
4	:invoke	:write	1
0	:invoke	:read	1
3	:invoke	:read	1
1	:invoke	:write	2
2	:invoke	:cas	[2 3]
0	:invoke	:read	3
2	:invoke	:read	3
4	:invoke	:read	3
3	:invoke	:write	3
1	:invoke	:cas	[3 4]
4	:invoke	:write	3
3	:invoke	:write	0
0	:invoke	:write	2
0	:invoke	:read	2
4	:invoke	:read	2
0	:invoke	:read	2
7	:invoke	:write	0
11	:invoke	:cas	[0 0]
6	:invoke	:write	2
3	:invoke	:write	4
4	:invoke	:read	4
2	:invoke	:cas	[4 1]

led to state: 
{:value 1}

with pending operations:

(and 35248 more worlds, elided here)
--------------------------------------------------------------

Inconsistent state transitions:
([{:value 2} "can't read 3 from register 2"]
 [{:value 4} "can't read 3 from register 4"]
 [{:value 1} "can't read 3 from register 1"]
 [{:value 0} "can't read 3 from register 0"])

Ran 1 tests containing 1 assertions.
1 failures, 0 errors.
Error encountered performing task 'test' with profile(s): 'base,system,user,provided,dev,etcd'
Tests failed.
